<?xml version="1.0" encoding="UTF-8"?>
<testsuites name="Validate UI" time="326" tests="4" failures="3" errors="1">
   <testsuite name="Validate UI" tests="4" failures="3" errors="1" time="326" timestamp="2019-02-05 15:50:49" hostname="hiteshc - AOHYDLT0059.apporchid.com" id="Test Suites/Test Suite/Validate UI">
      <properties>
         <property name="deviceName" value=""/>
         <property name="devicePlatform" value=""/>
         <property name="logFolder" value="D:\\Katalon_Studio_Windows_64-5.10.1\\projects\\IR Project\\Reports\\Test Suite\\Validate UI\\20190205_153354"/>
         <property name="logFiles" value="D:\\Katalon_Studio_Windows_64-5.10.1\\projects\\IR Project\\Reports\\Test Suite\\Validate UI\\20190205_153354\\execution0.log"/>
         <property name="attachments" value="D:\\Katalon_Studio_Windows_64-5.10.1\\projects\\IR Project\\Reports\\Test Suite\\Validate UI\\20190205_153354\\1549362125698.png, D:\\Katalon_Studio_Windows_64-5.10.1\\projects\\IR Project\\Reports\\Test Suite\\Validate UI\\20190205_153354\\1549362167656.png, D:\\Katalon_Studio_Windows_64-5.10.1\\projects\\IR Project\\Reports\\Test Suite\\Validate UI\\20190205_153354\\1549362229521.png"/>
         <property name="hostName" value="hiteshc - AOHYDLT0059.apporchid.com"/>
         <property name="os" value="Windows 10 64bit"/>
         <property name="katalonVersion" value="5.10.1.1"/>
         <property name="browser" value="Edge 17"/>
         <property name="hostAddress" value="10.10.11.27"/>
         <property name="sessionId" value="7715DA32-B0E1-4DCA-8B4C-F0405D0F931D"/>
         <property name="seleniumVersion" value="3.7.1"/>
         <property name="proxyInformation" value="ProxyInformation{proxyOption=NO_PROXY, proxyServerType=HTTP, password=, proxyServerAddress=, proxyServerPort=0}"/>
         <property name="platform" value="Windows 10"/>
      </properties>
      <testcase name="Test Cases/TC001-Check Factsheet URL on home page" classname="Test Cases/TC001-Check Factsheet URL on home page" status="PASSED">
         <system-out><![CDATA[2019-02-05 15:50:50 - [TEST_CASE][PASSED] - Test Cases/TC001-Check Factsheet URL on home page: Test Cases/TC001-Check Factsheet URL on home page

2019-02-05 15:50:50 - [TEST_STEP][PASSED] - Start listener action : sampleBeforeTestCase: null

2019-02-05 15:50:50 - [TEST_STEP][PASSED] - if (getTestCaseId().contains("Sample Tests")): null

2019-02-05 15:50:50 - [TEST_STEP][PASSED] - callTestCase(findTestCase("TT001-Launch Application"), [:], STOP_ON_FAILURE): Call Test Case 'Test Cases/TT001-Launch Application' successfully

2019-02-05 15:50:50 - [TEST_CASE][PASSED] - Test Cases/TT001-Launch Application: Test Cases/TT001-Launch Application

2019-02-05 15:50:50 - [TEST_STEP][PASSED] - openBrowser(findTestData("URLs").getValue(1, 1)): Browser is opened with url: 'https://ir.amwater.com'

2019-02-05 15:50:51 - [MESSAGE][INFO] - Starting 'Edge' driver

2019-02-05 15:50:51 - [MESSAGE][INFO] - Action delay is set to 0 seconds

2019-02-05 15:51:21 - [MESSAGE][PASSED] - Browser is opened with url: 'https://ir.amwater.com'

2019-02-05 15:51:21 - [TEST_STEP][PASSED] - delay(10): Delayed 10 second(s)

2019-02-05 15:51:31 - [MESSAGE][PASSED] - Delayed 10 second(s)

2019-02-05 15:51:31 - [TEST_STEP][PASSED] - maximizeWindow(): Current window maximized

2019-02-05 15:51:31 - [MESSAGE][PASSED] - Current window maximized

2019-02-05 15:51:31 - [MESSAGE][PASSED] - Call Test Case 'Test Cases/TT001-Launch Application' successfully

2019-02-05 15:51:31 - [TEST_STEP][PASSED] - verifyElementPresent(findTestObject("Home Page/a_Fact Sheet"), 30): Object 'Object Repository/Home Page/a_Fact Sheet' is present

2019-02-05 15:51:31 - [MESSAGE][PASSED] - Object 'Object Repository/Home Page/a_Fact Sheet' is present

2019-02-05 15:51:31 - [TEST_STEP][PASSED] - click(findTestObject("Home Page/a_Fact Sheet")): Object: 'Object Repository/Home Page/a_Fact Sheet' is clicked on

2019-02-05 15:51:32 - [MESSAGE][PASSED] - Object: 'Object Repository/Home Page/a_Fact Sheet' is clicked on

2019-02-05 15:51:32 - [TEST_STEP][PASSED] - switchToWindowIndex(1): Switched to window with index: '1'

2019-02-05 15:51:32 - [MESSAGE][PASSED] - Switched to window with index: '1'

2019-02-05 15:51:32 - [TEST_STEP][PASSED] - waitForPageLoad(10): Wait for page load successfully

2019-02-05 15:51:33 - [MESSAGE][PASSED] - Wait for page load successfully

2019-02-05 15:51:33 - [TEST_STEP][PASSED] - maximizeWindow(): Current window maximized

2019-02-05 15:51:33 - [MESSAGE][PASSED] - Current window maximized

2019-02-05 15:51:33 - [TEST_STEP][PASSED] - ActualUrl = getUrl(): Current window's url is: 'https://ir.amwater.com/cp-content-ms/documents/259581/0/2018_FactSheet_Final.pdf/9af8b6a2-99ad-41f7-927d-cf12840d32ae'

2019-02-05 15:51:33 - [MESSAGE][PASSED] - Current window's url is: 'https://ir.amwater.com/cp-content-ms/documents/259581/0/2018_FactSheet_Final.pdf/9af8b6a2-99ad-41f7-927d-cf12840d32ae'

2019-02-05 15:51:33 - [TEST_STEP][PASSED] - ExpectedUrl = "https://ir.amwater.com/cp-content-ms/documents/259581/0/2018_FactSheet_Final.pdf/9af8b6a2-99ad-41f7-927d-cf12840d32ae": null

2019-02-05 15:51:33 - [TEST_STEP][PASSED] - if (ActualUrl.equals(ExpectedUrl)): URL for the factshet is as expected

2019-02-05 15:51:33 - [TEST_STEP][PASSED] - comment("URL for the factshet is as expected"): URL for the factshet is as expected

2019-02-05 15:51:33 - [MESSAGE][INFO] - URL for the factshet is as expected

2019-02-05 15:51:33 - [TEST_STEP][PASSED] - utilities.BasicFunctions.closeApplication(): utilities.BasicFunctions.closeApplication is PASSED

2019-02-05 15:51:34 - [MESSAGE][PASSED] - Browser is closed

2019-02-05 15:51:34 - [MESSAGE][PASSED] - utilities.BasicFunctions.closeApplication is PASSED

2019-02-05 15:51:34 - [TEST_STEP][PASSED] - markPassed("Test completed succesfully!"): Test completed succesfully!

2019-02-05 15:51:34 - [MESSAGE][PASSED] - Test completed succesfully!

2019-02-05 15:51:34 - [TEST_STEP][PASSED] - Start listener action : sampleAfterTestCase: null

2019-02-05 15:51:34 - [TEST_STEP][PASSED] - if (getTestCaseId().contains("Sample Tests")): null]]></system-out>
         <system-err><![CDATA[]]></system-err>
      </testcase>
      <testcase name="Test Cases/TC002-Check Tooltips on Historical Pricing" classname="Test Cases/TC002-Check Tooltips on Historical Pricing" status="FAILED">
         <failure type="FAILED" message="Test Cases/TC002-Check Tooltips on Historical Pricing FAILED.
Reason:
com.kms.katalon.core.exception.StepFailedException: Unable to click on object 'Object Repository/Factsheet_mobile/Page_Investor Relations/i_Investing With Us_fas fa-bar' (Root cause: org.openqa.selenium.WebDriverException: Unknown error (WARNING: The server did not provide any stacktrace information)
Command duration or timeout: 0 milliseconds
Build info: version: '3.7.1', revision: '8a0099a', time: '2017-11-06T21:07:36.161Z'
System info: host: 'AOHYDLT0059', ip: '10.10.11.27', os.name: 'Windows 10', os.arch: 'amd64', os.version: '10.0', java.version: '1.8.0_181'
Driver info: com.kms.katalon.selenium.driver.CEdgeDriver
Capabilities {InPrivate: false, acceptSslCerts: true, applicationCacheEnabled: true, browserName: MicrosoftEdge, browserVersion: 42.17134.1.0, javascriptEnabled: true, locationContextEnabled: true, pageLoadStrategy: normal, platform: WINDOWS, platformName: WINDOWS, platformVersion: 10, takesElementScreenshot: true, takesScreenshot: true, webStorageEnabled: true}
Session ID: 855F5443-4791-44E2-8B16-8C658C809BCD)
	at com.kms.katalon.core.keyword.internal.KeywordMain.stepFailed(KeywordMain.groovy:36)
	at com.kms.katalon.core.webui.keyword.internal.WebUIKeywordMain.stepFailed(WebUIKeywordMain.groovy:65)
	at com.kms.katalon.core.webui.keyword.internal.WebUIKeywordMain.runKeyword(WebUIKeywordMain.groovy:27)
	at com.kms.katalon.core.webui.keyword.builtin.ClickKeyword.click(ClickKeyword.groovy:86)
	at com.kms.katalon.core.webui.keyword.builtin.ClickKeyword.execute(ClickKeyword.groovy:67)
	at com.kms.katalon.core.keyword.internal.KeywordExecutor.executeKeywordForPlatform(KeywordExecutor.groovy:53)
	at com.kms.katalon.core.webui.keyword.WebUiBuiltInKeywords.click(WebUiBuiltInKeywords.groovy:616)
	at com.kms.katalon.core.webui.keyword.WebUiBuiltInKeywords$click$2.call(Unknown Source)
	at TC002-Check Tooltips on Historical Pricing.run(TC002-Check Tooltips on Historical Pricing:20)
	at com.kms.katalon.core.main.ScriptEngine.run(ScriptEngine.java:194)
	at com.kms.katalon.core.main.ScriptEngine.runScriptAsRawText(ScriptEngine.java:119)
	at com.kms.katalon.core.main.TestCaseExecutor.runScript(TestCaseExecutor.java:328)
	at com.kms.katalon.core.main.TestCaseExecutor.doExecute(TestCaseExecutor.java:319)
	at com.kms.katalon.core.main.TestCaseExecutor.processExecutionPhase(TestCaseExecutor.java:298)
	at com.kms.katalon.core.main.TestCaseExecutor.accessMainPhase(TestCaseExecutor.java:290)
	at com.kms.katalon.core.main.TestCaseExecutor.execute(TestCaseExecutor.java:224)
	at com.kms.katalon.core.main.TestSuiteExecutor.accessTestCaseMainPhase(TestSuiteExecutor.java:129)
	at com.kms.katalon.core.main.TestSuiteExecutor.accessTestSuiteMainPhase(TestSuiteExecutor.java:112)
	at com.kms.katalon.core.main.TestSuiteExecutor.execute(TestSuiteExecutor.java:81)
	at com.kms.katalon.core.main.TestCaseMain.startTestSuite(TestCaseMain.java:149)
	at com.kms.katalon.core.main.TestCaseMain$startTestSuite$0.call(Unknown Source)
	at TempTestSuite1549361034091.run(TempTestSuite1549361034091.groovy:36)
"/>
         <system-out><![CDATA[2019-02-05 15:51:36 - [TEST_CASE][FAILED] - Test Cases/TC002-Check Tooltips on Historical Pricing: Test Cases/TC002-Check Tooltips on Historical Pricing FAILED.
Reason:
com.kms.katalon.core.exception.StepFailedException: Unable to click on object 'Object Repository/Factsheet_mobile/Page_Investor Relations/i_Investing With Us_fas fa-bar' (Root cause: org.openqa.selenium.WebDriverException: Unknown error (WARNING: The server did not provide any stacktrace information)
Command duration or timeout: 0 milliseconds
Build info: version: '3.7.1', revision: '8a0099a', time: '2017-11-06T21:07:36.161Z'
System info: host: 'AOHYDLT0059', ip: '10.10.11.27', os.name: 'Windows 10', os.arch: 'amd64', os.version: '10.0', java.version: '1.8.0_181'
Driver info: com.kms.katalon.selenium.driver.CEdgeDriver
Capabilities {InPrivate: false, acceptSslCerts: true, applicationCacheEnabled: true, browserName: MicrosoftEdge, browserVersion: 42.17134.1.0, javascriptEnabled: true, locationContextEnabled: true, pageLoadStrategy: normal, platform: WINDOWS, platformName: WINDOWS, platformVersion: 10, takesElementScreenshot: true, takesScreenshot: true, webStorageEnabled: true}
Session ID: 855F5443-4791-44E2-8B16-8C658C809BCD)
	at com.kms.katalon.core.keyword.internal.KeywordMain.stepFailed(KeywordMain.groovy:36)
	at com.kms.katalon.core.webui.keyword.internal.WebUIKeywordMain.stepFailed(WebUIKeywordMain.groovy:65)
	at com.kms.katalon.core.webui.keyword.internal.WebUIKeywordMain.runKeyword(WebUIKeywordMain.groovy:27)
	at com.kms.katalon.core.webui.keyword.builtin.ClickKeyword.click(ClickKeyword.groovy:86)
	at com.kms.katalon.core.webui.keyword.builtin.ClickKeyword.execute(ClickKeyword.groovy:67)
	at com.kms.katalon.core.keyword.internal.KeywordExecutor.executeKeywordForPlatform(KeywordExecutor.groovy:53)
	at com.kms.katalon.core.webui.keyword.WebUiBuiltInKeywords.click(WebUiBuiltInKeywords.groovy:616)
	at com.kms.katalon.core.webui.keyword.WebUiBuiltInKeywords$click$2.call(Unknown Source)
	at TC002-Check Tooltips on Historical Pricing.run(TC002-Check Tooltips on Historical Pricing:20)
	at com.kms.katalon.core.main.ScriptEngine.run(ScriptEngine.java:194)
	at com.kms.katalon.core.main.ScriptEngine.runScriptAsRawText(ScriptEngine.java:119)
	at com.kms.katalon.core.main.TestCaseExecutor.runScript(TestCaseExecutor.java:328)
	at com.kms.katalon.core.main.TestCaseExecutor.doExecute(TestCaseExecutor.java:319)
	at com.kms.katalon.core.main.TestCaseExecutor.processExecutionPhase(TestCaseExecutor.java:298)
	at com.kms.katalon.core.main.TestCaseExecutor.accessMainPhase(TestCaseExecutor.java:290)
	at com.kms.katalon.core.main.TestCaseExecutor.execute(TestCaseExecutor.java:224)
	at com.kms.katalon.core.main.TestSuiteExecutor.accessTestCaseMainPhase(TestSuiteExecutor.java:129)
	at com.kms.katalon.core.main.TestSuiteExecutor.accessTestSuiteMainPhase(TestSuiteExecutor.java:112)
	at com.kms.katalon.core.main.TestSuiteExecutor.execute(TestSuiteExecutor.java:81)
	at com.kms.katalon.core.main.TestCaseMain.startTestSuite(TestCaseMain.java:149)
	at com.kms.katalon.core.main.TestCaseMain$startTestSuite$0.call(Unknown Source)
	at TempTestSuite1549361034091.run(TempTestSuite1549361034091.groovy:36)


2019-02-05 15:51:36 - [TEST_STEP][PASSED] - Start listener action : sampleBeforeTestCase: null

2019-02-05 15:51:36 - [TEST_STEP][PASSED] - if (getTestCaseId().contains("Sample Tests")): null

2019-02-05 15:51:36 - [TEST_STEP][PASSED] - openBrowser(""): Browser is opened with url: ''

2019-02-05 15:51:36 - [MESSAGE][INFO] - Starting 'Edge' driver

2019-02-05 15:51:59 - [MESSAGE][PASSED] - Browser is opened with url: ''

2019-02-05 15:51:59 - [TEST_STEP][PASSED] - navigateToUrl("https://ir.amwater.com/#/home"): Navigate to 'https://ir.amwater.com/#/home' successfully

2019-02-05 15:52:05 - [MESSAGE][PASSED] - Navigate to 'https://ir.amwater.com/#/home' successfully

2019-02-05 15:52:05 - [TEST_STEP][FAILED] - click(findTestObject("Object Repository/Factsheet_mobile/Page_Investor Relations/i_Investing With Us_fas fa-bar")): click(findTestObject("Object Repository/Factsheet_mobile/Page_Investor Relations/i_Investing With Us_fas fa-bar")) FAILED.
Reason:
com.kms.katalon.core.exception.StepFailedException: Unable to click on object 'Object Repository/Factsheet_mobile/Page_Investor Relations/i_Investing With Us_fas fa-bar' (Root cause: org.openqa.selenium.WebDriverException: Unknown error (WARNING: The server did not provide any stacktrace information)
Command duration or timeout: 0 milliseconds
Build info: version: '3.7.1', revision: '8a0099a', time: '2017-11-06T21:07:36.161Z'
System info: host: 'AOHYDLT0059', ip: '10.10.11.27', os.name: 'Windows 10', os.arch: 'amd64', os.version: '10.0', java.version: '1.8.0_181'
Driver info: com.kms.katalon.selenium.driver.CEdgeDriver
Capabilities {InPrivate: false, acceptSslCerts: true, applicationCacheEnabled: true, browserName: MicrosoftEdge, browserVersion: 42.17134.1.0, javascriptEnabled: true, locationContextEnabled: true, pageLoadStrategy: normal, platform: WINDOWS, platformName: WINDOWS, platformVersion: 10, takesElementScreenshot: true, takesScreenshot: true, webStorageEnabled: true}
Session ID: 855F5443-4791-44E2-8B16-8C658C809BCD)
	at com.kms.katalon.core.keyword.internal.KeywordMain.stepFailed(KeywordMain.groovy:36)
	at com.kms.katalon.core.webui.keyword.internal.WebUIKeywordMain.stepFailed(WebUIKeywordMain.groovy:65)
	at com.kms.katalon.core.webui.keyword.internal.WebUIKeywordMain.runKeyword(WebUIKeywordMain.groovy:27)
	at com.kms.katalon.core.webui.keyword.builtin.ClickKeyword.click(ClickKeyword.groovy:86)
	at com.kms.katalon.core.webui.keyword.builtin.ClickKeyword.execute(ClickKeyword.groovy:67)
	at com.kms.katalon.core.keyword.internal.KeywordExecutor.executeKeywordForPlatform(KeywordExecutor.groovy:53)
	at com.kms.katalon.core.webui.keyword.WebUiBuiltInKeywords.click(WebUiBuiltInKeywords.groovy:616)
	at com.kms.katalon.core.webui.keyword.WebUiBuiltInKeywords$click$2.call(Unknown Source)
	at TC002-Check Tooltips on Historical Pricing.run(TC002-Check Tooltips on Historical Pricing:20)
	at com.kms.katalon.core.main.ScriptEngine.run(ScriptEngine.java:194)
	at com.kms.katalon.core.main.ScriptEngine.runScriptAsRawText(ScriptEngine.java:119)
	at com.kms.katalon.core.main.TestCaseExecutor.runScript(TestCaseExecutor.java:328)
	at com.kms.katalon.core.main.TestCaseExecutor.doExecute(TestCaseExecutor.java:319)
	at com.kms.katalon.core.main.TestCaseExecutor.processExecutionPhase(TestCaseExecutor.java:298)
	at com.kms.katalon.core.main.TestCaseExecutor.accessMainPhase(TestCaseExecutor.java:290)
	at com.kms.katalon.core.main.TestCaseExecutor.execute(TestCaseExecutor.java:224)
	at com.kms.katalon.core.main.TestSuiteExecutor.accessTestCaseMainPhase(TestSuiteExecutor.java:129)
	at com.kms.katalon.core.main.TestSuiteExecutor.accessTestSuiteMainPhase(TestSuiteExecutor.java:112)
	at com.kms.katalon.core.main.TestSuiteExecutor.execute(TestSuiteExecutor.java:81)
	at com.kms.katalon.core.main.TestCaseMain.startTestSuite(TestCaseMain.java:149)
	at com.kms.katalon.core.main.TestCaseMain$startTestSuite$0.call(Unknown Source)
	at TempTestSuite1549361034091.run(TempTestSuite1549361034091.groovy:36)


2019-02-05 15:52:05 - [MESSAGE][FAILED] - Unable to click on object 'Object Repository/Factsheet_mobile/Page_Investor Relations/i_Investing With Us_fas fa-bar' (Root cause: org.openqa.selenium.WebDriverException: Unknown error (WARNING: The server did not provide any stacktrace information)
Command duration or timeout: 0 milliseconds
Build info: version: '3.7.1', revision: '8a0099a', time: '2017-11-06T21:07:36.161Z'
System info: host: 'AOHYDLT0059', ip: '10.10.11.27', os.name: 'Windows 10', os.arch: 'amd64', os.version: '10.0', java.version: '1.8.0_181'
Driver info: com.kms.katalon.selenium.driver.CEdgeDriver
Capabilities {InPrivate: false, acceptSslCerts: true, applicationCacheEnabled: true, browserName: MicrosoftEdge, browserVersion: 42.17134.1.0, javascriptEnabled: true, locationContextEnabled: true, pageLoadStrategy: normal, platform: WINDOWS, platformName: WINDOWS, platformVersion: 10, takesElementScreenshot: true, takesScreenshot: true, webStorageEnabled: true}
Session ID: 855F5443-4791-44E2-8B16-8C658C809BCD)
[[ATTACHMENT|D:\\Katalon_Studio_Windows_64-5.10.1\\projects\\IR Project\\Reports\\Test Suite\\Validate UI\\20190205_153354\\1549362125698.png]]

2019-02-05 15:52:05 - [MESSAGE][FAILED] - click(findTestObject("Object Repository/Factsheet_mobile/Page_Investor Relations/i_Investing With Us_fas fa-bar")) FAILED.
Reason:
com.kms.katalon.core.exception.StepFailedException: Unable to click on object 'Object Repository/Factsheet_mobile/Page_Investor Relations/i_Investing With Us_fas fa-bar' (Root cause: org.openqa.selenium.WebDriverException: Unknown error (WARNING: The server did not provide any stacktrace information)
Command duration or timeout: 0 milliseconds
Build info: version: '3.7.1', revision: '8a0099a', time: '2017-11-06T21:07:36.161Z'
System info: host: 'AOHYDLT0059', ip: '10.10.11.27', os.name: 'Windows 10', os.arch: 'amd64', os.version: '10.0', java.version: '1.8.0_181'
Driver info: com.kms.katalon.selenium.driver.CEdgeDriver
Capabilities {InPrivate: false, acceptSslCerts: true, applicationCacheEnabled: true, browserName: MicrosoftEdge, browserVersion: 42.17134.1.0, javascriptEnabled: true, locationContextEnabled: true, pageLoadStrategy: normal, platform: WINDOWS, platformName: WINDOWS, platformVersion: 10, takesElementScreenshot: true, takesScreenshot: true, webStorageEnabled: true}
Session ID: 855F5443-4791-44E2-8B16-8C658C809BCD)
	at com.kms.katalon.core.keyword.internal.KeywordMain.stepFailed(KeywordMain.groovy:36)
	at com.kms.katalon.core.webui.keyword.internal.WebUIKeywordMain.stepFailed(WebUIKeywordMain.groovy:65)
	at com.kms.katalon.core.webui.keyword.internal.WebUIKeywordMain.runKeyword(WebUIKeywordMain.groovy:27)
	at com.kms.katalon.core.webui.keyword.builtin.ClickKeyword.click(ClickKeyword.groovy:86)
	at com.kms.katalon.core.webui.keyword.builtin.ClickKeyword.execute(ClickKeyword.groovy:67)
	at com.kms.katalon.core.keyword.internal.KeywordExecutor.executeKeywordForPlatform(KeywordExecutor.groovy:53)
	at com.kms.katalon.core.webui.keyword.WebUiBuiltInKeywords.click(WebUiBuiltInKeywords.groovy:616)
	at com.kms.katalon.core.webui.keyword.WebUiBuiltInKeywords$click$2.call(Unknown Source)
	at TC002-Check Tooltips on Historical Pricing.run(TC002-Check Tooltips on Historical Pricing:20)
	at com.kms.katalon.core.main.ScriptEngine.run(ScriptEngine.java:194)
	at com.kms.katalon.core.main.ScriptEngine.runScriptAsRawText(ScriptEngine.java:119)
	at com.kms.katalon.core.main.TestCaseExecutor.runScript(TestCaseExecutor.java:328)
	at com.kms.katalon.core.main.TestCaseExecutor.doExecute(TestCaseExecutor.java:319)
	at com.kms.katalon.core.main.TestCaseExecutor.processExecutionPhase(TestCaseExecutor.java:298)
	at com.kms.katalon.core.main.TestCaseExecutor.accessMainPhase(TestCaseExecutor.java:290)
	at com.kms.katalon.core.main.TestCaseExecutor.execute(TestCaseExecutor.java:224)
	at com.kms.katalon.core.main.TestSuiteExecutor.accessTestCaseMainPhase(TestSuiteExecutor.java:129)
	at com.kms.katalon.core.main.TestSuiteExecutor.accessTestSuiteMainPhase(TestSuiteExecutor.java:112)
	at com.kms.katalon.core.main.TestSuiteExecutor.execute(TestSuiteExecutor.java:81)
	at com.kms.katalon.core.main.TestCaseMain.startTestSuite(TestCaseMain.java:149)
	at com.kms.katalon.core.main.TestCaseMain$startTestSuite$0.call(Unknown Source)
	at TempTestSuite1549361034091.run(TempTestSuite1549361034091.groovy:36)


2019-02-05 15:52:05 - [TEST_STEP][PASSED] - Start listener action : sampleAfterTestCase: null

2019-02-05 15:52:05 - [TEST_STEP][PASSED] - if (getTestCaseId().contains("Sample Tests")): null]]></system-out>
         <system-err><![CDATA[2019-02-05 15:51:36 - [TEST_CASE][FAILED] - Test Cases/TC002-Check Tooltips on Historical Pricing: Test Cases/TC002-Check Tooltips on Historical Pricing FAILED.
Reason:
com.kms.katalon.core.exception.StepFailedException: Unable to click on object 'Object Repository/Factsheet_mobile/Page_Investor Relations/i_Investing With Us_fas fa-bar' (Root cause: org.openqa.selenium.WebDriverException: Unknown error (WARNING: The server did not provide any stacktrace information)
Command duration or timeout: 0 milliseconds
Build info: version: '3.7.1', revision: '8a0099a', time: '2017-11-06T21:07:36.161Z'
System info: host: 'AOHYDLT0059', ip: '10.10.11.27', os.name: 'Windows 10', os.arch: 'amd64', os.version: '10.0', java.version: '1.8.0_181'
Driver info: com.kms.katalon.selenium.driver.CEdgeDriver
Capabilities {InPrivate: false, acceptSslCerts: true, applicationCacheEnabled: true, browserName: MicrosoftEdge, browserVersion: 42.17134.1.0, javascriptEnabled: true, locationContextEnabled: true, pageLoadStrategy: normal, platform: WINDOWS, platformName: WINDOWS, platformVersion: 10, takesElementScreenshot: true, takesScreenshot: true, webStorageEnabled: true}
Session ID: 855F5443-4791-44E2-8B16-8C658C809BCD)
	at com.kms.katalon.core.keyword.internal.KeywordMain.stepFailed(KeywordMain.groovy:36)
	at com.kms.katalon.core.webui.keyword.internal.WebUIKeywordMain.stepFailed(WebUIKeywordMain.groovy:65)
	at com.kms.katalon.core.webui.keyword.internal.WebUIKeywordMain.runKeyword(WebUIKeywordMain.groovy:27)
	at com.kms.katalon.core.webui.keyword.builtin.ClickKeyword.click(ClickKeyword.groovy:86)
	at com.kms.katalon.core.webui.keyword.builtin.ClickKeyword.execute(ClickKeyword.groovy:67)
	at com.kms.katalon.core.keyword.internal.KeywordExecutor.executeKeywordForPlatform(KeywordExecutor.groovy:53)
	at com.kms.katalon.core.webui.keyword.WebUiBuiltInKeywords.click(WebUiBuiltInKeywords.groovy:616)
	at com.kms.katalon.core.webui.keyword.WebUiBuiltInKeywords$click$2.call(Unknown Source)
	at TC002-Check Tooltips on Historical Pricing.run(TC002-Check Tooltips on Historical Pricing:20)
	at com.kms.katalon.core.main.ScriptEngine.run(ScriptEngine.java:194)
	at com.kms.katalon.core.main.ScriptEngine.runScriptAsRawText(ScriptEngine.java:119)
	at com.kms.katalon.core.main.TestCaseExecutor.runScript(TestCaseExecutor.java:328)
	at com.kms.katalon.core.main.TestCaseExecutor.doExecute(TestCaseExecutor.java:319)
	at com.kms.katalon.core.main.TestCaseExecutor.processExecutionPhase(TestCaseExecutor.java:298)
	at com.kms.katalon.core.main.TestCaseExecutor.accessMainPhase(TestCaseExecutor.java:290)
	at com.kms.katalon.core.main.TestCaseExecutor.execute(TestCaseExecutor.java:224)
	at com.kms.katalon.core.main.TestSuiteExecutor.accessTestCaseMainPhase(TestSuiteExecutor.java:129)
	at com.kms.katalon.core.main.TestSuiteExecutor.accessTestSuiteMainPhase(TestSuiteExecutor.java:112)
	at com.kms.katalon.core.main.TestSuiteExecutor.execute(TestSuiteExecutor.java:81)
	at com.kms.katalon.core.main.TestCaseMain.startTestSuite(TestCaseMain.java:149)
	at com.kms.katalon.core.main.TestCaseMain$startTestSuite$0.call(Unknown Source)
	at TempTestSuite1549361034091.run(TempTestSuite1549361034091.groovy:36)]]></system-err>
      </testcase>
      <testcase name="Test Cases/TC003-Verify Header Menu Links are available" classname="Test Cases/TC003-Verify Header Menu Links are available" status="FAILED">
         <failure type="FAILED" message="Test Cases/TC003-Verify Header Menu Links are available FAILED.
Reason:
com.kms.katalon.core.exception.StepFailedException: Unable to click on object 'Object Repository/Menu_SubMenu_Links/a_Investment Calculator' (Root cause: org.openqa.selenium.WebDriverException: Unknown error (WARNING: The server did not provide any stacktrace information)
Command duration or timeout: 0 milliseconds
Build info: version: '3.7.1', revision: '8a0099a', time: '2017-11-06T21:07:36.161Z'
System info: host: 'AOHYDLT0059', ip: '10.10.11.27', os.name: 'Windows 10', os.arch: 'amd64', os.version: '10.0', java.version: '1.8.0_181'
Driver info: com.kms.katalon.selenium.driver.CEdgeDriver
Capabilities {InPrivate: false, acceptSslCerts: true, applicationCacheEnabled: true, browserName: MicrosoftEdge, browserVersion: 42.17134.1.0, javascriptEnabled: true, locationContextEnabled: true, pageLoadStrategy: normal, platform: WINDOWS, platformName: WINDOWS, platformVersion: 10, takesElementScreenshot: true, takesScreenshot: true, webStorageEnabled: true}
Session ID: 005FD72D-19ED-4CAB-BC9C-653370B15DE1)
	at com.kms.katalon.core.keyword.internal.KeywordMain.stepFailed(KeywordMain.groovy:36)
	at com.kms.katalon.core.webui.keyword.internal.WebUIKeywordMain.stepFailed(WebUIKeywordMain.groovy:65)
	at com.kms.katalon.core.webui.keyword.internal.WebUIKeywordMain.runKeyword(WebUIKeywordMain.groovy:27)
	at com.kms.katalon.core.webui.keyword.builtin.ClickKeyword.click(ClickKeyword.groovy:86)
	at com.kms.katalon.core.webui.keyword.builtin.ClickKeyword.execute(ClickKeyword.groovy:67)
	at com.kms.katalon.core.keyword.internal.KeywordExecutor.executeKeywordForPlatform(KeywordExecutor.groovy:53)
	at com.kms.katalon.core.webui.keyword.WebUiBuiltInKeywords.click(WebUiBuiltInKeywords.groovy:616)
	at com.kms.katalon.core.webui.keyword.WebUiBuiltInKeywords$click$2.call(Unknown Source)
	at TC003-Verify Header Menu Links are available.run(TC003-Verify Header Menu Links are available:22)
	at com.kms.katalon.core.main.ScriptEngine.run(ScriptEngine.java:194)
	at com.kms.katalon.core.main.ScriptEngine.runScriptAsRawText(ScriptEngine.java:119)
	at com.kms.katalon.core.main.TestCaseExecutor.runScript(TestCaseExecutor.java:328)
	at com.kms.katalon.core.main.TestCaseExecutor.doExecute(TestCaseExecutor.java:319)
	at com.kms.katalon.core.main.TestCaseExecutor.processExecutionPhase(TestCaseExecutor.java:298)
	at com.kms.katalon.core.main.TestCaseExecutor.accessMainPhase(TestCaseExecutor.java:290)
	at com.kms.katalon.core.main.TestCaseExecutor.execute(TestCaseExecutor.java:224)
	at com.kms.katalon.core.main.TestSuiteExecutor.accessTestCaseMainPhase(TestSuiteExecutor.java:129)
	at com.kms.katalon.core.main.TestSuiteExecutor.accessTestSuiteMainPhase(TestSuiteExecutor.java:112)
	at com.kms.katalon.core.main.TestSuiteExecutor.execute(TestSuiteExecutor.java:81)
	at com.kms.katalon.core.main.TestCaseMain.startTestSuite(TestCaseMain.java:149)
	at com.kms.katalon.core.main.TestCaseMain$startTestSuite$0.call(Unknown Source)
	at TempTestSuite1549361034091.run(TempTestSuite1549361034091.groovy:36)
"/>
         <system-out><![CDATA[2019-02-05 15:52:07 - [TEST_CASE][FAILED] - Test Cases/TC003-Verify Header Menu Links are available: Test Cases/TC003-Verify Header Menu Links are available FAILED.
Reason:
com.kms.katalon.core.exception.StepFailedException: Unable to click on object 'Object Repository/Menu_SubMenu_Links/a_Investment Calculator' (Root cause: org.openqa.selenium.WebDriverException: Unknown error (WARNING: The server did not provide any stacktrace information)
Command duration or timeout: 0 milliseconds
Build info: version: '3.7.1', revision: '8a0099a', time: '2017-11-06T21:07:36.161Z'
System info: host: 'AOHYDLT0059', ip: '10.10.11.27', os.name: 'Windows 10', os.arch: 'amd64', os.version: '10.0', java.version: '1.8.0_181'
Driver info: com.kms.katalon.selenium.driver.CEdgeDriver
Capabilities {InPrivate: false, acceptSslCerts: true, applicationCacheEnabled: true, browserName: MicrosoftEdge, browserVersion: 42.17134.1.0, javascriptEnabled: true, locationContextEnabled: true, pageLoadStrategy: normal, platform: WINDOWS, platformName: WINDOWS, platformVersion: 10, takesElementScreenshot: true, takesScreenshot: true, webStorageEnabled: true}
Session ID: 005FD72D-19ED-4CAB-BC9C-653370B15DE1)
	at com.kms.katalon.core.keyword.internal.KeywordMain.stepFailed(KeywordMain.groovy:36)
	at com.kms.katalon.core.webui.keyword.internal.WebUIKeywordMain.stepFailed(WebUIKeywordMain.groovy:65)
	at com.kms.katalon.core.webui.keyword.internal.WebUIKeywordMain.runKeyword(WebUIKeywordMain.groovy:27)
	at com.kms.katalon.core.webui.keyword.builtin.ClickKeyword.click(ClickKeyword.groovy:86)
	at com.kms.katalon.core.webui.keyword.builtin.ClickKeyword.execute(ClickKeyword.groovy:67)
	at com.kms.katalon.core.keyword.internal.KeywordExecutor.executeKeywordForPlatform(KeywordExecutor.groovy:53)
	at com.kms.katalon.core.webui.keyword.WebUiBuiltInKeywords.click(WebUiBuiltInKeywords.groovy:616)
	at com.kms.katalon.core.webui.keyword.WebUiBuiltInKeywords$click$2.call(Unknown Source)
	at TC003-Verify Header Menu Links are available.run(TC003-Verify Header Menu Links are available:22)
	at com.kms.katalon.core.main.ScriptEngine.run(ScriptEngine.java:194)
	at com.kms.katalon.core.main.ScriptEngine.runScriptAsRawText(ScriptEngine.java:119)
	at com.kms.katalon.core.main.TestCaseExecutor.runScript(TestCaseExecutor.java:328)
	at com.kms.katalon.core.main.TestCaseExecutor.doExecute(TestCaseExecutor.java:319)
	at com.kms.katalon.core.main.TestCaseExecutor.processExecutionPhase(TestCaseExecutor.java:298)
	at com.kms.katalon.core.main.TestCaseExecutor.accessMainPhase(TestCaseExecutor.java:290)
	at com.kms.katalon.core.main.TestCaseExecutor.execute(TestCaseExecutor.java:224)
	at com.kms.katalon.core.main.TestSuiteExecutor.accessTestCaseMainPhase(TestSuiteExecutor.java:129)
	at com.kms.katalon.core.main.TestSuiteExecutor.accessTestSuiteMainPhase(TestSuiteExecutor.java:112)
	at com.kms.katalon.core.main.TestSuiteExecutor.execute(TestSuiteExecutor.java:81)
	at com.kms.katalon.core.main.TestCaseMain.startTestSuite(TestCaseMain.java:149)
	at com.kms.katalon.core.main.TestCaseMain$startTestSuite$0.call(Unknown Source)
	at TempTestSuite1549361034091.run(TempTestSuite1549361034091.groovy:36)


2019-02-05 15:52:07 - [TEST_STEP][PASSED] - Start listener action : sampleBeforeTestCase: null

2019-02-05 15:52:07 - [TEST_STEP][PASSED] - if (getTestCaseId().contains("Sample Tests")): null

2019-02-05 15:52:08 - [TEST_STEP][PASSED] - callTestCase(findTestCase("TT001-Launch Application"), [:], STOP_ON_FAILURE): Call Test Case 'Test Cases/TT001-Launch Application' successfully

2019-02-05 15:52:08 - [TEST_CASE][PASSED] - Test Cases/TT001-Launch Application: Test Cases/TT001-Launch Application

2019-02-05 15:52:08 - [TEST_STEP][PASSED] - openBrowser(findTestData("URLs").getValue(1, 1)): Browser is opened with url: 'https://ir.amwater.com'

2019-02-05 15:52:08 - [MESSAGE][WARNING] - A browser is already opened. Closing browser and opening a new one

2019-02-05 15:52:09 - [MESSAGE][INFO] - Starting 'Edge' driver

2019-02-05 15:52:37 - [MESSAGE][PASSED] - Browser is opened with url: 'https://ir.amwater.com'

2019-02-05 15:52:37 - [TEST_STEP][PASSED] - delay(10): Delayed 10 second(s)

2019-02-05 15:52:47 - [MESSAGE][PASSED] - Delayed 10 second(s)

2019-02-05 15:52:47 - [TEST_STEP][PASSED] - maximizeWindow(): Current window maximized

2019-02-05 15:52:47 - [MESSAGE][PASSED] - Current window maximized

2019-02-05 15:52:47 - [MESSAGE][PASSED] - Call Test Case 'Test Cases/TT001-Launch Application' successfully

2019-02-05 15:52:47 - [TEST_STEP][PASSED] - mouseOver(findTestObject("Menu_SubMenu_Links/a_Investing With Us")): Object: 'Object Repository/Menu_SubMenu_Links/a_Investing With Us' is hovered

2019-02-05 15:52:47 - [MESSAGE][PASSED] - Object: 'Object Repository/Menu_SubMenu_Links/a_Investing With Us' is hovered

2019-02-05 15:52:47 - [TEST_STEP][FAILED] - click(findTestObject("Menu_SubMenu_Links/a_Investment Calculator")): click(findTestObject("Menu_SubMenu_Links/a_Investment Calculator")) FAILED.
Reason:
com.kms.katalon.core.exception.StepFailedException: Unable to click on object 'Object Repository/Menu_SubMenu_Links/a_Investment Calculator' (Root cause: org.openqa.selenium.WebDriverException: Unknown error (WARNING: The server did not provide any stacktrace information)
Command duration or timeout: 0 milliseconds
Build info: version: '3.7.1', revision: '8a0099a', time: '2017-11-06T21:07:36.161Z'
System info: host: 'AOHYDLT0059', ip: '10.10.11.27', os.name: 'Windows 10', os.arch: 'amd64', os.version: '10.0', java.version: '1.8.0_181'
Driver info: com.kms.katalon.selenium.driver.CEdgeDriver
Capabilities {InPrivate: false, acceptSslCerts: true, applicationCacheEnabled: true, browserName: MicrosoftEdge, browserVersion: 42.17134.1.0, javascriptEnabled: true, locationContextEnabled: true, pageLoadStrategy: normal, platform: WINDOWS, platformName: WINDOWS, platformVersion: 10, takesElementScreenshot: true, takesScreenshot: true, webStorageEnabled: true}
Session ID: 005FD72D-19ED-4CAB-BC9C-653370B15DE1)
	at com.kms.katalon.core.keyword.internal.KeywordMain.stepFailed(KeywordMain.groovy:36)
	at com.kms.katalon.core.webui.keyword.internal.WebUIKeywordMain.stepFailed(WebUIKeywordMain.groovy:65)
	at com.kms.katalon.core.webui.keyword.internal.WebUIKeywordMain.runKeyword(WebUIKeywordMain.groovy:27)
	at com.kms.katalon.core.webui.keyword.builtin.ClickKeyword.click(ClickKeyword.groovy:86)
	at com.kms.katalon.core.webui.keyword.builtin.ClickKeyword.execute(ClickKeyword.groovy:67)
	at com.kms.katalon.core.keyword.internal.KeywordExecutor.executeKeywordForPlatform(KeywordExecutor.groovy:53)
	at com.kms.katalon.core.webui.keyword.WebUiBuiltInKeywords.click(WebUiBuiltInKeywords.groovy:616)
	at com.kms.katalon.core.webui.keyword.WebUiBuiltInKeywords$click$2.call(Unknown Source)
	at TC003-Verify Header Menu Links are available.run(TC003-Verify Header Menu Links are available:22)
	at com.kms.katalon.core.main.ScriptEngine.run(ScriptEngine.java:194)
	at com.kms.katalon.core.main.ScriptEngine.runScriptAsRawText(ScriptEngine.java:119)
	at com.kms.katalon.core.main.TestCaseExecutor.runScript(TestCaseExecutor.java:328)
	at com.kms.katalon.core.main.TestCaseExecutor.doExecute(TestCaseExecutor.java:319)
	at com.kms.katalon.core.main.TestCaseExecutor.processExecutionPhase(TestCaseExecutor.java:298)
	at com.kms.katalon.core.main.TestCaseExecutor.accessMainPhase(TestCaseExecutor.java:290)
	at com.kms.katalon.core.main.TestCaseExecutor.execute(TestCaseExecutor.java:224)
	at com.kms.katalon.core.main.TestSuiteExecutor.accessTestCaseMainPhase(TestSuiteExecutor.java:129)
	at com.kms.katalon.core.main.TestSuiteExecutor.accessTestSuiteMainPhase(TestSuiteExecutor.java:112)
	at com.kms.katalon.core.main.TestSuiteExecutor.execute(TestSuiteExecutor.java:81)
	at com.kms.katalon.core.main.TestCaseMain.startTestSuite(TestCaseMain.java:149)
	at com.kms.katalon.core.main.TestCaseMain$startTestSuite$0.call(Unknown Source)
	at TempTestSuite1549361034091.run(TempTestSuite1549361034091.groovy:36)


2019-02-05 15:52:47 - [MESSAGE][FAILED] - Unable to click on object 'Object Repository/Menu_SubMenu_Links/a_Investment Calculator' (Root cause: org.openqa.selenium.WebDriverException: Unknown error (WARNING: The server did not provide any stacktrace information)
Command duration or timeout: 0 milliseconds
Build info: version: '3.7.1', revision: '8a0099a', time: '2017-11-06T21:07:36.161Z'
System info: host: 'AOHYDLT0059', ip: '10.10.11.27', os.name: 'Windows 10', os.arch: 'amd64', os.version: '10.0', java.version: '1.8.0_181'
Driver info: com.kms.katalon.selenium.driver.CEdgeDriver
Capabilities {InPrivate: false, acceptSslCerts: true, applicationCacheEnabled: true, browserName: MicrosoftEdge, browserVersion: 42.17134.1.0, javascriptEnabled: true, locationContextEnabled: true, pageLoadStrategy: normal, platform: WINDOWS, platformName: WINDOWS, platformVersion: 10, takesElementScreenshot: true, takesScreenshot: true, webStorageEnabled: true}
Session ID: 005FD72D-19ED-4CAB-BC9C-653370B15DE1)
[[ATTACHMENT|D:\\Katalon_Studio_Windows_64-5.10.1\\projects\\IR Project\\Reports\\Test Suite\\Validate UI\\20190205_153354\\1549362167656.png]]

2019-02-05 15:52:47 - [MESSAGE][FAILED] - click(findTestObject("Menu_SubMenu_Links/a_Investment Calculator")) FAILED.
Reason:
com.kms.katalon.core.exception.StepFailedException: Unable to click on object 'Object Repository/Menu_SubMenu_Links/a_Investment Calculator' (Root cause: org.openqa.selenium.WebDriverException: Unknown error (WARNING: The server did not provide any stacktrace information)
Command duration or timeout: 0 milliseconds
Build info: version: '3.7.1', revision: '8a0099a', time: '2017-11-06T21:07:36.161Z'
System info: host: 'AOHYDLT0059', ip: '10.10.11.27', os.name: 'Windows 10', os.arch: 'amd64', os.version: '10.0', java.version: '1.8.0_181'
Driver info: com.kms.katalon.selenium.driver.CEdgeDriver
Capabilities {InPrivate: false, acceptSslCerts: true, applicationCacheEnabled: true, browserName: MicrosoftEdge, browserVersion: 42.17134.1.0, javascriptEnabled: true, locationContextEnabled: true, pageLoadStrategy: normal, platform: WINDOWS, platformName: WINDOWS, platformVersion: 10, takesElementScreenshot: true, takesScreenshot: true, webStorageEnabled: true}
Session ID: 005FD72D-19ED-4CAB-BC9C-653370B15DE1)
	at com.kms.katalon.core.keyword.internal.KeywordMain.stepFailed(KeywordMain.groovy:36)
	at com.kms.katalon.core.webui.keyword.internal.WebUIKeywordMain.stepFailed(WebUIKeywordMain.groovy:65)
	at com.kms.katalon.core.webui.keyword.internal.WebUIKeywordMain.runKeyword(WebUIKeywordMain.groovy:27)
	at com.kms.katalon.core.webui.keyword.builtin.ClickKeyword.click(ClickKeyword.groovy:86)
	at com.kms.katalon.core.webui.keyword.builtin.ClickKeyword.execute(ClickKeyword.groovy:67)
	at com.kms.katalon.core.keyword.internal.KeywordExecutor.executeKeywordForPlatform(KeywordExecutor.groovy:53)
	at com.kms.katalon.core.webui.keyword.WebUiBuiltInKeywords.click(WebUiBuiltInKeywords.groovy:616)
	at com.kms.katalon.core.webui.keyword.WebUiBuiltInKeywords$click$2.call(Unknown Source)
	at TC003-Verify Header Menu Links are available.run(TC003-Verify Header Menu Links are available:22)
	at com.kms.katalon.core.main.ScriptEngine.run(ScriptEngine.java:194)
	at com.kms.katalon.core.main.ScriptEngine.runScriptAsRawText(ScriptEngine.java:119)
	at com.kms.katalon.core.main.TestCaseExecutor.runScript(TestCaseExecutor.java:328)
	at com.kms.katalon.core.main.TestCaseExecutor.doExecute(TestCaseExecutor.java:319)
	at com.kms.katalon.core.main.TestCaseExecutor.processExecutionPhase(TestCaseExecutor.java:298)
	at com.kms.katalon.core.main.TestCaseExecutor.accessMainPhase(TestCaseExecutor.java:290)
	at com.kms.katalon.core.main.TestCaseExecutor.execute(TestCaseExecutor.java:224)
	at com.kms.katalon.core.main.TestSuiteExecutor.accessTestCaseMainPhase(TestSuiteExecutor.java:129)
	at com.kms.katalon.core.main.TestSuiteExecutor.accessTestSuiteMainPhase(TestSuiteExecutor.java:112)
	at com.kms.katalon.core.main.TestSuiteExecutor.execute(TestSuiteExecutor.java:81)
	at com.kms.katalon.core.main.TestCaseMain.startTestSuite(TestCaseMain.java:149)
	at com.kms.katalon.core.main.TestCaseMain$startTestSuite$0.call(Unknown Source)
	at TempTestSuite1549361034091.run(TempTestSuite1549361034091.groovy:36)


2019-02-05 15:52:47 - [TEST_STEP][PASSED] - Start listener action : sampleAfterTestCase: null

2019-02-05 15:52:47 - [TEST_STEP][PASSED] - if (getTestCaseId().contains("Sample Tests")): null]]></system-out>
         <system-err><![CDATA[2019-02-05 15:52:07 - [TEST_CASE][FAILED] - Test Cases/TC003-Verify Header Menu Links are available: Test Cases/TC003-Verify Header Menu Links are available FAILED.
Reason:
com.kms.katalon.core.exception.StepFailedException: Unable to click on object 'Object Repository/Menu_SubMenu_Links/a_Investment Calculator' (Root cause: org.openqa.selenium.WebDriverException: Unknown error (WARNING: The server did not provide any stacktrace information)
Command duration or timeout: 0 milliseconds
Build info: version: '3.7.1', revision: '8a0099a', time: '2017-11-06T21:07:36.161Z'
System info: host: 'AOHYDLT0059', ip: '10.10.11.27', os.name: 'Windows 10', os.arch: 'amd64', os.version: '10.0', java.version: '1.8.0_181'
Driver info: com.kms.katalon.selenium.driver.CEdgeDriver
Capabilities {InPrivate: false, acceptSslCerts: true, applicationCacheEnabled: true, browserName: MicrosoftEdge, browserVersion: 42.17134.1.0, javascriptEnabled: true, locationContextEnabled: true, pageLoadStrategy: normal, platform: WINDOWS, platformName: WINDOWS, platformVersion: 10, takesElementScreenshot: true, takesScreenshot: true, webStorageEnabled: true}
Session ID: 005FD72D-19ED-4CAB-BC9C-653370B15DE1)
	at com.kms.katalon.core.keyword.internal.KeywordMain.stepFailed(KeywordMain.groovy:36)
	at com.kms.katalon.core.webui.keyword.internal.WebUIKeywordMain.stepFailed(WebUIKeywordMain.groovy:65)
	at com.kms.katalon.core.webui.keyword.internal.WebUIKeywordMain.runKeyword(WebUIKeywordMain.groovy:27)
	at com.kms.katalon.core.webui.keyword.builtin.ClickKeyword.click(ClickKeyword.groovy:86)
	at com.kms.katalon.core.webui.keyword.builtin.ClickKeyword.execute(ClickKeyword.groovy:67)
	at com.kms.katalon.core.keyword.internal.KeywordExecutor.executeKeywordForPlatform(KeywordExecutor.groovy:53)
	at com.kms.katalon.core.webui.keyword.WebUiBuiltInKeywords.click(WebUiBuiltInKeywords.groovy:616)
	at com.kms.katalon.core.webui.keyword.WebUiBuiltInKeywords$click$2.call(Unknown Source)
	at TC003-Verify Header Menu Links are available.run(TC003-Verify Header Menu Links are available:22)
	at com.kms.katalon.core.main.ScriptEngine.run(ScriptEngine.java:194)
	at com.kms.katalon.core.main.ScriptEngine.runScriptAsRawText(ScriptEngine.java:119)
	at com.kms.katalon.core.main.TestCaseExecutor.runScript(TestCaseExecutor.java:328)
	at com.kms.katalon.core.main.TestCaseExecutor.doExecute(TestCaseExecutor.java:319)
	at com.kms.katalon.core.main.TestCaseExecutor.processExecutionPhase(TestCaseExecutor.java:298)
	at com.kms.katalon.core.main.TestCaseExecutor.accessMainPhase(TestCaseExecutor.java:290)
	at com.kms.katalon.core.main.TestCaseExecutor.execute(TestCaseExecutor.java:224)
	at com.kms.katalon.core.main.TestSuiteExecutor.accessTestCaseMainPhase(TestSuiteExecutor.java:129)
	at com.kms.katalon.core.main.TestSuiteExecutor.accessTestSuiteMainPhase(TestSuiteExecutor.java:112)
	at com.kms.katalon.core.main.TestSuiteExecutor.execute(TestSuiteExecutor.java:81)
	at com.kms.katalon.core.main.TestCaseMain.startTestSuite(TestCaseMain.java:149)
	at com.kms.katalon.core.main.TestCaseMain$startTestSuite$0.call(Unknown Source)
	at TempTestSuite1549361034091.run(TempTestSuite1549361034091.groovy:36)]]></system-err>
      </testcase>
      <testcase name="Test Cases/TC005-Search" classname="Test Cases/TC005-Search" status="FAILED">
         <failure type="FAILED" message="Test Cases/TC005-Search FAILED.
Reason:
com.kms.katalon.core.exception.StepFailedException: Unable to maximize current window (Root cause: org.openqa.selenium.WebDriverException: A window size operation failed because the window is not currently available (WARNING: The server did not provide any stacktrace information)
Command duration or timeout: 0 milliseconds
Build info: version: '3.7.1', revision: '8a0099a', time: '2017-11-06T21:07:36.161Z'
System info: host: 'AOHYDLT0059', ip: '10.10.11.27', os.name: 'Windows 10', os.arch: 'amd64', os.version: '10.0', java.version: '1.8.0_181'
Driver info: com.kms.katalon.selenium.driver.CEdgeDriver
Capabilities {InPrivate: false, acceptSslCerts: true, applicationCacheEnabled: true, browserName: MicrosoftEdge, browserVersion: 42.17134.1.0, javascriptEnabled: true, locationContextEnabled: true, pageLoadStrategy: normal, platform: WINDOWS, platformName: WINDOWS, platformVersion: 10, takesElementScreenshot: true, takesScreenshot: true, webStorageEnabled: true}
Session ID: D05F5B07-24C6-499B-A148-6426648BEA67)
	at com.kms.katalon.core.keyword.internal.KeywordMain.stepFailed(KeywordMain.groovy:36)
	at com.kms.katalon.core.webui.keyword.internal.WebUIKeywordMain.stepFailed(WebUIKeywordMain.groovy:65)
	at com.kms.katalon.core.webui.keyword.internal.WebUIKeywordMain.runKeyword(WebUIKeywordMain.groovy:27)
	at com.kms.katalon.core.webui.keyword.builtin.MaximizeWindowKeyword.maximizeWindow(MaximizeWindowKeyword.groovy:74)
	at com.kms.katalon.core.webui.keyword.builtin.MaximizeWindowKeyword.execute(MaximizeWindowKeyword.groovy:69)
	at com.kms.katalon.core.keyword.internal.KeywordExecutor.executeKeywordForPlatform(KeywordExecutor.groovy:53)
	at com.kms.katalon.core.webui.keyword.WebUiBuiltInKeywords.maximizeWindow(WebUiBuiltInKeywords.groovy:279)
	at com.kms.katalon.core.webui.keyword.WebUiBuiltInKeywords$maximizeWindow$0.call(Unknown Source)
	at utilities.BasicFunctions.invokeapplication(BasicFunctions.groovy:51)
	at utilities.BasicFunctions.invokeMethod(BasicFunctions.groovy)
	at com.kms.katalon.core.main.CustomKeywordDelegatingMetaClass.invokeStaticMethod(CustomKeywordDelegatingMetaClass.java:49)
	at TC005-Search.run(TC005-Search:21)
	at com.kms.katalon.core.main.ScriptEngine.run(ScriptEngine.java:194)
	at com.kms.katalon.core.main.ScriptEngine.runScriptAsRawText(ScriptEngine.java:119)
	at com.kms.katalon.core.main.TestCaseExecutor.runScript(TestCaseExecutor.java:328)
	at com.kms.katalon.core.main.TestCaseExecutor.doExecute(TestCaseExecutor.java:319)
	at com.kms.katalon.core.main.TestCaseExecutor.processExecutionPhase(TestCaseExecutor.java:298)
	at com.kms.katalon.core.main.TestCaseExecutor.accessMainPhase(TestCaseExecutor.java:290)
	at com.kms.katalon.core.main.TestCaseExecutor.execute(TestCaseExecutor.java:224)
	at com.kms.katalon.core.main.TestSuiteExecutor.accessTestCaseMainPhase(TestSuiteExecutor.java:129)
	at com.kms.katalon.core.main.TestSuiteExecutor.accessTestSuiteMainPhase(TestSuiteExecutor.java:112)
	at com.kms.katalon.core.main.TestSuiteExecutor.execute(TestSuiteExecutor.java:81)
	at com.kms.katalon.core.main.TestCaseMain.startTestSuite(TestCaseMain.java:149)
	at com.kms.katalon.core.main.TestCaseMain$startTestSuite$0.call(Unknown Source)
	at TempTestSuite1549361034091.run(TempTestSuite1549361034091.groovy:36)
"/>
         <system-out><![CDATA[2019-02-05 15:52:49 - [TEST_CASE][FAILED] - Test Cases/TC005-Search: Test Cases/TC005-Search FAILED.
Reason:
com.kms.katalon.core.exception.StepFailedException: Unable to maximize current window (Root cause: org.openqa.selenium.WebDriverException: A window size operation failed because the window is not currently available (WARNING: The server did not provide any stacktrace information)
Command duration or timeout: 0 milliseconds
Build info: version: '3.7.1', revision: '8a0099a', time: '2017-11-06T21:07:36.161Z'
System info: host: 'AOHYDLT0059', ip: '10.10.11.27', os.name: 'Windows 10', os.arch: 'amd64', os.version: '10.0', java.version: '1.8.0_181'
Driver info: com.kms.katalon.selenium.driver.CEdgeDriver
Capabilities {InPrivate: false, acceptSslCerts: true, applicationCacheEnabled: true, browserName: MicrosoftEdge, browserVersion: 42.17134.1.0, javascriptEnabled: true, locationContextEnabled: true, pageLoadStrategy: normal, platform: WINDOWS, platformName: WINDOWS, platformVersion: 10, takesElementScreenshot: true, takesScreenshot: true, webStorageEnabled: true}
Session ID: D05F5B07-24C6-499B-A148-6426648BEA67)
	at com.kms.katalon.core.keyword.internal.KeywordMain.stepFailed(KeywordMain.groovy:36)
	at com.kms.katalon.core.webui.keyword.internal.WebUIKeywordMain.stepFailed(WebUIKeywordMain.groovy:65)
	at com.kms.katalon.core.webui.keyword.internal.WebUIKeywordMain.runKeyword(WebUIKeywordMain.groovy:27)
	at com.kms.katalon.core.webui.keyword.builtin.MaximizeWindowKeyword.maximizeWindow(MaximizeWindowKeyword.groovy:74)
	at com.kms.katalon.core.webui.keyword.builtin.MaximizeWindowKeyword.execute(MaximizeWindowKeyword.groovy:69)
	at com.kms.katalon.core.keyword.internal.KeywordExecutor.executeKeywordForPlatform(KeywordExecutor.groovy:53)
	at com.kms.katalon.core.webui.keyword.WebUiBuiltInKeywords.maximizeWindow(WebUiBuiltInKeywords.groovy:279)
	at com.kms.katalon.core.webui.keyword.WebUiBuiltInKeywords$maximizeWindow$0.call(Unknown Source)
	at utilities.BasicFunctions.invokeapplication(BasicFunctions.groovy:51)
	at utilities.BasicFunctions.invokeMethod(BasicFunctions.groovy)
	at com.kms.katalon.core.main.CustomKeywordDelegatingMetaClass.invokeStaticMethod(CustomKeywordDelegatingMetaClass.java:49)
	at TC005-Search.run(TC005-Search:21)
	at com.kms.katalon.core.main.ScriptEngine.run(ScriptEngine.java:194)
	at com.kms.katalon.core.main.ScriptEngine.runScriptAsRawText(ScriptEngine.java:119)
	at com.kms.katalon.core.main.TestCaseExecutor.runScript(TestCaseExecutor.java:328)
	at com.kms.katalon.core.main.TestCaseExecutor.doExecute(TestCaseExecutor.java:319)
	at com.kms.katalon.core.main.TestCaseExecutor.processExecutionPhase(TestCaseExecutor.java:298)
	at com.kms.katalon.core.main.TestCaseExecutor.accessMainPhase(TestCaseExecutor.java:290)
	at com.kms.katalon.core.main.TestCaseExecutor.execute(TestCaseExecutor.java:224)
	at com.kms.katalon.core.main.TestSuiteExecutor.accessTestCaseMainPhase(TestSuiteExecutor.java:129)
	at com.kms.katalon.core.main.TestSuiteExecutor.accessTestSuiteMainPhase(TestSuiteExecutor.java:112)
	at com.kms.katalon.core.main.TestSuiteExecutor.execute(TestSuiteExecutor.java:81)
	at com.kms.katalon.core.main.TestCaseMain.startTestSuite(TestCaseMain.java:149)
	at com.kms.katalon.core.main.TestCaseMain$startTestSuite$0.call(Unknown Source)
	at TempTestSuite1549361034091.run(TempTestSuite1549361034091.groovy:36)


2019-02-05 15:52:49 - [TEST_STEP][PASSED] - Start listener action : sampleBeforeTestCase: null

2019-02-05 15:52:49 - [TEST_STEP][PASSED] - if (getTestCaseId().contains("Sample Tests")): null

2019-02-05 15:52:50 - [TEST_STEP][FAILED] - utilities.BasicFunctions.invokeapplication(): utilities.BasicFunctions.invokeapplication() FAILED.
Reason:
com.kms.katalon.core.exception.StepFailedException: Unable to maximize current window (Root cause: org.openqa.selenium.WebDriverException: A window size operation failed because the window is not currently available (WARNING: The server did not provide any stacktrace information)
Command duration or timeout: 0 milliseconds
Build info: version: '3.7.1', revision: '8a0099a', time: '2017-11-06T21:07:36.161Z'
System info: host: 'AOHYDLT0059', ip: '10.10.11.27', os.name: 'Windows 10', os.arch: 'amd64', os.version: '10.0', java.version: '1.8.0_181'
Driver info: com.kms.katalon.selenium.driver.CEdgeDriver
Capabilities {InPrivate: false, acceptSslCerts: true, applicationCacheEnabled: true, browserName: MicrosoftEdge, browserVersion: 42.17134.1.0, javascriptEnabled: true, locationContextEnabled: true, pageLoadStrategy: normal, platform: WINDOWS, platformName: WINDOWS, platformVersion: 10, takesElementScreenshot: true, takesScreenshot: true, webStorageEnabled: true}
Session ID: D05F5B07-24C6-499B-A148-6426648BEA67)
	at com.kms.katalon.core.keyword.internal.KeywordMain.stepFailed(KeywordMain.groovy:36)
	at com.kms.katalon.core.webui.keyword.internal.WebUIKeywordMain.stepFailed(WebUIKeywordMain.groovy:65)
	at com.kms.katalon.core.webui.keyword.internal.WebUIKeywordMain.runKeyword(WebUIKeywordMain.groovy:27)
	at com.kms.katalon.core.webui.keyword.builtin.MaximizeWindowKeyword.maximizeWindow(MaximizeWindowKeyword.groovy:74)
	at com.kms.katalon.core.webui.keyword.builtin.MaximizeWindowKeyword.execute(MaximizeWindowKeyword.groovy:69)
	at com.kms.katalon.core.keyword.internal.KeywordExecutor.executeKeywordForPlatform(KeywordExecutor.groovy:53)
	at com.kms.katalon.core.webui.keyword.WebUiBuiltInKeywords.maximizeWindow(WebUiBuiltInKeywords.groovy:279)
	at com.kms.katalon.core.webui.keyword.WebUiBuiltInKeywords$maximizeWindow$0.call(Unknown Source)
	at utilities.BasicFunctions.invokeapplication(BasicFunctions.groovy:51)
	at utilities.BasicFunctions.invokeMethod(BasicFunctions.groovy)
	at com.kms.katalon.core.main.CustomKeywordDelegatingMetaClass.invokeStaticMethod(CustomKeywordDelegatingMetaClass.java:49)
	at TC005-Search.run(TC005-Search:21)
	at com.kms.katalon.core.main.ScriptEngine.run(ScriptEngine.java:194)
	at com.kms.katalon.core.main.ScriptEngine.runScriptAsRawText(ScriptEngine.java:119)
	at com.kms.katalon.core.main.TestCaseExecutor.runScript(TestCaseExecutor.java:328)
	at com.kms.katalon.core.main.TestCaseExecutor.doExecute(TestCaseExecutor.java:319)
	at com.kms.katalon.core.main.TestCaseExecutor.processExecutionPhase(TestCaseExecutor.java:298)
	at com.kms.katalon.core.main.TestCaseExecutor.accessMainPhase(TestCaseExecutor.java:290)
	at com.kms.katalon.core.main.TestCaseExecutor.execute(TestCaseExecutor.java:224)
	at com.kms.katalon.core.main.TestSuiteExecutor.accessTestCaseMainPhase(TestSuiteExecutor.java:129)
	at com.kms.katalon.core.main.TestSuiteExecutor.accessTestSuiteMainPhase(TestSuiteExecutor.java:112)
	at com.kms.katalon.core.main.TestSuiteExecutor.execute(TestSuiteExecutor.java:81)
	at com.kms.katalon.core.main.TestCaseMain.startTestSuite(TestCaseMain.java:149)
	at com.kms.katalon.core.main.TestCaseMain$startTestSuite$0.call(Unknown Source)
	at TempTestSuite1549361034091.run(TempTestSuite1549361034091.groovy:36)


2019-02-05 15:52:50 - [MESSAGE][WARNING] - A browser is already opened. Closing browser and opening a new one

2019-02-05 15:52:51 - [MESSAGE][INFO] - Starting 'Edge' driver

2019-02-05 15:53:13 - [MESSAGE][PASSED] - Browser is opened with url: ''

2019-02-05 15:53:19 - [MESSAGE][PASSED] - Navigate to 'https://ir.amwater.com' successfully

2019-02-05 15:53:49 - [MESSAGE][PASSED] - Delayed 30 second(s)

2019-02-05 15:53:49 - [MESSAGE][PASSED] - Wait for page load successfully

2019-02-05 15:53:49 - [MESSAGE][FAILED] - Unable to maximize current window (Root cause: org.openqa.selenium.WebDriverException: A window size operation failed because the window is not currently available (WARNING: The server did not provide any stacktrace information)
Command duration or timeout: 0 milliseconds
Build info: version: '3.7.1', revision: '8a0099a', time: '2017-11-06T21:07:36.161Z'
System info: host: 'AOHYDLT0059', ip: '10.10.11.27', os.name: 'Windows 10', os.arch: 'amd64', os.version: '10.0', java.version: '1.8.0_181'
Driver info: com.kms.katalon.selenium.driver.CEdgeDriver
Capabilities {InPrivate: false, acceptSslCerts: true, applicationCacheEnabled: true, browserName: MicrosoftEdge, browserVersion: 42.17134.1.0, javascriptEnabled: true, locationContextEnabled: true, pageLoadStrategy: normal, platform: WINDOWS, platformName: WINDOWS, platformVersion: 10, takesElementScreenshot: true, takesScreenshot: true, webStorageEnabled: true}
Session ID: D05F5B07-24C6-499B-A148-6426648BEA67)
[[ATTACHMENT|D:\\Katalon_Studio_Windows_64-5.10.1\\projects\\IR Project\\Reports\\Test Suite\\Validate UI\\20190205_153354\\1549362229521.png]]

2019-02-05 15:53:49 - [MESSAGE][FAILED] - Unable to maximize current window (Root cause: org.openqa.selenium.WebDriverException: A window size operation failed because the window is not currently available (WARNING: The server did not provide any stacktrace information)
Command duration or timeout: 0 milliseconds
Build info: version: '3.7.1', revision: '8a0099a', time: '2017-11-06T21:07:36.161Z'
System info: host: 'AOHYDLT0059', ip: '10.10.11.27', os.name: 'Windows 10', os.arch: 'amd64', os.version: '10.0', java.version: '1.8.0_181'
Driver info: com.kms.katalon.selenium.driver.CEdgeDriver
Capabilities {InPrivate: false, acceptSslCerts: true, applicationCacheEnabled: true, browserName: MicrosoftEdge, browserVersion: 42.17134.1.0, javascriptEnabled: true, locationContextEnabled: true, pageLoadStrategy: normal, platform: WINDOWS, platformName: WINDOWS, platformVersion: 10, takesElementScreenshot: true, takesScreenshot: true, webStorageEnabled: true}
Session ID: D05F5B07-24C6-499B-A148-6426648BEA67)

2019-02-05 15:53:49 - [MESSAGE][FAILED] - utilities.BasicFunctions.invokeapplication() FAILED.
Reason:
com.kms.katalon.core.exception.StepFailedException: Unable to maximize current window (Root cause: org.openqa.selenium.WebDriverException: A window size operation failed because the window is not currently available (WARNING: The server did not provide any stacktrace information)
Command duration or timeout: 0 milliseconds
Build info: version: '3.7.1', revision: '8a0099a', time: '2017-11-06T21:07:36.161Z'
System info: host: 'AOHYDLT0059', ip: '10.10.11.27', os.name: 'Windows 10', os.arch: 'amd64', os.version: '10.0', java.version: '1.8.0_181'
Driver info: com.kms.katalon.selenium.driver.CEdgeDriver
Capabilities {InPrivate: false, acceptSslCerts: true, applicationCacheEnabled: true, browserName: MicrosoftEdge, browserVersion: 42.17134.1.0, javascriptEnabled: true, locationContextEnabled: true, pageLoadStrategy: normal, platform: WINDOWS, platformName: WINDOWS, platformVersion: 10, takesElementScreenshot: true, takesScreenshot: true, webStorageEnabled: true}
Session ID: D05F5B07-24C6-499B-A148-6426648BEA67)
	at com.kms.katalon.core.keyword.internal.KeywordMain.stepFailed(KeywordMain.groovy:36)
	at com.kms.katalon.core.webui.keyword.internal.WebUIKeywordMain.stepFailed(WebUIKeywordMain.groovy:65)
	at com.kms.katalon.core.webui.keyword.internal.WebUIKeywordMain.runKeyword(WebUIKeywordMain.groovy:27)
	at com.kms.katalon.core.webui.keyword.builtin.MaximizeWindowKeyword.maximizeWindow(MaximizeWindowKeyword.groovy:74)
	at com.kms.katalon.core.webui.keyword.builtin.MaximizeWindowKeyword.execute(MaximizeWindowKeyword.groovy:69)
	at com.kms.katalon.core.keyword.internal.KeywordExecutor.executeKeywordForPlatform(KeywordExecutor.groovy:53)
	at com.kms.katalon.core.webui.keyword.WebUiBuiltInKeywords.maximizeWindow(WebUiBuiltInKeywords.groovy:279)
	at com.kms.katalon.core.webui.keyword.WebUiBuiltInKeywords$maximizeWindow$0.call(Unknown Source)
	at utilities.BasicFunctions.invokeapplication(BasicFunctions.groovy:51)
	at utilities.BasicFunctions.invokeMethod(BasicFunctions.groovy)
	at com.kms.katalon.core.main.CustomKeywordDelegatingMetaClass.invokeStaticMethod(CustomKeywordDelegatingMetaClass.java:49)
	at TC005-Search.run(TC005-Search:21)
	at com.kms.katalon.core.main.ScriptEngine.run(ScriptEngine.java:194)
	at com.kms.katalon.core.main.ScriptEngine.runScriptAsRawText(ScriptEngine.java:119)
	at com.kms.katalon.core.main.TestCaseExecutor.runScript(TestCaseExecutor.java:328)
	at com.kms.katalon.core.main.TestCaseExecutor.doExecute(TestCaseExecutor.java:319)
	at com.kms.katalon.core.main.TestCaseExecutor.processExecutionPhase(TestCaseExecutor.java:298)
	at com.kms.katalon.core.main.TestCaseExecutor.accessMainPhase(TestCaseExecutor.java:290)
	at com.kms.katalon.core.main.TestCaseExecutor.execute(TestCaseExecutor.java:224)
	at com.kms.katalon.core.main.TestSuiteExecutor.accessTestCaseMainPhase(TestSuiteExecutor.java:129)
	at com.kms.katalon.core.main.TestSuiteExecutor.accessTestSuiteMainPhase(TestSuiteExecutor.java:112)
	at com.kms.katalon.core.main.TestSuiteExecutor.execute(TestSuiteExecutor.java:81)
	at com.kms.katalon.core.main.TestCaseMain.startTestSuite(TestCaseMain.java:149)
	at com.kms.katalon.core.main.TestCaseMain$startTestSuite$0.call(Unknown Source)
	at TempTestSuite1549361034091.run(TempTestSuite1549361034091.groovy:36)


2019-02-05 15:53:49 - [TEST_STEP][PASSED] - Start listener action : sampleAfterTestCase: null

2019-02-05 15:53:49 - [TEST_STEP][PASSED] - if (getTestCaseId().contains("Sample Tests")): null]]></system-out>
         <system-err><![CDATA[2019-02-05 15:52:49 - [TEST_CASE][FAILED] - Test Cases/TC005-Search: Test Cases/TC005-Search FAILED.
Reason:
com.kms.katalon.core.exception.StepFailedException: Unable to maximize current window (Root cause: org.openqa.selenium.WebDriverException: A window size operation failed because the window is not currently available (WARNING: The server did not provide any stacktrace information)
Command duration or timeout: 0 milliseconds
Build info: version: '3.7.1', revision: '8a0099a', time: '2017-11-06T21:07:36.161Z'
System info: host: 'AOHYDLT0059', ip: '10.10.11.27', os.name: 'Windows 10', os.arch: 'amd64', os.version: '10.0', java.version: '1.8.0_181'
Driver info: com.kms.katalon.selenium.driver.CEdgeDriver
Capabilities {InPrivate: false, acceptSslCerts: true, applicationCacheEnabled: true, browserName: MicrosoftEdge, browserVersion: 42.17134.1.0, javascriptEnabled: true, locationContextEnabled: true, pageLoadStrategy: normal, platform: WINDOWS, platformName: WINDOWS, platformVersion: 10, takesElementScreenshot: true, takesScreenshot: true, webStorageEnabled: true}
Session ID: D05F5B07-24C6-499B-A148-6426648BEA67)
	at com.kms.katalon.core.keyword.internal.KeywordMain.stepFailed(KeywordMain.groovy:36)
	at com.kms.katalon.core.webui.keyword.internal.WebUIKeywordMain.stepFailed(WebUIKeywordMain.groovy:65)
	at com.kms.katalon.core.webui.keyword.internal.WebUIKeywordMain.runKeyword(WebUIKeywordMain.groovy:27)
	at com.kms.katalon.core.webui.keyword.builtin.MaximizeWindowKeyword.maximizeWindow(MaximizeWindowKeyword.groovy:74)
	at com.kms.katalon.core.webui.keyword.builtin.MaximizeWindowKeyword.execute(MaximizeWindowKeyword.groovy:69)
	at com.kms.katalon.core.keyword.internal.KeywordExecutor.executeKeywordForPlatform(KeywordExecutor.groovy:53)
	at com.kms.katalon.core.webui.keyword.WebUiBuiltInKeywords.maximizeWindow(WebUiBuiltInKeywords.groovy:279)
	at com.kms.katalon.core.webui.keyword.WebUiBuiltInKeywords$maximizeWindow$0.call(Unknown Source)
	at utilities.BasicFunctions.invokeapplication(BasicFunctions.groovy:51)
	at utilities.BasicFunctions.invokeMethod(BasicFunctions.groovy)
	at com.kms.katalon.core.main.CustomKeywordDelegatingMetaClass.invokeStaticMethod(CustomKeywordDelegatingMetaClass.java:49)
	at TC005-Search.run(TC005-Search:21)
	at com.kms.katalon.core.main.ScriptEngine.run(ScriptEngine.java:194)
	at com.kms.katalon.core.main.ScriptEngine.runScriptAsRawText(ScriptEngine.java:119)
	at com.kms.katalon.core.main.TestCaseExecutor.runScript(TestCaseExecutor.java:328)
	at com.kms.katalon.core.main.TestCaseExecutor.doExecute(TestCaseExecutor.java:319)
	at com.kms.katalon.core.main.TestCaseExecutor.processExecutionPhase(TestCaseExecutor.java:298)
	at com.kms.katalon.core.main.TestCaseExecutor.accessMainPhase(TestCaseExecutor.java:290)
	at com.kms.katalon.core.main.TestCaseExecutor.execute(TestCaseExecutor.java:224)
	at com.kms.katalon.core.main.TestSuiteExecutor.accessTestCaseMainPhase(TestSuiteExecutor.java:129)
	at com.kms.katalon.core.main.TestSuiteExecutor.accessTestSuiteMainPhase(TestSuiteExecutor.java:112)
	at com.kms.katalon.core.main.TestSuiteExecutor.execute(TestSuiteExecutor.java:81)
	at com.kms.katalon.core.main.TestCaseMain.startTestSuite(TestCaseMain.java:149)
	at com.kms.katalon.core.main.TestCaseMain$startTestSuite$0.call(Unknown Source)
	at TempTestSuite1549361034091.run(TempTestSuite1549361034091.groovy:36)]]></system-err>
      </testcase>
      <testcase name="Test Cases/TC006-Verify ContactUs aka Request materials" classname="Test Cases/TC006-Verify ContactUs aka Request materials" status="PASSED">
         <system-out><![CDATA[2019-02-05 15:53:51 - [TEST_CASE][PASSED] - Test Cases/TC006-Verify ContactUs aka Request materials: Test Cases/TC006-Verify ContactUs aka Request materials

2019-02-05 15:53:51 - [TEST_STEP][PASSED] - Start listener action : sampleBeforeTestCase: null

2019-02-05 15:53:51 - [TEST_STEP][PASSED] - if (getTestCaseId().contains("Sample Tests")): null

2019-02-05 15:53:52 - [TEST_STEP][PASSED] - utilities.BasicFunctions.invokeapplication(): utilities.BasicFunctions.invokeapplication is PASSED

2019-02-05 15:53:52 - [MESSAGE][WARNING] - A browser is already opened. Closing browser and opening a new one

2019-02-05 15:53:52 - [MESSAGE][INFO] - Starting 'Edge' driver

2019-02-05 15:54:15 - [MESSAGE][PASSED] - Browser is opened with url: ''

2019-02-05 15:54:21 - [MESSAGE][PASSED] - Navigate to 'https://ir.amwater.com' successfully

2019-02-05 15:54:51 - [MESSAGE][PASSED] - Delayed 30 second(s)

2019-02-05 15:54:51 - [MESSAGE][PASSED] - Wait for page load successfully

2019-02-05 15:54:51 - [MESSAGE][PASSED] - Current window maximized

2019-02-05 15:54:51 - [MESSAGE][PASSED] - utilities.BasicFunctions.invokeapplication is PASSED

2019-02-05 15:54:51 - [TEST_STEP][PASSED] - click(findTestObject("ContactUs aka RequestMaterials/button_Contact Us")): Object: 'Object Repository/ContactUs aka RequestMaterials/button_Contact Us' is clicked on

2019-02-05 15:54:51 - [MESSAGE][PASSED] - Object: 'Object Repository/ContactUs aka RequestMaterials/button_Contact Us' is clicked on

2019-02-05 15:54:51 - [TEST_STEP][NOT_RUN] - delay(5): NOT_RUN: delay(5)

2019-02-05 15:54:51 - [MESSAGE][NOT_RUN] - NOT_RUN: delay(5)

2019-02-05 15:54:51 - [TEST_STEP][NOT_RUN] - click(findTestObject("ContactUs aka RequestMaterials/button_Request Materials")): NOT_RUN: click(findTestObject("ContactUs aka RequestMaterials/button_Request Materials"))

2019-02-05 15:54:51 - [MESSAGE][NOT_RUN] - NOT_RUN: click(findTestObject("ContactUs aka RequestMaterials/button_Request Materials"))

2019-02-05 15:54:51 - [TEST_STEP][PASSED] - verifyElementPresent(findTestObject("ContactUs aka RequestMaterials/h2_Request Materials"), 0, CONTINUE_ON_FAILURE): Object 'Object Repository/ContactUs aka RequestMaterials/h2_Request Materials' is present

2019-02-05 15:54:51 - [MESSAGE][WARNING] - Timeout '0' is invalid. Using default page load timeout: '15'

2019-02-05 15:54:51 - [MESSAGE][PASSED] - Object 'Object Repository/ContactUs aka RequestMaterials/h2_Request Materials' is present

2019-02-05 15:54:51 - [TEST_STEP][PASSED] - verifyElementPresent(findTestObject("ContactUs aka RequestMaterials/p_or send us a questioncomment"), 0, CONTINUE_ON_FAILURE): Object 'Object Repository/ContactUs aka RequestMaterials/p_or send us a questioncomment' is present

2019-02-05 15:54:51 - [MESSAGE][WARNING] - Timeout '0' is invalid. Using default page load timeout: '15'

2019-02-05 15:54:51 - [MESSAGE][PASSED] - Object 'Object Repository/ContactUs aka RequestMaterials/p_or send us a questioncomment' is present

2019-02-05 15:54:51 - [TEST_STEP][PASSED] - setText(findTestObject("ContactUs aka RequestMaterials/input__firstName"), "Hitesh"): Text 'Hitesh' is set on object 'Object Repository/ContactUs aka RequestMaterials/input__firstName'

2019-02-05 15:54:51 - [MESSAGE][PASSED] - Text 'Hitesh' is set on object 'Object Repository/ContactUs aka RequestMaterials/input__firstName'

2019-02-05 15:54:51 - [TEST_STEP][PASSED] - setText(findTestObject("ContactUs aka RequestMaterials/input__lastName"), "Chellani"): Text 'Chellani' is set on object 'Object Repository/ContactUs aka RequestMaterials/input__lastName'

2019-02-05 15:54:51 - [MESSAGE][PASSED] - Text 'Chellani' is set on object 'Object Repository/ContactUs aka RequestMaterials/input__lastName'

2019-02-05 15:54:51 - [TEST_STEP][PASSED] - setText(findTestObject("ContactUs aka RequestMaterials/input__email"), "hiteshc@Apporchid.com"): Text 'hiteshc@Apporchid.com' is set on object 'Object Repository/ContactUs aka RequestMaterials/input__email'

2019-02-05 15:54:52 - [MESSAGE][PASSED] - Text 'hiteshc@Apporchid.com' is set on object 'Object Repository/ContactUs aka RequestMaterials/input__email'

2019-02-05 15:54:52 - [TEST_STEP][PASSED] - setText(findTestObject("ContactUs aka RequestMaterials/input_MailingAddress"), "Manikonda"): Text 'Manikonda' is set on object 'Object Repository/ContactUs aka RequestMaterials/input_MailingAddress'

2019-02-05 15:54:52 - [MESSAGE][PASSED] - Text 'Manikonda' is set on object 'Object Repository/ContactUs aka RequestMaterials/input_MailingAddress'

2019-02-05 15:54:52 - [TEST_STEP][PASSED] - setText(findTestObject("ContactUs aka RequestMaterials/input_City"), "Hyderabad"): Text 'Hyderabad' is set on object 'Object Repository/ContactUs aka RequestMaterials/input_City'

2019-02-05 15:54:52 - [MESSAGE][PASSED] - Text 'Hyderabad' is set on object 'Object Repository/ContactUs aka RequestMaterials/input_City'

2019-02-05 15:54:52 - [TEST_STEP][PASSED] - setText(findTestObject("ContactUs aka RequestMaterials/input_State"), "Telangana"): Text 'Telangana' is set on object 'Object Repository/ContactUs aka RequestMaterials/input_State'

2019-02-05 15:54:52 - [MESSAGE][PASSED] - Text 'Telangana' is set on object 'Object Repository/ContactUs aka RequestMaterials/input_State'

2019-02-05 15:54:52 - [TEST_STEP][PASSED] - setText(findTestObject("ContactUs aka RequestMaterials/input_zip"), "400051"): Text '400051' is set on object 'Object Repository/ContactUs aka RequestMaterials/input_zip'

2019-02-05 15:54:52 - [MESSAGE][PASSED] - Text '400051' is set on object 'Object Repository/ContactUs aka RequestMaterials/input_zip'

2019-02-05 15:54:52 - [TEST_STEP][PASSED] - setText(findTestObject("ContactUs aka RequestMaterials/input_country"), "India"): Text 'India' is set on object 'Object Repository/ContactUs aka RequestMaterials/input_country'

2019-02-05 15:54:52 - [MESSAGE][PASSED] - Text 'India' is set on object 'Object Repository/ContactUs aka RequestMaterials/input_country'

2019-02-05 15:54:52 - [TEST_STEP][PASSED] - verifyElementVisible(findTestObject("ContactUs aka RequestMaterials/strong_Materials"), CONTINUE_ON_FAILURE): Object 'Object Repository/ContactUs aka RequestMaterials/strong_Materials' is visible

2019-02-05 15:54:52 - [MESSAGE][PASSED] - Object 'Object Repository/ContactUs aka RequestMaterials/strong_Materials' is visible

2019-02-05 15:54:52 - [TEST_STEP][PASSED] - verifyElementPresent(findTestObject("ContactUs aka RequestMaterials/ul_Annual Report"), 0, CONTINUE_ON_FAILURE): Object 'Object Repository/ContactUs aka RequestMaterials/ul_Annual Report' is present

2019-02-05 15:54:52 - [MESSAGE][WARNING] - Timeout '0' is invalid. Using default page load timeout: '15'

2019-02-05 15:54:52 - [MESSAGE][PASSED] - Object 'Object Repository/ContactUs aka RequestMaterials/ul_Annual Report' is present

2019-02-05 15:54:52 - [TEST_STEP][PASSED] - click(findTestObject("ContactUs aka RequestMaterials/input_Annual Report")): Object: 'Object Repository/ContactUs aka RequestMaterials/input_Annual Report' is clicked on

2019-02-05 15:54:52 - [MESSAGE][PASSED] - Object: 'Object Repository/ContactUs aka RequestMaterials/input_Annual Report' is clicked on

2019-02-05 15:54:52 - [TEST_STEP][PASSED] - verifyElementPresent(findTestObject("ContactUs aka RequestMaterials/li_Proxy Statement"), 0, CONTINUE_ON_FAILURE): Object 'Object Repository/ContactUs aka RequestMaterials/li_Proxy Statement' is present

2019-02-05 15:54:52 - [MESSAGE][WARNING] - Timeout '0' is invalid. Using default page load timeout: '15'

2019-02-05 15:54:52 - [MESSAGE][PASSED] - Object 'Object Repository/ContactUs aka RequestMaterials/li_Proxy Statement' is present

2019-02-05 15:54:52 - [TEST_STEP][PASSED] - click(findTestObject("ContactUs aka RequestMaterials/input_Proxy Statement")): Object: 'Object Repository/ContactUs aka RequestMaterials/input_Proxy Statement' is clicked on

2019-02-05 15:54:52 - [MESSAGE][PASSED] - Object: 'Object Repository/ContactUs aka RequestMaterials/input_Proxy Statement' is clicked on

2019-02-05 15:54:52 - [TEST_STEP][PASSED] - verifyElementVisible(findTestObject("ContactUs aka RequestMaterials/li_Latest Earnings Release")): Object 'Object Repository/ContactUs aka RequestMaterials/li_Latest Earnings Release' is visible

2019-02-05 15:54:53 - [MESSAGE][PASSED] - Object 'Object Repository/ContactUs aka RequestMaterials/li_Latest Earnings Release' is visible

2019-02-05 15:54:53 - [TEST_STEP][PASSED] - click(findTestObject("ContactUs aka RequestMaterials/input_Latest Earnings Release"), CONTINUE_ON_FAILURE): Object: 'Object Repository/ContactUs aka RequestMaterials/input_Latest Earnings Release' is clicked on

2019-02-05 15:54:53 - [MESSAGE][PASSED] - Object: 'Object Repository/ContactUs aka RequestMaterials/input_Latest Earnings Release' is clicked on

2019-02-05 15:54:53 - [TEST_STEP][PASSED] - verifyElementPresent(findTestObject("ContactUs aka RequestMaterials/li_Latest Press Release"), 0): Object 'Object Repository/ContactUs aka RequestMaterials/li_Latest Press Release' is present

2019-02-05 15:54:53 - [MESSAGE][WARNING] - Timeout '0' is invalid. Using default page load timeout: '15'

2019-02-05 15:54:53 - [MESSAGE][PASSED] - Object 'Object Repository/ContactUs aka RequestMaterials/li_Latest Press Release' is present

2019-02-05 15:54:53 - [TEST_STEP][PASSED] - click(findTestObject("ContactUs aka RequestMaterials/input_Latest Press Release")): Object: 'Object Repository/ContactUs aka RequestMaterials/input_Latest Press Release' is clicked on

2019-02-05 15:54:53 - [MESSAGE][PASSED] - Object: 'Object Repository/ContactUs aka RequestMaterials/input_Latest Press Release' is clicked on

2019-02-05 15:54:53 - [TEST_STEP][PASSED] - verifyElementChecked(findTestObject("ContactUs aka RequestMaterials/input_Latest Press Release"), 0, CONTINUE_ON_FAILURE): Object 'Object Repository/ContactUs aka RequestMaterials/input_Latest Press Release' is checked

2019-02-05 15:54:53 - [MESSAGE][WARNING] - Timeout '0' is invalid. Using default page load timeout: '15'

2019-02-05 15:54:53 - [MESSAGE][PASSED] - Object 'Object Repository/ContactUs aka RequestMaterials/input_Latest Press Release' is checked

2019-02-05 15:54:53 - [TEST_STEP][PASSED] - verifyElementPresent(findTestObject("ContactUs aka RequestMaterials/li_10-K"), 0): Object 'Object Repository/ContactUs aka RequestMaterials/li_10-K' is present

2019-02-05 15:54:53 - [MESSAGE][WARNING] - Timeout '0' is invalid. Using default page load timeout: '15'

2019-02-05 15:54:53 - [MESSAGE][PASSED] - Object 'Object Repository/ContactUs aka RequestMaterials/li_10-K' is present

2019-02-05 15:54:53 - [TEST_STEP][PASSED] - click(findTestObject("ContactUs aka RequestMaterials/input_10K")): Object: 'Object Repository/ContactUs aka RequestMaterials/input_10K' is clicked on

2019-02-05 15:54:53 - [MESSAGE][PASSED] - Object: 'Object Repository/ContactUs aka RequestMaterials/input_10K' is clicked on

2019-02-05 15:54:53 - [TEST_STEP][PASSED] - verifyElementVisible(findTestObject("ContactUs aka RequestMaterials/li_10-Q"), CONTINUE_ON_FAILURE): Object 'Object Repository/ContactUs aka RequestMaterials/li_10-Q' is visible

2019-02-05 15:54:53 - [MESSAGE][PASSED] - Object 'Object Repository/ContactUs aka RequestMaterials/li_10-Q' is visible

2019-02-05 15:54:53 - [TEST_STEP][PASSED] - click(findTestObject("ContactUs aka RequestMaterials/input_10Q")): Object: 'Object Repository/ContactUs aka RequestMaterials/input_10Q' is clicked on

2019-02-05 15:54:53 - [MESSAGE][PASSED] - Object: 'Object Repository/ContactUs aka RequestMaterials/input_10Q' is clicked on

2019-02-05 15:54:53 - [TEST_STEP][PASSED] - verifyElementNotChecked(findTestObject("ContactUs aka RequestMaterials/input_Other_other"), 0, CONTINUE_ON_FAILURE): Object 'Object Repository/ContactUs aka RequestMaterials/input_Other_other' is not checked

2019-02-05 15:54:53 - [MESSAGE][WARNING] - Timeout '0' is invalid. Using default page load timeout: '15'

2019-02-05 15:54:53 - [MESSAGE][PASSED] - Object 'Object Repository/ContactUs aka RequestMaterials/input_Other_other' is not checked

2019-02-05 15:54:53 - [TEST_STEP][PASSED] - click(findTestObject("ContactUs aka RequestMaterials/input_Other_other")): Object: 'Object Repository/ContactUs aka RequestMaterials/input_Other_other' is clicked on

2019-02-05 15:54:53 - [MESSAGE][PASSED] - Object: 'Object Repository/ContactUs aka RequestMaterials/input_Other_other' is clicked on

2019-02-05 15:54:53 - [TEST_STEP][PASSED] - click(findTestObject("ContactUs aka RequestMaterials/li_Other")): Object: 'Object Repository/ContactUs aka RequestMaterials/li_Other' is clicked on

2019-02-05 15:54:53 - [MESSAGE][PASSED] - Object: 'Object Repository/ContactUs aka RequestMaterials/li_Other' is clicked on

2019-02-05 15:54:53 - [TEST_STEP][PASSED] - setText(findTestObject("ContactUs aka RequestMaterials/textarea_Other_question"), "Questions Comments"): Text 'Questions Comments' is set on object 'Object Repository/ContactUs aka RequestMaterials/textarea_Other_question'

2019-02-05 15:54:53 - [MESSAGE][PASSED] - Text 'Questions Comments' is set on object 'Object Repository/ContactUs aka RequestMaterials/textarea_Other_question'

2019-02-05 15:54:53 - [TEST_STEP][NOT_RUN] - click(findTestObject("ContactUs aka RequestMaterials/Captcha")): NOT_RUN: click(findTestObject("ContactUs aka RequestMaterials/Captcha"))

2019-02-05 15:54:53 - [MESSAGE][NOT_RUN] - NOT_RUN: click(findTestObject("ContactUs aka RequestMaterials/Captcha"))

2019-02-05 15:54:53 - [TEST_STEP][NOT_RUN] - click(findTestObject("ContactUs aka RequestMaterials/div_Submit")): NOT_RUN: click(findTestObject("ContactUs aka RequestMaterials/div_Submit"))

2019-02-05 15:54:53 - [MESSAGE][NOT_RUN] - NOT_RUN: click(findTestObject("ContactUs aka RequestMaterials/div_Submit"))

2019-02-05 15:54:53 - [TEST_STEP][PASSED] - verifyElementPresent(findTestObject("ContactUs aka RequestMaterials/p_Thank you for your interest"), 0): Object 'Object Repository/ContactUs aka RequestMaterials/p_Thank you for your interest' is present

2019-02-05 15:54:53 - [MESSAGE][WARNING] - Timeout '0' is invalid. Using default page load timeout: '15'

2019-02-05 15:54:53 - [MESSAGE][PASSED] - Object 'Object Repository/ContactUs aka RequestMaterials/p_Thank you for your interest' is present

2019-02-05 15:54:53 - [TEST_STEP][PASSED] - verifyElementPresent(findTestObject("ContactUs aka RequestMaterials/p_Please let us know if you ha"), 0): Object 'Object Repository/ContactUs aka RequestMaterials/p_Please let us know if you ha' is present

2019-02-05 15:54:53 - [MESSAGE][WARNING] - Timeout '0' is invalid. Using default page load timeout: '15'

2019-02-05 15:54:53 - [MESSAGE][PASSED] - Object 'Object Repository/ContactUs aka RequestMaterials/p_Please let us know if you ha' is present

2019-02-05 15:54:53 - [TEST_STEP][PASSED] - utilities.BasicFunctions.closeApplication(): utilities.BasicFunctions.closeApplication is PASSED

2019-02-05 15:54:54 - [MESSAGE][PASSED] - Browser is closed

2019-02-05 15:54:54 - [MESSAGE][PASSED] - utilities.BasicFunctions.closeApplication is PASSED

2019-02-05 15:54:55 - [TEST_STEP][PASSED] - Start listener action : sampleAfterTestCase: null

2019-02-05 15:54:55 - [TEST_STEP][PASSED] - if (getTestCaseId().contains("Sample Tests")): null]]></system-out>
         <system-err><![CDATA[]]></system-err>
      </testcase>
      <testcase name="Test Cases/TC007-Calculate Price appreciation or depreciation over period" classname="Test Cases/TC007-Calculate Price appreciation or depreciation over period" status="ERROR">
         <error type="ERROR" message="Test Cases/TC007-Calculate Price appreciation or depreciation over period FAILED.
Reason:
org.codehaus.groovy.runtime.typehandling.GroovyCastException: Cannot cast object 'Current Price:' with class 'java.lang.String' to class 'int'
	at TC007-Calculate Price appreciation or depreciation over period.run(TC007-Calculate Price appreciation or depreciation over period:68)
	at com.kms.katalon.core.main.ScriptEngine.run(ScriptEngine.java:194)
	at com.kms.katalon.core.main.ScriptEngine.runScriptAsRawText(ScriptEngine.java:119)
	at com.kms.katalon.core.main.TestCaseExecutor.runScript(TestCaseExecutor.java:328)
	at com.kms.katalon.core.main.TestCaseExecutor.doExecute(TestCaseExecutor.java:319)
	at com.kms.katalon.core.main.TestCaseExecutor.processExecutionPhase(TestCaseExecutor.java:298)
	at com.kms.katalon.core.main.TestCaseExecutor.accessMainPhase(TestCaseExecutor.java:290)
	at com.kms.katalon.core.main.TestCaseExecutor.execute(TestCaseExecutor.java:224)
	at com.kms.katalon.core.main.TestSuiteExecutor.accessTestCaseMainPhase(TestSuiteExecutor.java:129)
	at com.kms.katalon.core.main.TestSuiteExecutor.accessTestSuiteMainPhase(TestSuiteExecutor.java:112)
	at com.kms.katalon.core.main.TestSuiteExecutor.execute(TestSuiteExecutor.java:81)
	at com.kms.katalon.core.main.TestCaseMain.startTestSuite(TestCaseMain.java:149)
	at com.kms.katalon.core.main.TestCaseMain$startTestSuite$0.call(Unknown Source)
	at TempTestSuite1549361034091.run(TempTestSuite1549361034091.groovy:36)
"/>
         <system-out><![CDATA[2019-02-05 15:54:57 - [TEST_CASE][ERROR] - Test Cases/TC007-Calculate Price appreciation or depreciation over period: Test Cases/TC007-Calculate Price appreciation or depreciation over period FAILED.
Reason:
org.codehaus.groovy.runtime.typehandling.GroovyCastException: Cannot cast object 'Current Price:' with class 'java.lang.String' to class 'int'
	at TC007-Calculate Price appreciation or depreciation over period.run(TC007-Calculate Price appreciation or depreciation over period:68)
	at com.kms.katalon.core.main.ScriptEngine.run(ScriptEngine.java:194)
	at com.kms.katalon.core.main.ScriptEngine.runScriptAsRawText(ScriptEngine.java:119)
	at com.kms.katalon.core.main.TestCaseExecutor.runScript(TestCaseExecutor.java:328)
	at com.kms.katalon.core.main.TestCaseExecutor.doExecute(TestCaseExecutor.java:319)
	at com.kms.katalon.core.main.TestCaseExecutor.processExecutionPhase(TestCaseExecutor.java:298)
	at com.kms.katalon.core.main.TestCaseExecutor.accessMainPhase(TestCaseExecutor.java:290)
	at com.kms.katalon.core.main.TestCaseExecutor.execute(TestCaseExecutor.java:224)
	at com.kms.katalon.core.main.TestSuiteExecutor.accessTestCaseMainPhase(TestSuiteExecutor.java:129)
	at com.kms.katalon.core.main.TestSuiteExecutor.accessTestSuiteMainPhase(TestSuiteExecutor.java:112)
	at com.kms.katalon.core.main.TestSuiteExecutor.execute(TestSuiteExecutor.java:81)
	at com.kms.katalon.core.main.TestCaseMain.startTestSuite(TestCaseMain.java:149)
	at com.kms.katalon.core.main.TestCaseMain$startTestSuite$0.call(Unknown Source)
	at TempTestSuite1549361034091.run(TempTestSuite1549361034091.groovy:36)


2019-02-05 15:54:57 - [TEST_STEP][PASSED] - Start listener action : sampleBeforeTestCase: null

2019-02-05 15:54:57 - [TEST_STEP][PASSED] - if (getTestCaseId().contains("Sample Tests")): null

2019-02-05 15:54:57 - [TEST_STEP][PASSED] - callTestCase(findTestCase("TT001-Launch Application"), [:], STOP_ON_FAILURE): Call Test Case 'Test Cases/TT001-Launch Application' successfully

2019-02-05 15:54:57 - [TEST_CASE][PASSED] - Test Cases/TT001-Launch Application: Test Cases/TT001-Launch Application

2019-02-05 15:54:57 - [TEST_STEP][PASSED] - openBrowser(findTestData("URLs").getValue(1, 1)): Browser is opened with url: 'https://ir.amwater.com'

2019-02-05 15:54:57 - [MESSAGE][INFO] - Starting 'Edge' driver

2019-02-05 15:55:26 - [MESSAGE][PASSED] - Browser is opened with url: 'https://ir.amwater.com'

2019-02-05 15:55:26 - [TEST_STEP][PASSED] - delay(10): Delayed 10 second(s)

2019-02-05 15:55:36 - [MESSAGE][PASSED] - Delayed 10 second(s)

2019-02-05 15:55:36 - [TEST_STEP][PASSED] - maximizeWindow(): Current window maximized

2019-02-05 15:55:36 - [MESSAGE][PASSED] - Current window maximized

2019-02-05 15:55:36 - [MESSAGE][PASSED] - Call Test Case 'Test Cases/TT001-Launch Application' successfully

2019-02-05 15:55:36 - [TEST_STEP][PASSED] - mouseOver(findTestObject("Menu_SubMenu_Links/a_Investing With Us")): Object: 'Object Repository/Menu_SubMenu_Links/a_Investing With Us' is hovered

2019-02-05 15:55:36 - [MESSAGE][PASSED] - Object: 'Object Repository/Menu_SubMenu_Links/a_Investing With Us' is hovered

2019-02-05 15:55:36 - [TEST_STEP][PASSED] - click(findTestObject("Menu_SubMenu_Links/a_Investment Calculator")): Object: 'Object Repository/Menu_SubMenu_Links/a_Investment Calculator' is clicked on

2019-02-05 15:55:36 - [MESSAGE][PASSED] - Object: 'Object Repository/Menu_SubMenu_Links/a_Investment Calculator' is clicked on

2019-02-05 15:55:36 - [TEST_STEP][PASSED] - mouseOver(findTestObject("Investment Calculator/i_Total Return_far fa-calendar"), STOP_ON_FAILURE): Object: 'Object Repository/Investment Calculator/i_Total Return_far fa-calendar' is hovered

2019-02-05 15:55:36 - [MESSAGE][PASSED] - Object: 'Object Repository/Investment Calculator/i_Total Return_far fa-calendar' is hovered

2019-02-05 15:55:36 - [TEST_STEP][PASSED] - delay(5): Delayed 5 second(s)

2019-02-05 15:55:41 - [MESSAGE][PASSED] - Delayed 5 second(s)

2019-02-05 15:55:41 - [TEST_STEP][PASSED] - click(findTestObject("Investment Calculator/i_Total Return_far fa-calendar")): Object: 'Object Repository/Investment Calculator/i_Total Return_far fa-calendar' is clicked on

2019-02-05 15:55:41 - [MESSAGE][PASSED] - Object: 'Object Repository/Investment Calculator/i_Total Return_far fa-calendar' is clicked on

2019-02-05 15:55:41 - [TEST_STEP][PASSED] - delay(5): Delayed 5 second(s)

2019-02-05 15:55:46 - [MESSAGE][PASSED] - Delayed 5 second(s)

2019-02-05 15:55:46 - [TEST_STEP][PASSED] - selectOptionByValue(findTestObject("Investment Calculator/select_20082009201020112012201"), "2018", true): All options with value '2018' are selected in object 'Object Repository/Investment Calculator/select_20082009201020112012201'  using regular expression

2019-02-05 15:55:46 - [MESSAGE][PASSED] - All options with value '2018' are selected in object 'Object Repository/Investment Calculator/select_20082009201020112012201'  using regular expression

2019-02-05 15:55:46 - [TEST_STEP][PASSED] - selectOptionByValue(findTestObject("Investment Calculator/select_JanFebMarAprMayJunJulAu"), "12", true): All options with value '12' are selected in object 'Object Repository/Investment Calculator/select_JanFebMarAprMayJunJulAu'  using regular expression

2019-02-05 15:55:47 - [MESSAGE][PASSED] - All options with value '12' are selected in object 'Object Repository/Investment Calculator/select_JanFebMarAprMayJunJulAu'  using regular expression

2019-02-05 15:55:47 - [TEST_STEP][PASSED] - click(findTestObject("Investment Calculator/div_28")): Object: 'Object Repository/Investment Calculator/div_28' is clicked on

2019-02-05 15:55:47 - [MESSAGE][PASSED] - Object: 'Object Repository/Investment Calculator/div_28' is clicked on

2019-02-05 15:55:47 - [TEST_STEP][NOT_RUN] - setText(findTestObject("Investment Calculator/input_Total Return_txt w-100 n"), "01/01/2019"): NOT_RUN: setText(findTestObject("Investment Calculator/input_Total Return_txt w-100 n"), "01/01/2019")

2019-02-05 15:55:47 - [MESSAGE][NOT_RUN] - NOT_RUN: setText(findTestObject("Investment Calculator/input_Total Return_txt w-100 n"), "01/01/2019")

2019-02-05 15:55:47 - [TEST_STEP][PASSED] - setText(findTestObject("Investment Calculator/input_Total Return_txt w-100 n_4"), "100"): Text '100' is set on object 'Object Repository/Investment Calculator/input_Total Return_txt w-100 n_4'

2019-02-05 15:55:47 - [MESSAGE][PASSED] - Text '100' is set on object 'Object Repository/Investment Calculator/input_Total Return_txt w-100 n_4'

2019-02-05 15:55:47 - [TEST_STEP][PASSED] - click(findTestObject("Investment Calculator/button_Calculate Price")): Object: 'Object Repository/Investment Calculator/button_Calculate Price' is clicked on

2019-02-05 15:55:47 - [MESSAGE][PASSED] - Object: 'Object Repository/Investment Calculator/button_Calculate Price' is clicked on

2019-02-05 15:55:47 - [TEST_STEP][PASSED] - inputvalue = getText(findTestObject("Investment Calculator/input_Total Return_txt w-100 n_4")): Text of object 'Object Repository/Investment Calculator/input_Total Return_txt w-100 n_4' is: ''

2019-02-05 15:55:47 - [MESSAGE][PASSED] - Text of object 'Object Repository/Investment Calculator/input_Total Return_txt w-100 n_4' is: ''

2019-02-05 15:55:47 - [TEST_STEP][PASSED] - println(inputvalue): null

2019-02-05 15:55:47 - [TEST_STEP][PASSED] - DynValue = getText(findTestObject("Investment Calculator/h1_100.00")): Text of object 'Object Repository/Investment Calculator/h1_100.00' is: ''

2019-02-05 15:55:47 - [MESSAGE][PASSED] - Text of object 'Object Repository/Investment Calculator/h1_100.00' is: ''

2019-02-05 15:55:47 - [TEST_STEP][PASSED] - println(DynValue): null

2019-02-05 15:55:47 - [TEST_STEP][ERROR] - TodayPrice = getText(findTestObject("Investment Calculator/p_Current Price")): TodayPrice = getText(findTestObject("Investment Calculator/p_Current Price")) FAILED.
Reason:
org.codehaus.groovy.runtime.typehandling.GroovyCastException: Cannot cast object 'Current Price:' with class 'java.lang.String' to class 'int'
	at TC007-Calculate Price appreciation or depreciation over period.run(TC007-Calculate Price appreciation or depreciation over period:68)
	at com.kms.katalon.core.main.ScriptEngine.run(ScriptEngine.java:194)
	at com.kms.katalon.core.main.ScriptEngine.runScriptAsRawText(ScriptEngine.java:119)
	at com.kms.katalon.core.main.TestCaseExecutor.runScript(TestCaseExecutor.java:328)
	at com.kms.katalon.core.main.TestCaseExecutor.doExecute(TestCaseExecutor.java:319)
	at com.kms.katalon.core.main.TestCaseExecutor.processExecutionPhase(TestCaseExecutor.java:298)
	at com.kms.katalon.core.main.TestCaseExecutor.accessMainPhase(TestCaseExecutor.java:290)
	at com.kms.katalon.core.main.TestCaseExecutor.execute(TestCaseExecutor.java:224)
	at com.kms.katalon.core.main.TestSuiteExecutor.accessTestCaseMainPhase(TestSuiteExecutor.java:129)
	at com.kms.katalon.core.main.TestSuiteExecutor.accessTestSuiteMainPhase(TestSuiteExecutor.java:112)
	at com.kms.katalon.core.main.TestSuiteExecutor.execute(TestSuiteExecutor.java:81)
	at com.kms.katalon.core.main.TestCaseMain.startTestSuite(TestCaseMain.java:149)
	at com.kms.katalon.core.main.TestCaseMain$startTestSuite$0.call(Unknown Source)
	at TempTestSuite1549361034091.run(TempTestSuite1549361034091.groovy:36)


2019-02-05 15:55:47 - [MESSAGE][PASSED] - Text of object 'Object Repository/Investment Calculator/p_Current Price' is: 'Current Price:'

2019-02-05 15:55:47 - [MESSAGE][ERROR] - TodayPrice = getText(findTestObject("Investment Calculator/p_Current Price")) FAILED.
Reason:
org.codehaus.groovy.runtime.typehandling.GroovyCastException: Cannot cast object 'Current Price:' with class 'java.lang.String' to class 'int'
	at TC007-Calculate Price appreciation or depreciation over period.run(TC007-Calculate Price appreciation or depreciation over period:68)
	at com.kms.katalon.core.main.ScriptEngine.run(ScriptEngine.java:194)
	at com.kms.katalon.core.main.ScriptEngine.runScriptAsRawText(ScriptEngine.java:119)
	at com.kms.katalon.core.main.TestCaseExecutor.runScript(TestCaseExecutor.java:328)
	at com.kms.katalon.core.main.TestCaseExecutor.doExecute(TestCaseExecutor.java:319)
	at com.kms.katalon.core.main.TestCaseExecutor.processExecutionPhase(TestCaseExecutor.java:298)
	at com.kms.katalon.core.main.TestCaseExecutor.accessMainPhase(TestCaseExecutor.java:290)
	at com.kms.katalon.core.main.TestCaseExecutor.execute(TestCaseExecutor.java:224)
	at com.kms.katalon.core.main.TestSuiteExecutor.accessTestCaseMainPhase(TestSuiteExecutor.java:129)
	at com.kms.katalon.core.main.TestSuiteExecutor.accessTestSuiteMainPhase(TestSuiteExecutor.java:112)
	at com.kms.katalon.core.main.TestSuiteExecutor.execute(TestSuiteExecutor.java:81)
	at com.kms.katalon.core.main.TestCaseMain.startTestSuite(TestCaseMain.java:149)
	at com.kms.katalon.core.main.TestCaseMain$startTestSuite$0.call(Unknown Source)
	at TempTestSuite1549361034091.run(TempTestSuite1549361034091.groovy:36)


2019-02-05 15:55:47 - [TEST_STEP][PASSED] - Start listener action : sampleAfterTestCase: null

2019-02-05 15:55:47 - [TEST_STEP][PASSED] - if (getTestCaseId().contains("Sample Tests")): null]]></system-out>
         <system-err><![CDATA[2019-02-05 15:54:57 - [TEST_CASE][ERROR] - Test Cases/TC007-Calculate Price appreciation or depreciation over period: Test Cases/TC007-Calculate Price appreciation or depreciation over period FAILED.
Reason:
org.codehaus.groovy.runtime.typehandling.GroovyCastException: Cannot cast object 'Current Price:' with class 'java.lang.String' to class 'int'
	at TC007-Calculate Price appreciation or depreciation over period.run(TC007-Calculate Price appreciation or depreciation over period:68)
	at com.kms.katalon.core.main.ScriptEngine.run(ScriptEngine.java:194)
	at com.kms.katalon.core.main.ScriptEngine.runScriptAsRawText(ScriptEngine.java:119)
	at com.kms.katalon.core.main.TestCaseExecutor.runScript(TestCaseExecutor.java:328)
	at com.kms.katalon.core.main.TestCaseExecutor.doExecute(TestCaseExecutor.java:319)
	at com.kms.katalon.core.main.TestCaseExecutor.processExecutionPhase(TestCaseExecutor.java:298)
	at com.kms.katalon.core.main.TestCaseExecutor.accessMainPhase(TestCaseExecutor.java:290)
	at com.kms.katalon.core.main.TestCaseExecutor.execute(TestCaseExecutor.java:224)
	at com.kms.katalon.core.main.TestSuiteExecutor.accessTestCaseMainPhase(TestSuiteExecutor.java:129)
	at com.kms.katalon.core.main.TestSuiteExecutor.accessTestSuiteMainPhase(TestSuiteExecutor.java:112)
	at com.kms.katalon.core.main.TestSuiteExecutor.execute(TestSuiteExecutor.java:81)
	at com.kms.katalon.core.main.TestCaseMain.startTestSuite(TestCaseMain.java:149)
	at com.kms.katalon.core.main.TestCaseMain$startTestSuite$0.call(Unknown Source)
	at TempTestSuite1549361034091.run(TempTestSuite1549361034091.groovy:36)]]></system-err>
      </testcase>
      <testcase name="Test Cases/TC009-Verify Analyst Coverage with checkpoint" classname="Test Cases/TC009-Verify Analyst Coverage with checkpoint" status="PASSED">
         <system-out><![CDATA[2019-02-05 15:55:49 - [TEST_CASE][PASSED] - Test Cases/TC009-Verify Analyst Coverage with checkpoint: Test Cases/TC009-Verify Analyst Coverage with checkpoint

2019-02-05 15:55:49 - [TEST_STEP][PASSED] - Start listener action : sampleBeforeTestCase: null

2019-02-05 15:55:49 - [TEST_STEP][PASSED] - if (getTestCaseId().contains("Sample Tests")): null

2019-02-05 15:55:49 - [TEST_STEP][PASSED] - verifyCheckpoint(findCheckpoint("Checkpoints/AnalystCoverage"), false): Checkpoint data and Source data are matched

2019-02-05 15:55:50 - [MESSAGE][PASSED] - Checkpoint data and Source data are matched

2019-02-05 15:55:50 - [TEST_STEP][PASSED] - Start listener action : sampleAfterTestCase: null

2019-02-05 15:55:50 - [TEST_STEP][PASSED] - if (getTestCaseId().contains("Sample Tests")): null]]></system-out>
         <system-err><![CDATA[]]></system-err>
      </testcase>
      <testcase name="Test Cases/TC010_CheckPageTitleOfSite_CopiedFromSelenium" classname="Test Cases/TC010_CheckPageTitleOfSite_CopiedFromSelenium" status="PASSED">
         <system-out><![CDATA[2019-02-05 15:55:52 - [TEST_CASE][PASSED] - Test Cases/TC010_CheckPageTitleOfSite_CopiedFromSelenium: Test Cases/TC010_CheckPageTitleOfSite_CopiedFromSelenium

2019-02-05 15:55:52 - [TEST_STEP][PASSED] - Start listener action : sampleBeforeTestCase: null

2019-02-05 15:55:52 - [TEST_STEP][PASSED] - if (getTestCaseId().contains("Sample Tests")): null

2019-02-05 15:55:52 - [TEST_STEP][PASSED] - utilities.BasicFunctions.Sel_CheckPageTitle(): utilities.BasicFunctions.Sel_CheckPageTitle is PASSED

2019-02-05 15:56:13 - [MESSAGE][PASSED] - utilities.BasicFunctions.Sel_CheckPageTitle is PASSED

2019-02-05 15:56:13 - [TEST_STEP][PASSED] - Start listener action : sampleAfterTestCase: null

2019-02-05 15:56:13 - [TEST_STEP][PASSED] - if (getTestCaseId().contains("Sample Tests")): null]]></system-out>
         <system-err><![CDATA[]]></system-err>
      </testcase>
      <system-out><![CDATA[2019-02-05 15:50:49 - [TEST_SUITE][FAILED] - Validate UI: Test Cases/TC002-Check Tooltips on Historical Pricing FAILED.
Reason:
com.kms.katalon.core.exception.StepFailedException: Unable to click on object 'Object Repository/Factsheet_mobile/Page_Investor Relations/i_Investing With Us_fas fa-bar' (Root cause: org.openqa.selenium.WebDriverException: Unknown error (WARNING: The server did not provide any stacktrace information)
Command duration or timeout: 0 milliseconds
Build info: version: '3.7.1', revision: '8a0099a', time: '2017-11-06T21:07:36.161Z'
System info: host: 'AOHYDLT0059', ip: '10.10.11.27', os.name: 'Windows 10', os.arch: 'amd64', os.version: '10.0', java.version: '1.8.0_181'
Driver info: com.kms.katalon.selenium.driver.CEdgeDriver
Capabilities {InPrivate: false, acceptSslCerts: true, applicationCacheEnabled: true, browserName: MicrosoftEdge, browserVersion: 42.17134.1.0, javascriptEnabled: true, locationContextEnabled: true, pageLoadStrategy: normal, platform: WINDOWS, platformName: WINDOWS, platformVersion: 10, takesElementScreenshot: true, takesScreenshot: true, webStorageEnabled: true}
Session ID: 855F5443-4791-44E2-8B16-8C658C809BCD)
	at com.kms.katalon.core.keyword.internal.KeywordMain.stepFailed(KeywordMain.groovy:36)
	at com.kms.katalon.core.webui.keyword.internal.WebUIKeywordMain.stepFailed(WebUIKeywordMain.groovy:65)
	at com.kms.katalon.core.webui.keyword.internal.WebUIKeywordMain.runKeyword(WebUIKeywordMain.groovy:27)
	at com.kms.katalon.core.webui.keyword.builtin.ClickKeyword.click(ClickKeyword.groovy:86)
	at com.kms.katalon.core.webui.keyword.builtin.ClickKeyword.execute(ClickKeyword.groovy:67)
	at com.kms.katalon.core.keyword.internal.KeywordExecutor.executeKeywordForPlatform(KeywordExecutor.groovy:53)
	at com.kms.katalon.core.webui.keyword.WebUiBuiltInKeywords.click(WebUiBuiltInKeywords.groovy:616)
	at com.kms.katalon.core.webui.keyword.WebUiBuiltInKeywords$click$2.call(Unknown Source)
	at TC002-Check Tooltips on Historical Pricing.run(TC002-Check Tooltips on Historical Pricing:20)
	at com.kms.katalon.core.main.ScriptEngine.run(ScriptEngine.java:194)
	at com.kms.katalon.core.main.ScriptEngine.runScriptAsRawText(ScriptEngine.java:119)
	at com.kms.katalon.core.main.TestCaseExecutor.runScript(TestCaseExecutor.java:328)
	at com.kms.katalon.core.main.TestCaseExecutor.doExecute(TestCaseExecutor.java:319)
	at com.kms.katalon.core.main.TestCaseExecutor.processExecutionPhase(TestCaseExecutor.java:298)
	at com.kms.katalon.core.main.TestCaseExecutor.accessMainPhase(TestCaseExecutor.java:290)
	at com.kms.katalon.core.main.TestCaseExecutor.execute(TestCaseExecutor.java:224)
	at com.kms.katalon.core.main.TestSuiteExecutor.accessTestCaseMainPhase(TestSuiteExecutor.java:129)
	at com.kms.katalon.core.main.TestSuiteExecutor.accessTestSuiteMainPhase(TestSuiteExecutor.java:112)
	at com.kms.katalon.core.main.TestSuiteExecutor.execute(TestSuiteExecutor.java:81)
	at com.kms.katalon.core.main.TestCaseMain.startTestSuite(TestCaseMain.java:149)
	at com.kms.katalon.core.main.TestCaseMain$startTestSuite$0.call(Unknown Source)
	at TempTestSuite1549361034091.run(TempTestSuite1549361034091.groovy:36)]]></system-out>
      <system-err><![CDATA[2019-02-05 15:50:49 - [TEST_SUITE][FAILED] - Validate UI: Test Cases/TC002-Check Tooltips on Historical Pricing FAILED.
Reason:
com.kms.katalon.core.exception.StepFailedException: Unable to click on object 'Object Repository/Factsheet_mobile/Page_Investor Relations/i_Investing With Us_fas fa-bar' (Root cause: org.openqa.selenium.WebDriverException: Unknown error (WARNING: The server did not provide any stacktrace information)
Command duration or timeout: 0 milliseconds
Build info: version: '3.7.1', revision: '8a0099a', time: '2017-11-06T21:07:36.161Z'
System info: host: 'AOHYDLT0059', ip: '10.10.11.27', os.name: 'Windows 10', os.arch: 'amd64', os.version: '10.0', java.version: '1.8.0_181'
Driver info: com.kms.katalon.selenium.driver.CEdgeDriver
Capabilities {InPrivate: false, acceptSslCerts: true, applicationCacheEnabled: true, browserName: MicrosoftEdge, browserVersion: 42.17134.1.0, javascriptEnabled: true, locationContextEnabled: true, pageLoadStrategy: normal, platform: WINDOWS, platformName: WINDOWS, platformVersion: 10, takesElementScreenshot: true, takesScreenshot: true, webStorageEnabled: true}
Session ID: 855F5443-4791-44E2-8B16-8C658C809BCD)
	at com.kms.katalon.core.keyword.internal.KeywordMain.stepFailed(KeywordMain.groovy:36)
	at com.kms.katalon.core.webui.keyword.internal.WebUIKeywordMain.stepFailed(WebUIKeywordMain.groovy:65)
	at com.kms.katalon.core.webui.keyword.internal.WebUIKeywordMain.runKeyword(WebUIKeywordMain.groovy:27)
	at com.kms.katalon.core.webui.keyword.builtin.ClickKeyword.click(ClickKeyword.groovy:86)
	at com.kms.katalon.core.webui.keyword.builtin.ClickKeyword.execute(ClickKeyword.groovy:67)
	at com.kms.katalon.core.keyword.internal.KeywordExecutor.executeKeywordForPlatform(KeywordExecutor.groovy:53)
	at com.kms.katalon.core.webui.keyword.WebUiBuiltInKeywords.click(WebUiBuiltInKeywords.groovy:616)
	at com.kms.katalon.core.webui.keyword.WebUiBuiltInKeywords$click$2.call(Unknown Source)
	at TC002-Check Tooltips on Historical Pricing.run(TC002-Check Tooltips on Historical Pricing:20)
	at com.kms.katalon.core.main.ScriptEngine.run(ScriptEngine.java:194)
	at com.kms.katalon.core.main.ScriptEngine.runScriptAsRawText(ScriptEngine.java:119)
	at com.kms.katalon.core.main.TestCaseExecutor.runScript(TestCaseExecutor.java:328)
	at com.kms.katalon.core.main.TestCaseExecutor.doExecute(TestCaseExecutor.java:319)
	at com.kms.katalon.core.main.TestCaseExecutor.processExecutionPhase(TestCaseExecutor.java:298)
	at com.kms.katalon.core.main.TestCaseExecutor.accessMainPhase(TestCaseExecutor.java:290)
	at com.kms.katalon.core.main.TestCaseExecutor.execute(TestCaseExecutor.java:224)
	at com.kms.katalon.core.main.TestSuiteExecutor.accessTestCaseMainPhase(TestSuiteExecutor.java:129)
	at com.kms.katalon.core.main.TestSuiteExecutor.accessTestSuiteMainPhase(TestSuiteExecutor.java:112)
	at com.kms.katalon.core.main.TestSuiteExecutor.execute(TestSuiteExecutor.java:81)
	at com.kms.katalon.core.main.TestCaseMain.startTestSuite(TestCaseMain.java:149)
	at com.kms.katalon.core.main.TestCaseMain$startTestSuite$0.call(Unknown Source)
	at TempTestSuite1549361034091.run(TempTestSuite1549361034091.groovy:36)]]></system-err>
   </testsuite>
</testsuites>
