<?xml version="1.0" encoding="UTF-8"?>
<testsuites name="Validate UI" time="178" tests="0" failures="1" errors="5">
   <testsuite name="Validate UI" tests="0" failures="1" errors="5" time="178" timestamp="2019-02-08 12:52:33" hostname="hiteshc - AOHYDLT0059.apporchid.com" id="Test Suites/Test Suite/Validate UI">
      <properties>
         <property name="deviceName" value=""/>
         <property name="devicePlatform" value=""/>
         <property name="logFolder" value="D:\\git\\IR-Project\\Reports\\Test Suite\\Validate UI\\20190208_124654"/>
         <property name="logFiles" value="D:\\git\\IR-Project\\Reports\\Test Suite\\Validate UI\\20190208_124654\\execution0.log"/>
         <property name="attachments" value="D:\\git\\IR-Project\\Reports\\Test Suite\\Validate UI\\20190208_124654\\1549610652823.png"/>
         <property name="hostName" value="hiteshc - AOHYDLT0059.apporchid.com"/>
         <property name="os" value="Windows 10 64bit"/>
         <property name="katalonVersion" value="5.10.1.1"/>
         <property name="browser" value="Chrome 71.0.3578.98"/>
         <property name="hostAddress" value="10.10.11.27"/>
         <property name="sessionId" value="738024758c63d19b34586c6c3af91b7f"/>
         <property name="seleniumVersion" value="3.7.1"/>
         <property name="proxyInformation" value="ProxyInformation{proxyOption=NO_PROXY, proxyServerType=HTTP, password=, proxyServerAddress=, proxyServerPort=0}"/>
         <property name="platform" value="Windows 10"/>
      </properties>
      <testcase name="Test Cases/TC001-Check Factsheet URL on home page" classname="Test Cases/TC001-Check Factsheet URL on home page" status="ERROR">
         <error type="ERROR" message="Test Cases/TC001-Check Factsheet URL on home page FAILED.
Reason:
java.lang.ClassNotFoundException: utilities.BasicFunctions
	at com.kms.katalon.core.main.CustomKeywordDelegatingMetaClass.getCustomKeywordClassAndSetMetaClass(CustomKeywordDelegatingMetaClass.java:98)
	at com.kms.katalon.core.main.CustomKeywordDelegatingMetaClass.invokeStaticMethod(CustomKeywordDelegatingMetaClass.java:44)
	at TC001-Check Factsheet URL on home page.run(TC001-Check Factsheet URL on home page:43)
	at com.kms.katalon.core.main.ScriptEngine.run(ScriptEngine.java:194)
	at com.kms.katalon.core.main.ScriptEngine.runScriptAsRawText(ScriptEngine.java:119)
	at com.kms.katalon.core.main.TestCaseExecutor.runScript(TestCaseExecutor.java:328)
	at com.kms.katalon.core.main.TestCaseExecutor.doExecute(TestCaseExecutor.java:319)
	at com.kms.katalon.core.main.TestCaseExecutor.processExecutionPhase(TestCaseExecutor.java:298)
	at com.kms.katalon.core.main.TestCaseExecutor.accessMainPhase(TestCaseExecutor.java:290)
	at com.kms.katalon.core.main.TestCaseExecutor.execute(TestCaseExecutor.java:224)
	at com.kms.katalon.core.main.TestSuiteExecutor.accessTestCaseMainPhase(TestSuiteExecutor.java:129)
	at com.kms.katalon.core.main.TestSuiteExecutor.accessTestSuiteMainPhase(TestSuiteExecutor.java:112)
	at com.kms.katalon.core.main.TestSuiteExecutor.execute(TestSuiteExecutor.java:81)
	at com.kms.katalon.core.main.TestCaseMain.startTestSuite(TestCaseMain.java:149)
	at com.kms.katalon.core.main.TestCaseMain$startTestSuite$0.call(Unknown Source)
	at TempTestSuite1549610214322.run(TempTestSuite1549610214322.groovy:36)
"/>
         <system-out><![CDATA[2019-02-08 12:52:33 - [TEST_CASE][ERROR] - Test Cases/TC001-Check Factsheet URL on home page: Test Cases/TC001-Check Factsheet URL on home page FAILED.
Reason:
java.lang.ClassNotFoundException: utilities.BasicFunctions
	at com.kms.katalon.core.main.CustomKeywordDelegatingMetaClass.getCustomKeywordClassAndSetMetaClass(CustomKeywordDelegatingMetaClass.java:98)
	at com.kms.katalon.core.main.CustomKeywordDelegatingMetaClass.invokeStaticMethod(CustomKeywordDelegatingMetaClass.java:44)
	at TC001-Check Factsheet URL on home page.run(TC001-Check Factsheet URL on home page:43)
	at com.kms.katalon.core.main.ScriptEngine.run(ScriptEngine.java:194)
	at com.kms.katalon.core.main.ScriptEngine.runScriptAsRawText(ScriptEngine.java:119)
	at com.kms.katalon.core.main.TestCaseExecutor.runScript(TestCaseExecutor.java:328)
	at com.kms.katalon.core.main.TestCaseExecutor.doExecute(TestCaseExecutor.java:319)
	at com.kms.katalon.core.main.TestCaseExecutor.processExecutionPhase(TestCaseExecutor.java:298)
	at com.kms.katalon.core.main.TestCaseExecutor.accessMainPhase(TestCaseExecutor.java:290)
	at com.kms.katalon.core.main.TestCaseExecutor.execute(TestCaseExecutor.java:224)
	at com.kms.katalon.core.main.TestSuiteExecutor.accessTestCaseMainPhase(TestSuiteExecutor.java:129)
	at com.kms.katalon.core.main.TestSuiteExecutor.accessTestSuiteMainPhase(TestSuiteExecutor.java:112)
	at com.kms.katalon.core.main.TestSuiteExecutor.execute(TestSuiteExecutor.java:81)
	at com.kms.katalon.core.main.TestCaseMain.startTestSuite(TestCaseMain.java:149)
	at com.kms.katalon.core.main.TestCaseMain$startTestSuite$0.call(Unknown Source)
	at TempTestSuite1549610214322.run(TempTestSuite1549610214322.groovy:36)


2019-02-08 12:52:33 - [TEST_STEP][PASSED] - Start listener action : sampleBeforeTestCase: null

2019-02-08 12:52:33 - [TEST_STEP][PASSED] - if (getTestCaseId().contains("Sample Tests")): null

2019-02-08 12:52:33 - [TEST_STEP][PASSED] - callTestCase(findTestCase("TT001-Launch Application"), [:], STOP_ON_FAILURE): Call Test Case 'Test Cases/TT001-Launch Application' successfully

2019-02-08 12:52:34 - [TEST_CASE][PASSED] - Test Cases/TT001-Launch Application: Test Cases/TT001-Launch Application

2019-02-08 12:52:34 - [TEST_STEP][PASSED] - openBrowser(findTestData("URLs").getValue(1, 1)): Browser is opened with url: 'https://ir.amwater.com'

2019-02-08 12:52:34 - [MESSAGE][INFO] - Starting 'Chrome' driver

2019-02-08 12:52:34 - [MESSAGE][INFO] - Action delay is set to 0 seconds

2019-02-08 12:53:15 - [MESSAGE][PASSED] - Browser is opened with url: 'https://ir.amwater.com'

2019-02-08 12:53:15 - [TEST_STEP][PASSED] - delay(10): Delayed 10 second(s)

2019-02-08 12:53:25 - [MESSAGE][PASSED] - Delayed 10 second(s)

2019-02-08 12:53:25 - [TEST_STEP][PASSED] - maximizeWindow(): Current window maximized

2019-02-08 12:53:27 - [MESSAGE][PASSED] - Current window maximized

2019-02-08 12:53:27 - [MESSAGE][PASSED] - Call Test Case 'Test Cases/TT001-Launch Application' successfully

2019-02-08 12:53:27 - [TEST_STEP][PASSED] - verifyElementPresent(findTestObject("Home Page/a_Fact Sheet"), 30): Object 'Object Repository/Home Page/a_Fact Sheet' is present

2019-02-08 12:53:27 - [MESSAGE][PASSED] - Object 'Object Repository/Home Page/a_Fact Sheet' is present

2019-02-08 12:53:27 - [TEST_STEP][PASSED] - click(findTestObject("Home Page/a_Fact Sheet")): Object: 'Object Repository/Home Page/a_Fact Sheet' is clicked on

2019-02-08 12:53:27 - [MESSAGE][PASSED] - Object: 'Object Repository/Home Page/a_Fact Sheet' is clicked on

2019-02-08 12:53:27 - [TEST_STEP][PASSED] - switchToWindowIndex(1): Switched to window with index: '1'

2019-02-08 12:53:27 - [MESSAGE][PASSED] - Switched to window with index: '1'

2019-02-08 12:53:27 - [TEST_STEP][PASSED] - waitForPageLoad(10): Wait for page load successfully

2019-02-08 12:53:28 - [MESSAGE][PASSED] - Wait for page load successfully

2019-02-08 12:53:28 - [TEST_STEP][PASSED] - maximizeWindow(): Current window maximized

2019-02-08 12:53:28 - [MESSAGE][PASSED] - Current window maximized

2019-02-08 12:53:28 - [TEST_STEP][PASSED] - ActualUrl = getUrl(): Current window's url is: 'https://ir.amwater.com/cp-content-ms/documents/259581/0/2018_FactSheet_Final.pdf/9af8b6a2-99ad-41f7-927d-cf12840d32ae'

2019-02-08 12:53:28 - [MESSAGE][PASSED] - Current window's url is: 'https://ir.amwater.com/cp-content-ms/documents/259581/0/2018_FactSheet_Final.pdf/9af8b6a2-99ad-41f7-927d-cf12840d32ae'

2019-02-08 12:53:28 - [TEST_STEP][PASSED] - ExpectedUrl = "https://ir.amwater.com/cp-content-ms/documents/259581/0/2018_FactSheet_Final.pdf/9af8b6a2-99ad-41f7-927d-cf12840d32ae": null

2019-02-08 12:53:28 - [TEST_STEP][PASSED] - if (ActualUrl.equals(ExpectedUrl)): URL for the factshet is as expected

2019-02-08 12:53:28 - [TEST_STEP][PASSED] - comment("URL for the factshet is as expected"): URL for the factshet is as expected

2019-02-08 12:53:28 - [MESSAGE][INFO] - URL for the factshet is as expected

2019-02-08 12:53:28 - [TEST_STEP][ERROR] - utilities.BasicFunctions.closeApplication(): utilities.BasicFunctions.closeApplication() FAILED.
Reason:
java.lang.ClassNotFoundException: utilities.BasicFunctions
	at com.kms.katalon.core.main.CustomKeywordDelegatingMetaClass.getCustomKeywordClassAndSetMetaClass(CustomKeywordDelegatingMetaClass.java:98)
	at com.kms.katalon.core.main.CustomKeywordDelegatingMetaClass.invokeStaticMethod(CustomKeywordDelegatingMetaClass.java:44)
	at TC001-Check Factsheet URL on home page.run(TC001-Check Factsheet URL on home page:43)
	at com.kms.katalon.core.main.ScriptEngine.run(ScriptEngine.java:194)
	at com.kms.katalon.core.main.ScriptEngine.runScriptAsRawText(ScriptEngine.java:119)
	at com.kms.katalon.core.main.TestCaseExecutor.runScript(TestCaseExecutor.java:328)
	at com.kms.katalon.core.main.TestCaseExecutor.doExecute(TestCaseExecutor.java:319)
	at com.kms.katalon.core.main.TestCaseExecutor.processExecutionPhase(TestCaseExecutor.java:298)
	at com.kms.katalon.core.main.TestCaseExecutor.accessMainPhase(TestCaseExecutor.java:290)
	at com.kms.katalon.core.main.TestCaseExecutor.execute(TestCaseExecutor.java:224)
	at com.kms.katalon.core.main.TestSuiteExecutor.accessTestCaseMainPhase(TestSuiteExecutor.java:129)
	at com.kms.katalon.core.main.TestSuiteExecutor.accessTestSuiteMainPhase(TestSuiteExecutor.java:112)
	at com.kms.katalon.core.main.TestSuiteExecutor.execute(TestSuiteExecutor.java:81)
	at com.kms.katalon.core.main.TestCaseMain.startTestSuite(TestCaseMain.java:149)
	at com.kms.katalon.core.main.TestCaseMain$startTestSuite$0.call(Unknown Source)
	at TempTestSuite1549610214322.run(TempTestSuite1549610214322.groovy:36)


2019-02-08 12:53:28 - [MESSAGE][ERROR] - utilities.BasicFunctions

2019-02-08 12:53:28 - [MESSAGE][ERROR] - utilities.BasicFunctions.closeApplication() FAILED.
Reason:
java.lang.ClassNotFoundException: utilities.BasicFunctions
	at com.kms.katalon.core.main.CustomKeywordDelegatingMetaClass.getCustomKeywordClassAndSetMetaClass(CustomKeywordDelegatingMetaClass.java:98)
	at com.kms.katalon.core.main.CustomKeywordDelegatingMetaClass.invokeStaticMethod(CustomKeywordDelegatingMetaClass.java:44)
	at TC001-Check Factsheet URL on home page.run(TC001-Check Factsheet URL on home page:43)
	at com.kms.katalon.core.main.ScriptEngine.run(ScriptEngine.java:194)
	at com.kms.katalon.core.main.ScriptEngine.runScriptAsRawText(ScriptEngine.java:119)
	at com.kms.katalon.core.main.TestCaseExecutor.runScript(TestCaseExecutor.java:328)
	at com.kms.katalon.core.main.TestCaseExecutor.doExecute(TestCaseExecutor.java:319)
	at com.kms.katalon.core.main.TestCaseExecutor.processExecutionPhase(TestCaseExecutor.java:298)
	at com.kms.katalon.core.main.TestCaseExecutor.accessMainPhase(TestCaseExecutor.java:290)
	at com.kms.katalon.core.main.TestCaseExecutor.execute(TestCaseExecutor.java:224)
	at com.kms.katalon.core.main.TestSuiteExecutor.accessTestCaseMainPhase(TestSuiteExecutor.java:129)
	at com.kms.katalon.core.main.TestSuiteExecutor.accessTestSuiteMainPhase(TestSuiteExecutor.java:112)
	at com.kms.katalon.core.main.TestSuiteExecutor.execute(TestSuiteExecutor.java:81)
	at com.kms.katalon.core.main.TestCaseMain.startTestSuite(TestCaseMain.java:149)
	at com.kms.katalon.core.main.TestCaseMain$startTestSuite$0.call(Unknown Source)
	at TempTestSuite1549610214322.run(TempTestSuite1549610214322.groovy:36)


2019-02-08 12:53:28 - [TEST_STEP][PASSED] - Start listener action : sampleAfterTestCase: null

2019-02-08 12:53:28 - [TEST_STEP][PASSED] - if (getTestCaseId().contains("Sample Tests")): null]]></system-out>
         <system-err><![CDATA[2019-02-08 12:52:33 - [TEST_CASE][ERROR] - Test Cases/TC001-Check Factsheet URL on home page: Test Cases/TC001-Check Factsheet URL on home page FAILED.
Reason:
java.lang.ClassNotFoundException: utilities.BasicFunctions
	at com.kms.katalon.core.main.CustomKeywordDelegatingMetaClass.getCustomKeywordClassAndSetMetaClass(CustomKeywordDelegatingMetaClass.java:98)
	at com.kms.katalon.core.main.CustomKeywordDelegatingMetaClass.invokeStaticMethod(CustomKeywordDelegatingMetaClass.java:44)
	at TC001-Check Factsheet URL on home page.run(TC001-Check Factsheet URL on home page:43)
	at com.kms.katalon.core.main.ScriptEngine.run(ScriptEngine.java:194)
	at com.kms.katalon.core.main.ScriptEngine.runScriptAsRawText(ScriptEngine.java:119)
	at com.kms.katalon.core.main.TestCaseExecutor.runScript(TestCaseExecutor.java:328)
	at com.kms.katalon.core.main.TestCaseExecutor.doExecute(TestCaseExecutor.java:319)
	at com.kms.katalon.core.main.TestCaseExecutor.processExecutionPhase(TestCaseExecutor.java:298)
	at com.kms.katalon.core.main.TestCaseExecutor.accessMainPhase(TestCaseExecutor.java:290)
	at com.kms.katalon.core.main.TestCaseExecutor.execute(TestCaseExecutor.java:224)
	at com.kms.katalon.core.main.TestSuiteExecutor.accessTestCaseMainPhase(TestSuiteExecutor.java:129)
	at com.kms.katalon.core.main.TestSuiteExecutor.accessTestSuiteMainPhase(TestSuiteExecutor.java:112)
	at com.kms.katalon.core.main.TestSuiteExecutor.execute(TestSuiteExecutor.java:81)
	at com.kms.katalon.core.main.TestCaseMain.startTestSuite(TestCaseMain.java:149)
	at com.kms.katalon.core.main.TestCaseMain$startTestSuite$0.call(Unknown Source)
	at TempTestSuite1549610214322.run(TempTestSuite1549610214322.groovy:36)]]></system-err>
      </testcase>
      <testcase name="Test Cases/TC002-Check Tooltips on Historical Pricing" classname="Test Cases/TC002-Check Tooltips on Historical Pricing" status="FAILED">
         <failure type="FAILED" message="Test Cases/TC002-Check Tooltips on Historical Pricing FAILED.
Reason:
com.kms.katalon.core.exception.StepFailedException: Unable to click on object 'Object Repository/Factsheet_mobile/Page_Investor Relations/i_Investing With Us_fas fa-bar' (Root cause: org.openqa.selenium.ElementNotVisibleException: element not interactable
  (Session info: chrome=71.0.3578.98)
  (Driver info: chromedriver=2.43.600210 (68dcf5eebde37173d4027fa8635e332711d2874a),platform=Windows NT 10.0.17134 x86_64) (WARNING: The server did not provide any stacktrace information)
Command duration or timeout: 0 milliseconds
Build info: version: '3.7.1', revision: '8a0099a', time: '2017-11-06T21:07:36.161Z'
System info: host: 'AOHYDLT0059', ip: '10.10.11.27', os.name: 'Windows 10', os.arch: 'amd64', os.version: '10.0', java.version: '1.8.0_181'
Driver info: com.kms.katalon.selenium.driver.CChromeDriver
Capabilities {acceptInsecureCerts: false, acceptSslCerts: false, applicationCacheEnabled: false, browserConnectionEnabled: false, browserName: chrome, chrome: {chromedriverVersion: 2.43.600210 (68dcf5eebde371..., userDataDir: C:\Users\hiteshc\AppData\Lo...}, cssSelectorsEnabled: true, databaseEnabled: false, goog:chromeOptions: {debuggerAddress: localhost:51711}, handlesAlerts: true, hasTouchScreen: false, javascriptEnabled: true, locationContextEnabled: true, mobileEmulationEnabled: false, nativeEvents: true, networkConnectionEnabled: false, pageLoadStrategy: normal, platform: XP, platformName: XP, rotatable: false, setWindowRect: true, takesHeapSnapshot: true, takesScreenshot: true, unexpectedAlertBehaviour: , unhandledPromptBehavior: , version: 71.0.3578.98, webStorageEnabled: true}
Session ID: 2d12a466274ca21a5ecb52bb96632da4)
	at com.kms.katalon.core.keyword.internal.KeywordMain.stepFailed(KeywordMain.groovy:36)
	at com.kms.katalon.core.webui.keyword.internal.WebUIKeywordMain.stepFailed(WebUIKeywordMain.groovy:65)
	at com.kms.katalon.core.webui.keyword.internal.WebUIKeywordMain.runKeyword(WebUIKeywordMain.groovy:27)
	at com.kms.katalon.core.webui.keyword.builtin.ClickKeyword.click(ClickKeyword.groovy:86)
	at com.kms.katalon.core.webui.keyword.builtin.ClickKeyword.execute(ClickKeyword.groovy:67)
	at com.kms.katalon.core.keyword.internal.KeywordExecutor.executeKeywordForPlatform(KeywordExecutor.groovy:53)
	at com.kms.katalon.core.webui.keyword.WebUiBuiltInKeywords.click(WebUiBuiltInKeywords.groovy:616)
	at com.kms.katalon.core.webui.keyword.WebUiBuiltInKeywords$click$2.call(Unknown Source)
	at TC002-Check Tooltips on Historical Pricing.run(TC002-Check Tooltips on Historical Pricing:20)
	at com.kms.katalon.core.main.ScriptEngine.run(ScriptEngine.java:194)
	at com.kms.katalon.core.main.ScriptEngine.runScriptAsRawText(ScriptEngine.java:119)
	at com.kms.katalon.core.main.TestCaseExecutor.runScript(TestCaseExecutor.java:328)
	at com.kms.katalon.core.main.TestCaseExecutor.doExecute(TestCaseExecutor.java:319)
	at com.kms.katalon.core.main.TestCaseExecutor.processExecutionPhase(TestCaseExecutor.java:298)
	at com.kms.katalon.core.main.TestCaseExecutor.accessMainPhase(TestCaseExecutor.java:290)
	at com.kms.katalon.core.main.TestCaseExecutor.execute(TestCaseExecutor.java:224)
	at com.kms.katalon.core.main.TestSuiteExecutor.accessTestCaseMainPhase(TestSuiteExecutor.java:129)
	at com.kms.katalon.core.main.TestSuiteExecutor.accessTestSuiteMainPhase(TestSuiteExecutor.java:112)
	at com.kms.katalon.core.main.TestSuiteExecutor.execute(TestSuiteExecutor.java:81)
	at com.kms.katalon.core.main.TestCaseMain.startTestSuite(TestCaseMain.java:149)
	at com.kms.katalon.core.main.TestCaseMain$startTestSuite$0.call(Unknown Source)
	at TempTestSuite1549610214322.run(TempTestSuite1549610214322.groovy:36)
"/>
         <system-out><![CDATA[2019-02-08 12:53:30 - [TEST_CASE][FAILED] - Test Cases/TC002-Check Tooltips on Historical Pricing: Test Cases/TC002-Check Tooltips on Historical Pricing FAILED.
Reason:
com.kms.katalon.core.exception.StepFailedException: Unable to click on object 'Object Repository/Factsheet_mobile/Page_Investor Relations/i_Investing With Us_fas fa-bar' (Root cause: org.openqa.selenium.ElementNotVisibleException: element not interactable
  (Session info: chrome=71.0.3578.98)
  (Driver info: chromedriver=2.43.600210 (68dcf5eebde37173d4027fa8635e332711d2874a),platform=Windows NT 10.0.17134 x86_64) (WARNING: The server did not provide any stacktrace information)
Command duration or timeout: 0 milliseconds
Build info: version: '3.7.1', revision: '8a0099a', time: '2017-11-06T21:07:36.161Z'
System info: host: 'AOHYDLT0059', ip: '10.10.11.27', os.name: 'Windows 10', os.arch: 'amd64', os.version: '10.0', java.version: '1.8.0_181'
Driver info: com.kms.katalon.selenium.driver.CChromeDriver
Capabilities {acceptInsecureCerts: false, acceptSslCerts: false, applicationCacheEnabled: false, browserConnectionEnabled: false, browserName: chrome, chrome: {chromedriverVersion: 2.43.600210 (68dcf5eebde371..., userDataDir: C:\Users\hiteshc\AppData\Lo...}, cssSelectorsEnabled: true, databaseEnabled: false, goog:chromeOptions: {debuggerAddress: localhost:51711}, handlesAlerts: true, hasTouchScreen: false, javascriptEnabled: true, locationContextEnabled: true, mobileEmulationEnabled: false, nativeEvents: true, networkConnectionEnabled: false, pageLoadStrategy: normal, platform: XP, platformName: XP, rotatable: false, setWindowRect: true, takesHeapSnapshot: true, takesScreenshot: true, unexpectedAlertBehaviour: , unhandledPromptBehavior: , version: 71.0.3578.98, webStorageEnabled: true}
Session ID: 2d12a466274ca21a5ecb52bb96632da4)
	at com.kms.katalon.core.keyword.internal.KeywordMain.stepFailed(KeywordMain.groovy:36)
	at com.kms.katalon.core.webui.keyword.internal.WebUIKeywordMain.stepFailed(WebUIKeywordMain.groovy:65)
	at com.kms.katalon.core.webui.keyword.internal.WebUIKeywordMain.runKeyword(WebUIKeywordMain.groovy:27)
	at com.kms.katalon.core.webui.keyword.builtin.ClickKeyword.click(ClickKeyword.groovy:86)
	at com.kms.katalon.core.webui.keyword.builtin.ClickKeyword.execute(ClickKeyword.groovy:67)
	at com.kms.katalon.core.keyword.internal.KeywordExecutor.executeKeywordForPlatform(KeywordExecutor.groovy:53)
	at com.kms.katalon.core.webui.keyword.WebUiBuiltInKeywords.click(WebUiBuiltInKeywords.groovy:616)
	at com.kms.katalon.core.webui.keyword.WebUiBuiltInKeywords$click$2.call(Unknown Source)
	at TC002-Check Tooltips on Historical Pricing.run(TC002-Check Tooltips on Historical Pricing:20)
	at com.kms.katalon.core.main.ScriptEngine.run(ScriptEngine.java:194)
	at com.kms.katalon.core.main.ScriptEngine.runScriptAsRawText(ScriptEngine.java:119)
	at com.kms.katalon.core.main.TestCaseExecutor.runScript(TestCaseExecutor.java:328)
	at com.kms.katalon.core.main.TestCaseExecutor.doExecute(TestCaseExecutor.java:319)
	at com.kms.katalon.core.main.TestCaseExecutor.processExecutionPhase(TestCaseExecutor.java:298)
	at com.kms.katalon.core.main.TestCaseExecutor.accessMainPhase(TestCaseExecutor.java:290)
	at com.kms.katalon.core.main.TestCaseExecutor.execute(TestCaseExecutor.java:224)
	at com.kms.katalon.core.main.TestSuiteExecutor.accessTestCaseMainPhase(TestSuiteExecutor.java:129)
	at com.kms.katalon.core.main.TestSuiteExecutor.accessTestSuiteMainPhase(TestSuiteExecutor.java:112)
	at com.kms.katalon.core.main.TestSuiteExecutor.execute(TestSuiteExecutor.java:81)
	at com.kms.katalon.core.main.TestCaseMain.startTestSuite(TestCaseMain.java:149)
	at com.kms.katalon.core.main.TestCaseMain$startTestSuite$0.call(Unknown Source)
	at TempTestSuite1549610214322.run(TempTestSuite1549610214322.groovy:36)


2019-02-08 12:53:30 - [TEST_STEP][PASSED] - Start listener action : sampleBeforeTestCase: null

2019-02-08 12:53:30 - [TEST_STEP][PASSED] - if (getTestCaseId().contains("Sample Tests")): null

2019-02-08 12:53:31 - [TEST_STEP][PASSED] - openBrowser(""): Browser is opened with url: ''

2019-02-08 12:53:31 - [MESSAGE][WARNING] - A browser is already opened. Closing browser and opening a new one

2019-02-08 12:53:32 - [MESSAGE][INFO] - Starting 'Chrome' driver

2019-02-08 12:53:55 - [MESSAGE][PASSED] - Browser is opened with url: ''

2019-02-08 12:53:55 - [TEST_STEP][PASSED] - navigateToUrl("https://ir.amwater.com/#/home"): Navigate to 'https://ir.amwater.com/#/home' successfully

2019-02-08 12:54:12 - [MESSAGE][PASSED] - Navigate to 'https://ir.amwater.com/#/home' successfully

2019-02-08 12:54:12 - [TEST_STEP][FAILED] - click(findTestObject("Object Repository/Factsheet_mobile/Page_Investor Relations/i_Investing With Us_fas fa-bar")): click(findTestObject("Object Repository/Factsheet_mobile/Page_Investor Relations/i_Investing With Us_fas fa-bar")) FAILED.
Reason:
com.kms.katalon.core.exception.StepFailedException: Unable to click on object 'Object Repository/Factsheet_mobile/Page_Investor Relations/i_Investing With Us_fas fa-bar' (Root cause: org.openqa.selenium.ElementNotVisibleException: element not interactable
  (Session info: chrome=71.0.3578.98)
  (Driver info: chromedriver=2.43.600210 (68dcf5eebde37173d4027fa8635e332711d2874a),platform=Windows NT 10.0.17134 x86_64) (WARNING: The server did not provide any stacktrace information)
Command duration or timeout: 0 milliseconds
Build info: version: '3.7.1', revision: '8a0099a', time: '2017-11-06T21:07:36.161Z'
System info: host: 'AOHYDLT0059', ip: '10.10.11.27', os.name: 'Windows 10', os.arch: 'amd64', os.version: '10.0', java.version: '1.8.0_181'
Driver info: com.kms.katalon.selenium.driver.CChromeDriver
Capabilities {acceptInsecureCerts: false, acceptSslCerts: false, applicationCacheEnabled: false, browserConnectionEnabled: false, browserName: chrome, chrome: {chromedriverVersion: 2.43.600210 (68dcf5eebde371..., userDataDir: C:\Users\hiteshc\AppData\Lo...}, cssSelectorsEnabled: true, databaseEnabled: false, goog:chromeOptions: {debuggerAddress: localhost:51711}, handlesAlerts: true, hasTouchScreen: false, javascriptEnabled: true, locationContextEnabled: true, mobileEmulationEnabled: false, nativeEvents: true, networkConnectionEnabled: false, pageLoadStrategy: normal, platform: XP, platformName: XP, rotatable: false, setWindowRect: true, takesHeapSnapshot: true, takesScreenshot: true, unexpectedAlertBehaviour: , unhandledPromptBehavior: , version: 71.0.3578.98, webStorageEnabled: true}
Session ID: 2d12a466274ca21a5ecb52bb96632da4)
	at com.kms.katalon.core.keyword.internal.KeywordMain.stepFailed(KeywordMain.groovy:36)
	at com.kms.katalon.core.webui.keyword.internal.WebUIKeywordMain.stepFailed(WebUIKeywordMain.groovy:65)
	at com.kms.katalon.core.webui.keyword.internal.WebUIKeywordMain.runKeyword(WebUIKeywordMain.groovy:27)
	at com.kms.katalon.core.webui.keyword.builtin.ClickKeyword.click(ClickKeyword.groovy:86)
	at com.kms.katalon.core.webui.keyword.builtin.ClickKeyword.execute(ClickKeyword.groovy:67)
	at com.kms.katalon.core.keyword.internal.KeywordExecutor.executeKeywordForPlatform(KeywordExecutor.groovy:53)
	at com.kms.katalon.core.webui.keyword.WebUiBuiltInKeywords.click(WebUiBuiltInKeywords.groovy:616)
	at com.kms.katalon.core.webui.keyword.WebUiBuiltInKeywords$click$2.call(Unknown Source)
	at TC002-Check Tooltips on Historical Pricing.run(TC002-Check Tooltips on Historical Pricing:20)
	at com.kms.katalon.core.main.ScriptEngine.run(ScriptEngine.java:194)
	at com.kms.katalon.core.main.ScriptEngine.runScriptAsRawText(ScriptEngine.java:119)
	at com.kms.katalon.core.main.TestCaseExecutor.runScript(TestCaseExecutor.java:328)
	at com.kms.katalon.core.main.TestCaseExecutor.doExecute(TestCaseExecutor.java:319)
	at com.kms.katalon.core.main.TestCaseExecutor.processExecutionPhase(TestCaseExecutor.java:298)
	at com.kms.katalon.core.main.TestCaseExecutor.accessMainPhase(TestCaseExecutor.java:290)
	at com.kms.katalon.core.main.TestCaseExecutor.execute(TestCaseExecutor.java:224)
	at com.kms.katalon.core.main.TestSuiteExecutor.accessTestCaseMainPhase(TestSuiteExecutor.java:129)
	at com.kms.katalon.core.main.TestSuiteExecutor.accessTestSuiteMainPhase(TestSuiteExecutor.java:112)
	at com.kms.katalon.core.main.TestSuiteExecutor.execute(TestSuiteExecutor.java:81)
	at com.kms.katalon.core.main.TestCaseMain.startTestSuite(TestCaseMain.java:149)
	at com.kms.katalon.core.main.TestCaseMain$startTestSuite$0.call(Unknown Source)
	at TempTestSuite1549610214322.run(TempTestSuite1549610214322.groovy:36)


2019-02-08 12:54:13 - [MESSAGE][FAILED] - Unable to click on object 'Object Repository/Factsheet_mobile/Page_Investor Relations/i_Investing With Us_fas fa-bar' (Root cause: org.openqa.selenium.ElementNotVisibleException: element not interactable
  (Session info: chrome=71.0.3578.98)
  (Driver info: chromedriver=2.43.600210 (68dcf5eebde37173d4027fa8635e332711d2874a),platform=Windows NT 10.0.17134 x86_64) (WARNING: The server did not provide any stacktrace information)
Command duration or timeout: 0 milliseconds
Build info: version: '3.7.1', revision: '8a0099a', time: '2017-11-06T21:07:36.161Z'
System info: host: 'AOHYDLT0059', ip: '10.10.11.27', os.name: 'Windows 10', os.arch: 'amd64', os.version: '10.0', java.version: '1.8.0_181'
Driver info: com.kms.katalon.selenium.driver.CChromeDriver
Capabilities {acceptInsecureCerts: false, acceptSslCerts: false, applicationCacheEnabled: false, browserConnectionEnabled: false, browserName: chrome, chrome: {chromedriverVersion: 2.43.600210 (68dcf5eebde371..., userDataDir: C:\Users\hiteshc\AppData\Lo...}, cssSelectorsEnabled: true, databaseEnabled: false, goog:chromeOptions: {debuggerAddress: localhost:51711}, handlesAlerts: true, hasTouchScreen: false, javascriptEnabled: true, locationContextEnabled: true, mobileEmulationEnabled: false, nativeEvents: true, networkConnectionEnabled: false, pageLoadStrategy: normal, platform: XP, platformName: XP, rotatable: false, setWindowRect: true, takesHeapSnapshot: true, takesScreenshot: true, unexpectedAlertBehaviour: , unhandledPromptBehavior: , version: 71.0.3578.98, webStorageEnabled: true}
Session ID: 2d12a466274ca21a5ecb52bb96632da4)
[[ATTACHMENT|D:\\git\\IR-Project\\Reports\\Test Suite\\Validate UI\\20190208_124654\\1549610652823.png]]

2019-02-08 12:54:13 - [MESSAGE][FAILED] - click(findTestObject("Object Repository/Factsheet_mobile/Page_Investor Relations/i_Investing With Us_fas fa-bar")) FAILED.
Reason:
com.kms.katalon.core.exception.StepFailedException: Unable to click on object 'Object Repository/Factsheet_mobile/Page_Investor Relations/i_Investing With Us_fas fa-bar' (Root cause: org.openqa.selenium.ElementNotVisibleException: element not interactable
  (Session info: chrome=71.0.3578.98)
  (Driver info: chromedriver=2.43.600210 (68dcf5eebde37173d4027fa8635e332711d2874a),platform=Windows NT 10.0.17134 x86_64) (WARNING: The server did not provide any stacktrace information)
Command duration or timeout: 0 milliseconds
Build info: version: '3.7.1', revision: '8a0099a', time: '2017-11-06T21:07:36.161Z'
System info: host: 'AOHYDLT0059', ip: '10.10.11.27', os.name: 'Windows 10', os.arch: 'amd64', os.version: '10.0', java.version: '1.8.0_181'
Driver info: com.kms.katalon.selenium.driver.CChromeDriver
Capabilities {acceptInsecureCerts: false, acceptSslCerts: false, applicationCacheEnabled: false, browserConnectionEnabled: false, browserName: chrome, chrome: {chromedriverVersion: 2.43.600210 (68dcf5eebde371..., userDataDir: C:\Users\hiteshc\AppData\Lo...}, cssSelectorsEnabled: true, databaseEnabled: false, goog:chromeOptions: {debuggerAddress: localhost:51711}, handlesAlerts: true, hasTouchScreen: false, javascriptEnabled: true, locationContextEnabled: true, mobileEmulationEnabled: false, nativeEvents: true, networkConnectionEnabled: false, pageLoadStrategy: normal, platform: XP, platformName: XP, rotatable: false, setWindowRect: true, takesHeapSnapshot: true, takesScreenshot: true, unexpectedAlertBehaviour: , unhandledPromptBehavior: , version: 71.0.3578.98, webStorageEnabled: true}
Session ID: 2d12a466274ca21a5ecb52bb96632da4)
	at com.kms.katalon.core.keyword.internal.KeywordMain.stepFailed(KeywordMain.groovy:36)
	at com.kms.katalon.core.webui.keyword.internal.WebUIKeywordMain.stepFailed(WebUIKeywordMain.groovy:65)
	at com.kms.katalon.core.webui.keyword.internal.WebUIKeywordMain.runKeyword(WebUIKeywordMain.groovy:27)
	at com.kms.katalon.core.webui.keyword.builtin.ClickKeyword.click(ClickKeyword.groovy:86)
	at com.kms.katalon.core.webui.keyword.builtin.ClickKeyword.execute(ClickKeyword.groovy:67)
	at com.kms.katalon.core.keyword.internal.KeywordExecutor.executeKeywordForPlatform(KeywordExecutor.groovy:53)
	at com.kms.katalon.core.webui.keyword.WebUiBuiltInKeywords.click(WebUiBuiltInKeywords.groovy:616)
	at com.kms.katalon.core.webui.keyword.WebUiBuiltInKeywords$click$2.call(Unknown Source)
	at TC002-Check Tooltips on Historical Pricing.run(TC002-Check Tooltips on Historical Pricing:20)
	at com.kms.katalon.core.main.ScriptEngine.run(ScriptEngine.java:194)
	at com.kms.katalon.core.main.ScriptEngine.runScriptAsRawText(ScriptEngine.java:119)
	at com.kms.katalon.core.main.TestCaseExecutor.runScript(TestCaseExecutor.java:328)
	at com.kms.katalon.core.main.TestCaseExecutor.doExecute(TestCaseExecutor.java:319)
	at com.kms.katalon.core.main.TestCaseExecutor.processExecutionPhase(TestCaseExecutor.java:298)
	at com.kms.katalon.core.main.TestCaseExecutor.accessMainPhase(TestCaseExecutor.java:290)
	at com.kms.katalon.core.main.TestCaseExecutor.execute(TestCaseExecutor.java:224)
	at com.kms.katalon.core.main.TestSuiteExecutor.accessTestCaseMainPhase(TestSuiteExecutor.java:129)
	at com.kms.katalon.core.main.TestSuiteExecutor.accessTestSuiteMainPhase(TestSuiteExecutor.java:112)
	at com.kms.katalon.core.main.TestSuiteExecutor.execute(TestSuiteExecutor.java:81)
	at com.kms.katalon.core.main.TestCaseMain.startTestSuite(TestCaseMain.java:149)
	at com.kms.katalon.core.main.TestCaseMain$startTestSuite$0.call(Unknown Source)
	at TempTestSuite1549610214322.run(TempTestSuite1549610214322.groovy:36)


2019-02-08 12:54:13 - [TEST_STEP][PASSED] - Start listener action : sampleAfterTestCase: null

2019-02-08 12:54:13 - [TEST_STEP][PASSED] - if (getTestCaseId().contains("Sample Tests")): null]]></system-out>
         <system-err><![CDATA[2019-02-08 12:53:30 - [TEST_CASE][FAILED] - Test Cases/TC002-Check Tooltips on Historical Pricing: Test Cases/TC002-Check Tooltips on Historical Pricing FAILED.
Reason:
com.kms.katalon.core.exception.StepFailedException: Unable to click on object 'Object Repository/Factsheet_mobile/Page_Investor Relations/i_Investing With Us_fas fa-bar' (Root cause: org.openqa.selenium.ElementNotVisibleException: element not interactable
  (Session info: chrome=71.0.3578.98)
  (Driver info: chromedriver=2.43.600210 (68dcf5eebde37173d4027fa8635e332711d2874a),platform=Windows NT 10.0.17134 x86_64) (WARNING: The server did not provide any stacktrace information)
Command duration or timeout: 0 milliseconds
Build info: version: '3.7.1', revision: '8a0099a', time: '2017-11-06T21:07:36.161Z'
System info: host: 'AOHYDLT0059', ip: '10.10.11.27', os.name: 'Windows 10', os.arch: 'amd64', os.version: '10.0', java.version: '1.8.0_181'
Driver info: com.kms.katalon.selenium.driver.CChromeDriver
Capabilities {acceptInsecureCerts: false, acceptSslCerts: false, applicationCacheEnabled: false, browserConnectionEnabled: false, browserName: chrome, chrome: {chromedriverVersion: 2.43.600210 (68dcf5eebde371..., userDataDir: C:\Users\hiteshc\AppData\Lo...}, cssSelectorsEnabled: true, databaseEnabled: false, goog:chromeOptions: {debuggerAddress: localhost:51711}, handlesAlerts: true, hasTouchScreen: false, javascriptEnabled: true, locationContextEnabled: true, mobileEmulationEnabled: false, nativeEvents: true, networkConnectionEnabled: false, pageLoadStrategy: normal, platform: XP, platformName: XP, rotatable: false, setWindowRect: true, takesHeapSnapshot: true, takesScreenshot: true, unexpectedAlertBehaviour: , unhandledPromptBehavior: , version: 71.0.3578.98, webStorageEnabled: true}
Session ID: 2d12a466274ca21a5ecb52bb96632da4)
	at com.kms.katalon.core.keyword.internal.KeywordMain.stepFailed(KeywordMain.groovy:36)
	at com.kms.katalon.core.webui.keyword.internal.WebUIKeywordMain.stepFailed(WebUIKeywordMain.groovy:65)
	at com.kms.katalon.core.webui.keyword.internal.WebUIKeywordMain.runKeyword(WebUIKeywordMain.groovy:27)
	at com.kms.katalon.core.webui.keyword.builtin.ClickKeyword.click(ClickKeyword.groovy:86)
	at com.kms.katalon.core.webui.keyword.builtin.ClickKeyword.execute(ClickKeyword.groovy:67)
	at com.kms.katalon.core.keyword.internal.KeywordExecutor.executeKeywordForPlatform(KeywordExecutor.groovy:53)
	at com.kms.katalon.core.webui.keyword.WebUiBuiltInKeywords.click(WebUiBuiltInKeywords.groovy:616)
	at com.kms.katalon.core.webui.keyword.WebUiBuiltInKeywords$click$2.call(Unknown Source)
	at TC002-Check Tooltips on Historical Pricing.run(TC002-Check Tooltips on Historical Pricing:20)
	at com.kms.katalon.core.main.ScriptEngine.run(ScriptEngine.java:194)
	at com.kms.katalon.core.main.ScriptEngine.runScriptAsRawText(ScriptEngine.java:119)
	at com.kms.katalon.core.main.TestCaseExecutor.runScript(TestCaseExecutor.java:328)
	at com.kms.katalon.core.main.TestCaseExecutor.doExecute(TestCaseExecutor.java:319)
	at com.kms.katalon.core.main.TestCaseExecutor.processExecutionPhase(TestCaseExecutor.java:298)
	at com.kms.katalon.core.main.TestCaseExecutor.accessMainPhase(TestCaseExecutor.java:290)
	at com.kms.katalon.core.main.TestCaseExecutor.execute(TestCaseExecutor.java:224)
	at com.kms.katalon.core.main.TestSuiteExecutor.accessTestCaseMainPhase(TestSuiteExecutor.java:129)
	at com.kms.katalon.core.main.TestSuiteExecutor.accessTestSuiteMainPhase(TestSuiteExecutor.java:112)
	at com.kms.katalon.core.main.TestSuiteExecutor.execute(TestSuiteExecutor.java:81)
	at com.kms.katalon.core.main.TestCaseMain.startTestSuite(TestCaseMain.java:149)
	at com.kms.katalon.core.main.TestCaseMain$startTestSuite$0.call(Unknown Source)
	at TempTestSuite1549610214322.run(TempTestSuite1549610214322.groovy:36)]]></system-err>
      </testcase>
      <testcase name="Test Cases/TC005-Search" classname="Test Cases/TC005-Search" status="ERROR">
         <error type="ERROR" message="Test Cases/TC005-Search FAILED.
Reason:
java.lang.ClassNotFoundException: utilities.BasicFunctions
	at com.kms.katalon.core.main.CustomKeywordDelegatingMetaClass.getCustomKeywordClassAndSetMetaClass(CustomKeywordDelegatingMetaClass.java:98)
	at com.kms.katalon.core.main.CustomKeywordDelegatingMetaClass.invokeStaticMethod(CustomKeywordDelegatingMetaClass.java:44)
	at TC005-Search.run(TC005-Search:21)
	at com.kms.katalon.core.main.ScriptEngine.run(ScriptEngine.java:194)
	at com.kms.katalon.core.main.ScriptEngine.runScriptAsRawText(ScriptEngine.java:119)
	at com.kms.katalon.core.main.TestCaseExecutor.runScript(TestCaseExecutor.java:328)
	at com.kms.katalon.core.main.TestCaseExecutor.doExecute(TestCaseExecutor.java:319)
	at com.kms.katalon.core.main.TestCaseExecutor.processExecutionPhase(TestCaseExecutor.java:298)
	at com.kms.katalon.core.main.TestCaseExecutor.accessMainPhase(TestCaseExecutor.java:290)
	at com.kms.katalon.core.main.TestCaseExecutor.execute(TestCaseExecutor.java:224)
	at com.kms.katalon.core.main.TestSuiteExecutor.accessTestCaseMainPhase(TestSuiteExecutor.java:129)
	at com.kms.katalon.core.main.TestSuiteExecutor.accessTestSuiteMainPhase(TestSuiteExecutor.java:112)
	at com.kms.katalon.core.main.TestSuiteExecutor.execute(TestSuiteExecutor.java:81)
	at com.kms.katalon.core.main.TestCaseMain.startTestSuite(TestCaseMain.java:149)
	at com.kms.katalon.core.main.TestCaseMain$startTestSuite$0.call(Unknown Source)
	at TempTestSuite1549610214322.run(TempTestSuite1549610214322.groovy:36)
"/>
         <system-out><![CDATA[2019-02-08 12:54:15 - [TEST_CASE][ERROR] - Test Cases/TC005-Search: Test Cases/TC005-Search FAILED.
Reason:
java.lang.ClassNotFoundException: utilities.BasicFunctions
	at com.kms.katalon.core.main.CustomKeywordDelegatingMetaClass.getCustomKeywordClassAndSetMetaClass(CustomKeywordDelegatingMetaClass.java:98)
	at com.kms.katalon.core.main.CustomKeywordDelegatingMetaClass.invokeStaticMethod(CustomKeywordDelegatingMetaClass.java:44)
	at TC005-Search.run(TC005-Search:21)
	at com.kms.katalon.core.main.ScriptEngine.run(ScriptEngine.java:194)
	at com.kms.katalon.core.main.ScriptEngine.runScriptAsRawText(ScriptEngine.java:119)
	at com.kms.katalon.core.main.TestCaseExecutor.runScript(TestCaseExecutor.java:328)
	at com.kms.katalon.core.main.TestCaseExecutor.doExecute(TestCaseExecutor.java:319)
	at com.kms.katalon.core.main.TestCaseExecutor.processExecutionPhase(TestCaseExecutor.java:298)
	at com.kms.katalon.core.main.TestCaseExecutor.accessMainPhase(TestCaseExecutor.java:290)
	at com.kms.katalon.core.main.TestCaseExecutor.execute(TestCaseExecutor.java:224)
	at com.kms.katalon.core.main.TestSuiteExecutor.accessTestCaseMainPhase(TestSuiteExecutor.java:129)
	at com.kms.katalon.core.main.TestSuiteExecutor.accessTestSuiteMainPhase(TestSuiteExecutor.java:112)
	at com.kms.katalon.core.main.TestSuiteExecutor.execute(TestSuiteExecutor.java:81)
	at com.kms.katalon.core.main.TestCaseMain.startTestSuite(TestCaseMain.java:149)
	at com.kms.katalon.core.main.TestCaseMain$startTestSuite$0.call(Unknown Source)
	at TempTestSuite1549610214322.run(TempTestSuite1549610214322.groovy:36)


2019-02-08 12:54:15 - [TEST_STEP][PASSED] - Start listener action : sampleBeforeTestCase: null

2019-02-08 12:54:15 - [TEST_STEP][PASSED] - if (getTestCaseId().contains("Sample Tests")): null

2019-02-08 12:54:15 - [TEST_STEP][ERROR] - utilities.BasicFunctions.invokeapplication(): utilities.BasicFunctions.invokeapplication() FAILED.
Reason:
java.lang.ClassNotFoundException: utilities.BasicFunctions
	at com.kms.katalon.core.main.CustomKeywordDelegatingMetaClass.getCustomKeywordClassAndSetMetaClass(CustomKeywordDelegatingMetaClass.java:98)
	at com.kms.katalon.core.main.CustomKeywordDelegatingMetaClass.invokeStaticMethod(CustomKeywordDelegatingMetaClass.java:44)
	at TC005-Search.run(TC005-Search:21)
	at com.kms.katalon.core.main.ScriptEngine.run(ScriptEngine.java:194)
	at com.kms.katalon.core.main.ScriptEngine.runScriptAsRawText(ScriptEngine.java:119)
	at com.kms.katalon.core.main.TestCaseExecutor.runScript(TestCaseExecutor.java:328)
	at com.kms.katalon.core.main.TestCaseExecutor.doExecute(TestCaseExecutor.java:319)
	at com.kms.katalon.core.main.TestCaseExecutor.processExecutionPhase(TestCaseExecutor.java:298)
	at com.kms.katalon.core.main.TestCaseExecutor.accessMainPhase(TestCaseExecutor.java:290)
	at com.kms.katalon.core.main.TestCaseExecutor.execute(TestCaseExecutor.java:224)
	at com.kms.katalon.core.main.TestSuiteExecutor.accessTestCaseMainPhase(TestSuiteExecutor.java:129)
	at com.kms.katalon.core.main.TestSuiteExecutor.accessTestSuiteMainPhase(TestSuiteExecutor.java:112)
	at com.kms.katalon.core.main.TestSuiteExecutor.execute(TestSuiteExecutor.java:81)
	at com.kms.katalon.core.main.TestCaseMain.startTestSuite(TestCaseMain.java:149)
	at com.kms.katalon.core.main.TestCaseMain$startTestSuite$0.call(Unknown Source)
	at TempTestSuite1549610214322.run(TempTestSuite1549610214322.groovy:36)


2019-02-08 12:54:15 - [MESSAGE][ERROR] - utilities.BasicFunctions

2019-02-08 12:54:15 - [MESSAGE][ERROR] - utilities.BasicFunctions.invokeapplication() FAILED.
Reason:
java.lang.ClassNotFoundException: utilities.BasicFunctions
	at com.kms.katalon.core.main.CustomKeywordDelegatingMetaClass.getCustomKeywordClassAndSetMetaClass(CustomKeywordDelegatingMetaClass.java:98)
	at com.kms.katalon.core.main.CustomKeywordDelegatingMetaClass.invokeStaticMethod(CustomKeywordDelegatingMetaClass.java:44)
	at TC005-Search.run(TC005-Search:21)
	at com.kms.katalon.core.main.ScriptEngine.run(ScriptEngine.java:194)
	at com.kms.katalon.core.main.ScriptEngine.runScriptAsRawText(ScriptEngine.java:119)
	at com.kms.katalon.core.main.TestCaseExecutor.runScript(TestCaseExecutor.java:328)
	at com.kms.katalon.core.main.TestCaseExecutor.doExecute(TestCaseExecutor.java:319)
	at com.kms.katalon.core.main.TestCaseExecutor.processExecutionPhase(TestCaseExecutor.java:298)
	at com.kms.katalon.core.main.TestCaseExecutor.accessMainPhase(TestCaseExecutor.java:290)
	at com.kms.katalon.core.main.TestCaseExecutor.execute(TestCaseExecutor.java:224)
	at com.kms.katalon.core.main.TestSuiteExecutor.accessTestCaseMainPhase(TestSuiteExecutor.java:129)
	at com.kms.katalon.core.main.TestSuiteExecutor.accessTestSuiteMainPhase(TestSuiteExecutor.java:112)
	at com.kms.katalon.core.main.TestSuiteExecutor.execute(TestSuiteExecutor.java:81)
	at com.kms.katalon.core.main.TestCaseMain.startTestSuite(TestCaseMain.java:149)
	at com.kms.katalon.core.main.TestCaseMain$startTestSuite$0.call(Unknown Source)
	at TempTestSuite1549610214322.run(TempTestSuite1549610214322.groovy:36)


2019-02-08 12:54:15 - [TEST_STEP][PASSED] - Start listener action : sampleAfterTestCase: null

2019-02-08 12:54:15 - [TEST_STEP][PASSED] - if (getTestCaseId().contains("Sample Tests")): null]]></system-out>
         <system-err><![CDATA[2019-02-08 12:54:15 - [TEST_CASE][ERROR] - Test Cases/TC005-Search: Test Cases/TC005-Search FAILED.
Reason:
java.lang.ClassNotFoundException: utilities.BasicFunctions
	at com.kms.katalon.core.main.CustomKeywordDelegatingMetaClass.getCustomKeywordClassAndSetMetaClass(CustomKeywordDelegatingMetaClass.java:98)
	at com.kms.katalon.core.main.CustomKeywordDelegatingMetaClass.invokeStaticMethod(CustomKeywordDelegatingMetaClass.java:44)
	at TC005-Search.run(TC005-Search:21)
	at com.kms.katalon.core.main.ScriptEngine.run(ScriptEngine.java:194)
	at com.kms.katalon.core.main.ScriptEngine.runScriptAsRawText(ScriptEngine.java:119)
	at com.kms.katalon.core.main.TestCaseExecutor.runScript(TestCaseExecutor.java:328)
	at com.kms.katalon.core.main.TestCaseExecutor.doExecute(TestCaseExecutor.java:319)
	at com.kms.katalon.core.main.TestCaseExecutor.processExecutionPhase(TestCaseExecutor.java:298)
	at com.kms.katalon.core.main.TestCaseExecutor.accessMainPhase(TestCaseExecutor.java:290)
	at com.kms.katalon.core.main.TestCaseExecutor.execute(TestCaseExecutor.java:224)
	at com.kms.katalon.core.main.TestSuiteExecutor.accessTestCaseMainPhase(TestSuiteExecutor.java:129)
	at com.kms.katalon.core.main.TestSuiteExecutor.accessTestSuiteMainPhase(TestSuiteExecutor.java:112)
	at com.kms.katalon.core.main.TestSuiteExecutor.execute(TestSuiteExecutor.java:81)
	at com.kms.katalon.core.main.TestCaseMain.startTestSuite(TestCaseMain.java:149)
	at com.kms.katalon.core.main.TestCaseMain$startTestSuite$0.call(Unknown Source)
	at TempTestSuite1549610214322.run(TempTestSuite1549610214322.groovy:36)]]></system-err>
      </testcase>
      <testcase name="Test Cases/TC006-Verify ContactUs aka Request materials" classname="Test Cases/TC006-Verify ContactUs aka Request materials" status="ERROR">
         <error type="ERROR" message="Test Cases/TC006-Verify ContactUs aka Request materials FAILED.
Reason:
java.lang.ClassNotFoundException: utilities.BasicFunctions
	at com.kms.katalon.core.main.CustomKeywordDelegatingMetaClass.getCustomKeywordClassAndSetMetaClass(CustomKeywordDelegatingMetaClass.java:98)
	at com.kms.katalon.core.main.CustomKeywordDelegatingMetaClass.invokeStaticMethod(CustomKeywordDelegatingMetaClass.java:44)
	at TC006-Verify ContactUs aka Request materials.run(TC006-Verify ContactUs aka Request materials:16)
	at com.kms.katalon.core.main.ScriptEngine.run(ScriptEngine.java:194)
	at com.kms.katalon.core.main.ScriptEngine.runScriptAsRawText(ScriptEngine.java:119)
	at com.kms.katalon.core.main.TestCaseExecutor.runScript(TestCaseExecutor.java:328)
	at com.kms.katalon.core.main.TestCaseExecutor.doExecute(TestCaseExecutor.java:319)
	at com.kms.katalon.core.main.TestCaseExecutor.processExecutionPhase(TestCaseExecutor.java:298)
	at com.kms.katalon.core.main.TestCaseExecutor.accessMainPhase(TestCaseExecutor.java:290)
	at com.kms.katalon.core.main.TestCaseExecutor.execute(TestCaseExecutor.java:224)
	at com.kms.katalon.core.main.TestSuiteExecutor.accessTestCaseMainPhase(TestSuiteExecutor.java:129)
	at com.kms.katalon.core.main.TestSuiteExecutor.accessTestSuiteMainPhase(TestSuiteExecutor.java:112)
	at com.kms.katalon.core.main.TestSuiteExecutor.execute(TestSuiteExecutor.java:81)
	at com.kms.katalon.core.main.TestCaseMain.startTestSuite(TestCaseMain.java:149)
	at com.kms.katalon.core.main.TestCaseMain$startTestSuite$0.call(Unknown Source)
	at TempTestSuite1549610214322.run(TempTestSuite1549610214322.groovy:36)
"/>
         <system-out><![CDATA[2019-02-08 12:54:17 - [TEST_CASE][ERROR] - Test Cases/TC006-Verify ContactUs aka Request materials: Test Cases/TC006-Verify ContactUs aka Request materials FAILED.
Reason:
java.lang.ClassNotFoundException: utilities.BasicFunctions
	at com.kms.katalon.core.main.CustomKeywordDelegatingMetaClass.getCustomKeywordClassAndSetMetaClass(CustomKeywordDelegatingMetaClass.java:98)
	at com.kms.katalon.core.main.CustomKeywordDelegatingMetaClass.invokeStaticMethod(CustomKeywordDelegatingMetaClass.java:44)
	at TC006-Verify ContactUs aka Request materials.run(TC006-Verify ContactUs aka Request materials:16)
	at com.kms.katalon.core.main.ScriptEngine.run(ScriptEngine.java:194)
	at com.kms.katalon.core.main.ScriptEngine.runScriptAsRawText(ScriptEngine.java:119)
	at com.kms.katalon.core.main.TestCaseExecutor.runScript(TestCaseExecutor.java:328)
	at com.kms.katalon.core.main.TestCaseExecutor.doExecute(TestCaseExecutor.java:319)
	at com.kms.katalon.core.main.TestCaseExecutor.processExecutionPhase(TestCaseExecutor.java:298)
	at com.kms.katalon.core.main.TestCaseExecutor.accessMainPhase(TestCaseExecutor.java:290)
	at com.kms.katalon.core.main.TestCaseExecutor.execute(TestCaseExecutor.java:224)
	at com.kms.katalon.core.main.TestSuiteExecutor.accessTestCaseMainPhase(TestSuiteExecutor.java:129)
	at com.kms.katalon.core.main.TestSuiteExecutor.accessTestSuiteMainPhase(TestSuiteExecutor.java:112)
	at com.kms.katalon.core.main.TestSuiteExecutor.execute(TestSuiteExecutor.java:81)
	at com.kms.katalon.core.main.TestCaseMain.startTestSuite(TestCaseMain.java:149)
	at com.kms.katalon.core.main.TestCaseMain$startTestSuite$0.call(Unknown Source)
	at TempTestSuite1549610214322.run(TempTestSuite1549610214322.groovy:36)


2019-02-08 12:54:17 - [TEST_STEP][PASSED] - Start listener action : sampleBeforeTestCase: null

2019-02-08 12:54:17 - [TEST_STEP][PASSED] - if (getTestCaseId().contains("Sample Tests")): null

2019-02-08 12:54:17 - [TEST_STEP][ERROR] - utilities.BasicFunctions.invokeapplication(): utilities.BasicFunctions.invokeapplication() FAILED.
Reason:
java.lang.ClassNotFoundException: utilities.BasicFunctions
	at com.kms.katalon.core.main.CustomKeywordDelegatingMetaClass.getCustomKeywordClassAndSetMetaClass(CustomKeywordDelegatingMetaClass.java:98)
	at com.kms.katalon.core.main.CustomKeywordDelegatingMetaClass.invokeStaticMethod(CustomKeywordDelegatingMetaClass.java:44)
	at TC006-Verify ContactUs aka Request materials.run(TC006-Verify ContactUs aka Request materials:16)
	at com.kms.katalon.core.main.ScriptEngine.run(ScriptEngine.java:194)
	at com.kms.katalon.core.main.ScriptEngine.runScriptAsRawText(ScriptEngine.java:119)
	at com.kms.katalon.core.main.TestCaseExecutor.runScript(TestCaseExecutor.java:328)
	at com.kms.katalon.core.main.TestCaseExecutor.doExecute(TestCaseExecutor.java:319)
	at com.kms.katalon.core.main.TestCaseExecutor.processExecutionPhase(TestCaseExecutor.java:298)
	at com.kms.katalon.core.main.TestCaseExecutor.accessMainPhase(TestCaseExecutor.java:290)
	at com.kms.katalon.core.main.TestCaseExecutor.execute(TestCaseExecutor.java:224)
	at com.kms.katalon.core.main.TestSuiteExecutor.accessTestCaseMainPhase(TestSuiteExecutor.java:129)
	at com.kms.katalon.core.main.TestSuiteExecutor.accessTestSuiteMainPhase(TestSuiteExecutor.java:112)
	at com.kms.katalon.core.main.TestSuiteExecutor.execute(TestSuiteExecutor.java:81)
	at com.kms.katalon.core.main.TestCaseMain.startTestSuite(TestCaseMain.java:149)
	at com.kms.katalon.core.main.TestCaseMain$startTestSuite$0.call(Unknown Source)
	at TempTestSuite1549610214322.run(TempTestSuite1549610214322.groovy:36)


2019-02-08 12:54:17 - [MESSAGE][ERROR] - utilities.BasicFunctions

2019-02-08 12:54:17 - [MESSAGE][ERROR] - utilities.BasicFunctions.invokeapplication() FAILED.
Reason:
java.lang.ClassNotFoundException: utilities.BasicFunctions
	at com.kms.katalon.core.main.CustomKeywordDelegatingMetaClass.getCustomKeywordClassAndSetMetaClass(CustomKeywordDelegatingMetaClass.java:98)
	at com.kms.katalon.core.main.CustomKeywordDelegatingMetaClass.invokeStaticMethod(CustomKeywordDelegatingMetaClass.java:44)
	at TC006-Verify ContactUs aka Request materials.run(TC006-Verify ContactUs aka Request materials:16)
	at com.kms.katalon.core.main.ScriptEngine.run(ScriptEngine.java:194)
	at com.kms.katalon.core.main.ScriptEngine.runScriptAsRawText(ScriptEngine.java:119)
	at com.kms.katalon.core.main.TestCaseExecutor.runScript(TestCaseExecutor.java:328)
	at com.kms.katalon.core.main.TestCaseExecutor.doExecute(TestCaseExecutor.java:319)
	at com.kms.katalon.core.main.TestCaseExecutor.processExecutionPhase(TestCaseExecutor.java:298)
	at com.kms.katalon.core.main.TestCaseExecutor.accessMainPhase(TestCaseExecutor.java:290)
	at com.kms.katalon.core.main.TestCaseExecutor.execute(TestCaseExecutor.java:224)
	at com.kms.katalon.core.main.TestSuiteExecutor.accessTestCaseMainPhase(TestSuiteExecutor.java:129)
	at com.kms.katalon.core.main.TestSuiteExecutor.accessTestSuiteMainPhase(TestSuiteExecutor.java:112)
	at com.kms.katalon.core.main.TestSuiteExecutor.execute(TestSuiteExecutor.java:81)
	at com.kms.katalon.core.main.TestCaseMain.startTestSuite(TestCaseMain.java:149)
	at com.kms.katalon.core.main.TestCaseMain$startTestSuite$0.call(Unknown Source)
	at TempTestSuite1549610214322.run(TempTestSuite1549610214322.groovy:36)


2019-02-08 12:54:17 - [TEST_STEP][PASSED] - Start listener action : sampleAfterTestCase: null

2019-02-08 12:54:17 - [TEST_STEP][PASSED] - if (getTestCaseId().contains("Sample Tests")): null]]></system-out>
         <system-err><![CDATA[2019-02-08 12:54:17 - [TEST_CASE][ERROR] - Test Cases/TC006-Verify ContactUs aka Request materials: Test Cases/TC006-Verify ContactUs aka Request materials FAILED.
Reason:
java.lang.ClassNotFoundException: utilities.BasicFunctions
	at com.kms.katalon.core.main.CustomKeywordDelegatingMetaClass.getCustomKeywordClassAndSetMetaClass(CustomKeywordDelegatingMetaClass.java:98)
	at com.kms.katalon.core.main.CustomKeywordDelegatingMetaClass.invokeStaticMethod(CustomKeywordDelegatingMetaClass.java:44)
	at TC006-Verify ContactUs aka Request materials.run(TC006-Verify ContactUs aka Request materials:16)
	at com.kms.katalon.core.main.ScriptEngine.run(ScriptEngine.java:194)
	at com.kms.katalon.core.main.ScriptEngine.runScriptAsRawText(ScriptEngine.java:119)
	at com.kms.katalon.core.main.TestCaseExecutor.runScript(TestCaseExecutor.java:328)
	at com.kms.katalon.core.main.TestCaseExecutor.doExecute(TestCaseExecutor.java:319)
	at com.kms.katalon.core.main.TestCaseExecutor.processExecutionPhase(TestCaseExecutor.java:298)
	at com.kms.katalon.core.main.TestCaseExecutor.accessMainPhase(TestCaseExecutor.java:290)
	at com.kms.katalon.core.main.TestCaseExecutor.execute(TestCaseExecutor.java:224)
	at com.kms.katalon.core.main.TestSuiteExecutor.accessTestCaseMainPhase(TestSuiteExecutor.java:129)
	at com.kms.katalon.core.main.TestSuiteExecutor.accessTestSuiteMainPhase(TestSuiteExecutor.java:112)
	at com.kms.katalon.core.main.TestSuiteExecutor.execute(TestSuiteExecutor.java:81)
	at com.kms.katalon.core.main.TestCaseMain.startTestSuite(TestCaseMain.java:149)
	at com.kms.katalon.core.main.TestCaseMain$startTestSuite$0.call(Unknown Source)
	at TempTestSuite1549610214322.run(TempTestSuite1549610214322.groovy:36)]]></system-err>
      </testcase>
      <testcase name="Test Cases/TC007-Calculate Price appreciation or depreciation over period" classname="Test Cases/TC007-Calculate Price appreciation or depreciation over period" status="ERROR">
         <error type="ERROR" message="Test Cases/TC007-Calculate Price appreciation or depreciation over period FAILED.
Reason:
org.codehaus.groovy.runtime.typehandling.GroovyCastException: Cannot cast object 'Current Price:' with class 'java.lang.String' to class 'int'
	at TC007-Calculate Price appreciation or depreciation over period.run(TC007-Calculate Price appreciation or depreciation over period:79)
	at com.kms.katalon.core.main.ScriptEngine.run(ScriptEngine.java:194)
	at com.kms.katalon.core.main.ScriptEngine.runScriptAsRawText(ScriptEngine.java:119)
	at com.kms.katalon.core.main.TestCaseExecutor.runScript(TestCaseExecutor.java:328)
	at com.kms.katalon.core.main.TestCaseExecutor.doExecute(TestCaseExecutor.java:319)
	at com.kms.katalon.core.main.TestCaseExecutor.processExecutionPhase(TestCaseExecutor.java:298)
	at com.kms.katalon.core.main.TestCaseExecutor.accessMainPhase(TestCaseExecutor.java:290)
	at com.kms.katalon.core.main.TestCaseExecutor.execute(TestCaseExecutor.java:224)
	at com.kms.katalon.core.main.TestSuiteExecutor.accessTestCaseMainPhase(TestSuiteExecutor.java:129)
	at com.kms.katalon.core.main.TestSuiteExecutor.accessTestSuiteMainPhase(TestSuiteExecutor.java:112)
	at com.kms.katalon.core.main.TestSuiteExecutor.execute(TestSuiteExecutor.java:81)
	at com.kms.katalon.core.main.TestCaseMain.startTestSuite(TestCaseMain.java:149)
	at com.kms.katalon.core.main.TestCaseMain$startTestSuite$0.call(Unknown Source)
	at TempTestSuite1549610214322.run(TempTestSuite1549610214322.groovy:36)
"/>
         <system-out><![CDATA[2019-02-08 12:54:19 - [TEST_CASE][ERROR] - Test Cases/TC007-Calculate Price appreciation or depreciation over period: Test Cases/TC007-Calculate Price appreciation or depreciation over period FAILED.
Reason:
org.codehaus.groovy.runtime.typehandling.GroovyCastException: Cannot cast object 'Current Price:' with class 'java.lang.String' to class 'int'
	at TC007-Calculate Price appreciation or depreciation over period.run(TC007-Calculate Price appreciation or depreciation over period:79)
	at com.kms.katalon.core.main.ScriptEngine.run(ScriptEngine.java:194)
	at com.kms.katalon.core.main.ScriptEngine.runScriptAsRawText(ScriptEngine.java:119)
	at com.kms.katalon.core.main.TestCaseExecutor.runScript(TestCaseExecutor.java:328)
	at com.kms.katalon.core.main.TestCaseExecutor.doExecute(TestCaseExecutor.java:319)
	at com.kms.katalon.core.main.TestCaseExecutor.processExecutionPhase(TestCaseExecutor.java:298)
	at com.kms.katalon.core.main.TestCaseExecutor.accessMainPhase(TestCaseExecutor.java:290)
	at com.kms.katalon.core.main.TestCaseExecutor.execute(TestCaseExecutor.java:224)
	at com.kms.katalon.core.main.TestSuiteExecutor.accessTestCaseMainPhase(TestSuiteExecutor.java:129)
	at com.kms.katalon.core.main.TestSuiteExecutor.accessTestSuiteMainPhase(TestSuiteExecutor.java:112)
	at com.kms.katalon.core.main.TestSuiteExecutor.execute(TestSuiteExecutor.java:81)
	at com.kms.katalon.core.main.TestCaseMain.startTestSuite(TestCaseMain.java:149)
	at com.kms.katalon.core.main.TestCaseMain$startTestSuite$0.call(Unknown Source)
	at TempTestSuite1549610214322.run(TempTestSuite1549610214322.groovy:36)


2019-02-08 12:54:19 - [TEST_STEP][PASSED] - Start listener action : sampleBeforeTestCase: null

2019-02-08 12:54:19 - [TEST_STEP][PASSED] - if (getTestCaseId().contains("Sample Tests")): null

2019-02-08 12:54:20 - [TEST_STEP][PASSED] - callTestCase(findTestCase("TT001-Launch Application"), [:], STOP_ON_FAILURE): Call Test Case 'Test Cases/TT001-Launch Application' successfully

2019-02-08 12:54:20 - [TEST_CASE][PASSED] - Test Cases/TT001-Launch Application: Test Cases/TT001-Launch Application

2019-02-08 12:54:20 - [TEST_STEP][PASSED] - openBrowser(findTestData("URLs").getValue(1, 1)): Browser is opened with url: 'https://ir.amwater.com'

2019-02-08 12:54:20 - [MESSAGE][WARNING] - A browser is already opened. Closing browser and opening a new one

2019-02-08 12:54:21 - [MESSAGE][INFO] - Starting 'Chrome' driver

2019-02-08 12:55:01 - [MESSAGE][PASSED] - Browser is opened with url: 'https://ir.amwater.com'

2019-02-08 12:55:01 - [TEST_STEP][PASSED] - delay(10): Delayed 10 second(s)

2019-02-08 12:55:11 - [MESSAGE][PASSED] - Delayed 10 second(s)

2019-02-08 12:55:11 - [TEST_STEP][PASSED] - maximizeWindow(): Current window maximized

2019-02-08 12:55:12 - [MESSAGE][PASSED] - Current window maximized

2019-02-08 12:55:12 - [MESSAGE][PASSED] - Call Test Case 'Test Cases/TT001-Launch Application' successfully

2019-02-08 12:55:12 - [TEST_STEP][PASSED] - mouseOver(findTestObject("Menu_SubMenu_Links/a_Investing With Us")): Object: 'Object Repository/Menu_SubMenu_Links/a_Investing With Us' is hovered

2019-02-08 12:55:12 - [MESSAGE][PASSED] - Object: 'Object Repository/Menu_SubMenu_Links/a_Investing With Us' is hovered

2019-02-08 12:55:12 - [TEST_STEP][PASSED] - click(findTestObject("Menu_SubMenu_Links/a_Investment Calculator")): Object: 'Object Repository/Menu_SubMenu_Links/a_Investment Calculator' is clicked on

2019-02-08 12:55:13 - [MESSAGE][PASSED] - Object: 'Object Repository/Menu_SubMenu_Links/a_Investment Calculator' is clicked on

2019-02-08 12:55:13 - [TEST_STEP][PASSED] - mouseOver(findTestObject("Investment Calculator/i_Total Return_far fa-calendar"), STOP_ON_FAILURE): Object: 'Object Repository/Investment Calculator/i_Total Return_far fa-calendar' is hovered

2019-02-08 12:55:13 - [MESSAGE][PASSED] - Object: 'Object Repository/Investment Calculator/i_Total Return_far fa-calendar' is hovered

2019-02-08 12:55:13 - [TEST_STEP][PASSED] - delay(5): Delayed 5 second(s)

2019-02-08 12:55:18 - [MESSAGE][PASSED] - Delayed 5 second(s)

2019-02-08 12:55:18 - [TEST_STEP][PASSED] - click(findTestObject("Investment Calculator/i_Total Return_far fa-calendar")): Object: 'Object Repository/Investment Calculator/i_Total Return_far fa-calendar' is clicked on

2019-02-08 12:55:18 - [MESSAGE][PASSED] - Object: 'Object Repository/Investment Calculator/i_Total Return_far fa-calendar' is clicked on

2019-02-08 12:55:18 - [TEST_STEP][PASSED] - delay(5): Delayed 5 second(s)

2019-02-08 12:55:23 - [MESSAGE][PASSED] - Delayed 5 second(s)

2019-02-08 12:55:23 - [TEST_STEP][PASSED] - selectOptionByValue(findTestObject("Investment Calculator/select_20082009201020112012201"), "2018", true): All options with value '2018' are selected in object 'Object Repository/Investment Calculator/select_20082009201020112012201'  using regular expression

2019-02-08 12:55:23 - [MESSAGE][PASSED] - All options with value '2018' are selected in object 'Object Repository/Investment Calculator/select_20082009201020112012201'  using regular expression

2019-02-08 12:55:23 - [TEST_STEP][PASSED] - selectOptionByValue(findTestObject("Investment Calculator/select_JanFebMarAprMayJunJulAu"), "12", true): All options with value '12' are selected in object 'Object Repository/Investment Calculator/select_JanFebMarAprMayJunJulAu'  using regular expression

2019-02-08 12:55:24 - [MESSAGE][PASSED] - All options with value '12' are selected in object 'Object Repository/Investment Calculator/select_JanFebMarAprMayJunJulAu'  using regular expression

2019-02-08 12:55:24 - [TEST_STEP][PASSED] - click(findTestObject("Investment Calculator/div_28")): Object: 'Object Repository/Investment Calculator/div_28' is clicked on

2019-02-08 12:55:24 - [MESSAGE][PASSED] - Object: 'Object Repository/Investment Calculator/div_28' is clicked on

2019-02-08 12:55:24 - [TEST_STEP][NOT_RUN] - setText(findTestObject("Investment Calculator/input_Total Return_txt w-100 n"), "01/01/2019"): NOT_RUN: setText(findTestObject("Investment Calculator/input_Total Return_txt w-100 n"), "01/01/2019")

2019-02-08 12:55:24 - [MESSAGE][NOT_RUN] - NOT_RUN: setText(findTestObject("Investment Calculator/input_Total Return_txt w-100 n"), "01/01/2019")

2019-02-08 12:55:24 - [TEST_STEP][PASSED] - setText(findTestObject("Investment Calculator/input_Total Return_txt w-100 n_4"), "95"): Text '95' is set on object 'Object Repository/Investment Calculator/input_Total Return_txt w-100 n_4'

2019-02-08 12:55:24 - [MESSAGE][PASSED] - Text '95' is set on object 'Object Repository/Investment Calculator/input_Total Return_txt w-100 n_4'

2019-02-08 12:55:24 - [TEST_STEP][PASSED] - click(findTestObject("Investment Calculator/button_Calculate Price")): Object: 'Object Repository/Investment Calculator/button_Calculate Price' is clicked on

2019-02-08 12:55:24 - [MESSAGE][PASSED] - Object: 'Object Repository/Investment Calculator/button_Calculate Price' is clicked on

2019-02-08 12:55:24 - [TEST_STEP][PASSED] - inputvalue = getAttribute(findTestObject("Investment Calculator/input_Total Return_txt w-100 n_4"), "value"): Attribute 'value' of object 'Object Repository/Investment Calculator/input_Total Return_txt w-100 n_4' is: '95'

2019-02-08 12:55:24 - [MESSAGE][PASSED] - Attribute 'value' of object 'Object Repository/Investment Calculator/input_Total Return_txt w-100 n_4' is: '95'

2019-02-08 12:55:24 - [TEST_STEP][PASSED] - log = new com.kms.katalon.core.logging.KeywordLogger(): null

2019-02-08 12:55:24 - [TEST_STEP][PASSED] - log.logInfo("Input price is " + inputvalue): Input price is 95

2019-02-08 12:55:24 - [MESSAGE][INFO] - Input price is 95

2019-02-08 12:55:24 - [TEST_STEP][PASSED] - DynValue = getText(findTestObject("Object Repository/Investment Calculator/h1_basicPrice")): Text of object 'Object Repository/Investment Calculator/h1_basicPrice' is: '$95.00'

2019-02-08 12:55:26 - [MESSAGE][PASSED] - Text of object 'Object Repository/Investment Calculator/h1_basicPrice' is: '$95.00'

2019-02-08 12:55:26 - [TEST_STEP][PASSED] - NewDynValue = DynValue.replaceAll("$", ""): null

2019-02-08 12:55:26 - [TEST_STEP][PASSED] - log.logInfo("Input price is " + NewDynValue): Input price is $95.00

2019-02-08 12:55:26 - [MESSAGE][INFO] - Input price is $95.00

2019-02-08 12:55:26 - [TEST_STEP][ERROR] - TodayPrice = getText(findTestObject("Investment Calculator/p_Current Price")): TodayPrice = getText(findTestObject("Investment Calculator/p_Current Price")) FAILED.
Reason:
org.codehaus.groovy.runtime.typehandling.GroovyCastException: Cannot cast object 'Current Price:' with class 'java.lang.String' to class 'int'
	at TC007-Calculate Price appreciation or depreciation over period.run(TC007-Calculate Price appreciation or depreciation over period:79)
	at com.kms.katalon.core.main.ScriptEngine.run(ScriptEngine.java:194)
	at com.kms.katalon.core.main.ScriptEngine.runScriptAsRawText(ScriptEngine.java:119)
	at com.kms.katalon.core.main.TestCaseExecutor.runScript(TestCaseExecutor.java:328)
	at com.kms.katalon.core.main.TestCaseExecutor.doExecute(TestCaseExecutor.java:319)
	at com.kms.katalon.core.main.TestCaseExecutor.processExecutionPhase(TestCaseExecutor.java:298)
	at com.kms.katalon.core.main.TestCaseExecutor.accessMainPhase(TestCaseExecutor.java:290)
	at com.kms.katalon.core.main.TestCaseExecutor.execute(TestCaseExecutor.java:224)
	at com.kms.katalon.core.main.TestSuiteExecutor.accessTestCaseMainPhase(TestSuiteExecutor.java:129)
	at com.kms.katalon.core.main.TestSuiteExecutor.accessTestSuiteMainPhase(TestSuiteExecutor.java:112)
	at com.kms.katalon.core.main.TestSuiteExecutor.execute(TestSuiteExecutor.java:81)
	at com.kms.katalon.core.main.TestCaseMain.startTestSuite(TestCaseMain.java:149)
	at com.kms.katalon.core.main.TestCaseMain$startTestSuite$0.call(Unknown Source)
	at TempTestSuite1549610214322.run(TempTestSuite1549610214322.groovy:36)


2019-02-08 12:55:26 - [MESSAGE][PASSED] - Text of object 'Object Repository/Investment Calculator/p_Current Price' is: 'Current Price:'

2019-02-08 12:55:26 - [MESSAGE][ERROR] - TodayPrice = getText(findTestObject("Investment Calculator/p_Current Price")) FAILED.
Reason:
org.codehaus.groovy.runtime.typehandling.GroovyCastException: Cannot cast object 'Current Price:' with class 'java.lang.String' to class 'int'
	at TC007-Calculate Price appreciation or depreciation over period.run(TC007-Calculate Price appreciation or depreciation over period:79)
	at com.kms.katalon.core.main.ScriptEngine.run(ScriptEngine.java:194)
	at com.kms.katalon.core.main.ScriptEngine.runScriptAsRawText(ScriptEngine.java:119)
	at com.kms.katalon.core.main.TestCaseExecutor.runScript(TestCaseExecutor.java:328)
	at com.kms.katalon.core.main.TestCaseExecutor.doExecute(TestCaseExecutor.java:319)
	at com.kms.katalon.core.main.TestCaseExecutor.processExecutionPhase(TestCaseExecutor.java:298)
	at com.kms.katalon.core.main.TestCaseExecutor.accessMainPhase(TestCaseExecutor.java:290)
	at com.kms.katalon.core.main.TestCaseExecutor.execute(TestCaseExecutor.java:224)
	at com.kms.katalon.core.main.TestSuiteExecutor.accessTestCaseMainPhase(TestSuiteExecutor.java:129)
	at com.kms.katalon.core.main.TestSuiteExecutor.accessTestSuiteMainPhase(TestSuiteExecutor.java:112)
	at com.kms.katalon.core.main.TestSuiteExecutor.execute(TestSuiteExecutor.java:81)
	at com.kms.katalon.core.main.TestCaseMain.startTestSuite(TestCaseMain.java:149)
	at com.kms.katalon.core.main.TestCaseMain$startTestSuite$0.call(Unknown Source)
	at TempTestSuite1549610214322.run(TempTestSuite1549610214322.groovy:36)


2019-02-08 12:55:26 - [TEST_STEP][PASSED] - Start listener action : sampleAfterTestCase: null

2019-02-08 12:55:26 - [TEST_STEP][PASSED] - if (getTestCaseId().contains("Sample Tests")): null]]></system-out>
         <system-err><![CDATA[2019-02-08 12:54:19 - [TEST_CASE][ERROR] - Test Cases/TC007-Calculate Price appreciation or depreciation over period: Test Cases/TC007-Calculate Price appreciation or depreciation over period FAILED.
Reason:
org.codehaus.groovy.runtime.typehandling.GroovyCastException: Cannot cast object 'Current Price:' with class 'java.lang.String' to class 'int'
	at TC007-Calculate Price appreciation or depreciation over period.run(TC007-Calculate Price appreciation or depreciation over period:79)
	at com.kms.katalon.core.main.ScriptEngine.run(ScriptEngine.java:194)
	at com.kms.katalon.core.main.ScriptEngine.runScriptAsRawText(ScriptEngine.java:119)
	at com.kms.katalon.core.main.TestCaseExecutor.runScript(TestCaseExecutor.java:328)
	at com.kms.katalon.core.main.TestCaseExecutor.doExecute(TestCaseExecutor.java:319)
	at com.kms.katalon.core.main.TestCaseExecutor.processExecutionPhase(TestCaseExecutor.java:298)
	at com.kms.katalon.core.main.TestCaseExecutor.accessMainPhase(TestCaseExecutor.java:290)
	at com.kms.katalon.core.main.TestCaseExecutor.execute(TestCaseExecutor.java:224)
	at com.kms.katalon.core.main.TestSuiteExecutor.accessTestCaseMainPhase(TestSuiteExecutor.java:129)
	at com.kms.katalon.core.main.TestSuiteExecutor.accessTestSuiteMainPhase(TestSuiteExecutor.java:112)
	at com.kms.katalon.core.main.TestSuiteExecutor.execute(TestSuiteExecutor.java:81)
	at com.kms.katalon.core.main.TestCaseMain.startTestSuite(TestCaseMain.java:149)
	at com.kms.katalon.core.main.TestCaseMain$startTestSuite$0.call(Unknown Source)
	at TempTestSuite1549610214322.run(TempTestSuite1549610214322.groovy:36)]]></system-err>
      </testcase>
      <testcase name="Test Cases/TC010_CheckPageTitleOfSite_CopiedFromSelenium" classname="Test Cases/TC010_CheckPageTitleOfSite_CopiedFromSelenium" status="ERROR">
         <error type="ERROR" message="Test Cases/TC010_CheckPageTitleOfSite_CopiedFromSelenium FAILED.
Reason:
java.lang.ClassNotFoundException: utilities.BasicFunctions
	at com.kms.katalon.core.main.CustomKeywordDelegatingMetaClass.getCustomKeywordClassAndSetMetaClass(CustomKeywordDelegatingMetaClass.java:98)
	at com.kms.katalon.core.main.CustomKeywordDelegatingMetaClass.invokeStaticMethod(CustomKeywordDelegatingMetaClass.java:44)
	at TC010_CheckPageTitleOfSite_CopiedFromSelenium.run(TC010_CheckPageTitleOfSite_CopiedFromSelenium:19)
	at com.kms.katalon.core.main.ScriptEngine.run(ScriptEngine.java:194)
	at com.kms.katalon.core.main.ScriptEngine.runScriptAsRawText(ScriptEngine.java:119)
	at com.kms.katalon.core.main.TestCaseExecutor.runScript(TestCaseExecutor.java:328)
	at com.kms.katalon.core.main.TestCaseExecutor.doExecute(TestCaseExecutor.java:319)
	at com.kms.katalon.core.main.TestCaseExecutor.processExecutionPhase(TestCaseExecutor.java:298)
	at com.kms.katalon.core.main.TestCaseExecutor.accessMainPhase(TestCaseExecutor.java:290)
	at com.kms.katalon.core.main.TestCaseExecutor.execute(TestCaseExecutor.java:224)
	at com.kms.katalon.core.main.TestSuiteExecutor.accessTestCaseMainPhase(TestSuiteExecutor.java:129)
	at com.kms.katalon.core.main.TestSuiteExecutor.accessTestSuiteMainPhase(TestSuiteExecutor.java:112)
	at com.kms.katalon.core.main.TestSuiteExecutor.execute(TestSuiteExecutor.java:81)
	at com.kms.katalon.core.main.TestCaseMain.startTestSuite(TestCaseMain.java:149)
	at com.kms.katalon.core.main.TestCaseMain$startTestSuite$0.call(Unknown Source)
	at TempTestSuite1549610214322.run(TempTestSuite1549610214322.groovy:36)
"/>
         <system-out><![CDATA[2019-02-08 12:55:28 - [TEST_CASE][ERROR] - Test Cases/TC010_CheckPageTitleOfSite_CopiedFromSelenium: Test Cases/TC010_CheckPageTitleOfSite_CopiedFromSelenium FAILED.
Reason:
java.lang.ClassNotFoundException: utilities.BasicFunctions
	at com.kms.katalon.core.main.CustomKeywordDelegatingMetaClass.getCustomKeywordClassAndSetMetaClass(CustomKeywordDelegatingMetaClass.java:98)
	at com.kms.katalon.core.main.CustomKeywordDelegatingMetaClass.invokeStaticMethod(CustomKeywordDelegatingMetaClass.java:44)
	at TC010_CheckPageTitleOfSite_CopiedFromSelenium.run(TC010_CheckPageTitleOfSite_CopiedFromSelenium:19)
	at com.kms.katalon.core.main.ScriptEngine.run(ScriptEngine.java:194)
	at com.kms.katalon.core.main.ScriptEngine.runScriptAsRawText(ScriptEngine.java:119)
	at com.kms.katalon.core.main.TestCaseExecutor.runScript(TestCaseExecutor.java:328)
	at com.kms.katalon.core.main.TestCaseExecutor.doExecute(TestCaseExecutor.java:319)
	at com.kms.katalon.core.main.TestCaseExecutor.processExecutionPhase(TestCaseExecutor.java:298)
	at com.kms.katalon.core.main.TestCaseExecutor.accessMainPhase(TestCaseExecutor.java:290)
	at com.kms.katalon.core.main.TestCaseExecutor.execute(TestCaseExecutor.java:224)
	at com.kms.katalon.core.main.TestSuiteExecutor.accessTestCaseMainPhase(TestSuiteExecutor.java:129)
	at com.kms.katalon.core.main.TestSuiteExecutor.accessTestSuiteMainPhase(TestSuiteExecutor.java:112)
	at com.kms.katalon.core.main.TestSuiteExecutor.execute(TestSuiteExecutor.java:81)
	at com.kms.katalon.core.main.TestCaseMain.startTestSuite(TestCaseMain.java:149)
	at com.kms.katalon.core.main.TestCaseMain$startTestSuite$0.call(Unknown Source)
	at TempTestSuite1549610214322.run(TempTestSuite1549610214322.groovy:36)


2019-02-08 12:55:28 - [TEST_STEP][PASSED] - Start listener action : sampleBeforeTestCase: null

2019-02-08 12:55:28 - [TEST_STEP][PASSED] - if (getTestCaseId().contains("Sample Tests")): null

2019-02-08 12:55:28 - [TEST_STEP][ERROR] - utilities.BasicFunctions.Sel_CheckPageTitle(): utilities.BasicFunctions.Sel_CheckPageTitle() FAILED.
Reason:
java.lang.ClassNotFoundException: utilities.BasicFunctions
	at com.kms.katalon.core.main.CustomKeywordDelegatingMetaClass.getCustomKeywordClassAndSetMetaClass(CustomKeywordDelegatingMetaClass.java:98)
	at com.kms.katalon.core.main.CustomKeywordDelegatingMetaClass.invokeStaticMethod(CustomKeywordDelegatingMetaClass.java:44)
	at TC010_CheckPageTitleOfSite_CopiedFromSelenium.run(TC010_CheckPageTitleOfSite_CopiedFromSelenium:19)
	at com.kms.katalon.core.main.ScriptEngine.run(ScriptEngine.java:194)
	at com.kms.katalon.core.main.ScriptEngine.runScriptAsRawText(ScriptEngine.java:119)
	at com.kms.katalon.core.main.TestCaseExecutor.runScript(TestCaseExecutor.java:328)
	at com.kms.katalon.core.main.TestCaseExecutor.doExecute(TestCaseExecutor.java:319)
	at com.kms.katalon.core.main.TestCaseExecutor.processExecutionPhase(TestCaseExecutor.java:298)
	at com.kms.katalon.core.main.TestCaseExecutor.accessMainPhase(TestCaseExecutor.java:290)
	at com.kms.katalon.core.main.TestCaseExecutor.execute(TestCaseExecutor.java:224)
	at com.kms.katalon.core.main.TestSuiteExecutor.accessTestCaseMainPhase(TestSuiteExecutor.java:129)
	at com.kms.katalon.core.main.TestSuiteExecutor.accessTestSuiteMainPhase(TestSuiteExecutor.java:112)
	at com.kms.katalon.core.main.TestSuiteExecutor.execute(TestSuiteExecutor.java:81)
	at com.kms.katalon.core.main.TestCaseMain.startTestSuite(TestCaseMain.java:149)
	at com.kms.katalon.core.main.TestCaseMain$startTestSuite$0.call(Unknown Source)
	at TempTestSuite1549610214322.run(TempTestSuite1549610214322.groovy:36)


2019-02-08 12:55:28 - [MESSAGE][ERROR] - utilities.BasicFunctions

2019-02-08 12:55:28 - [MESSAGE][ERROR] - utilities.BasicFunctions.Sel_CheckPageTitle() FAILED.
Reason:
java.lang.ClassNotFoundException: utilities.BasicFunctions
	at com.kms.katalon.core.main.CustomKeywordDelegatingMetaClass.getCustomKeywordClassAndSetMetaClass(CustomKeywordDelegatingMetaClass.java:98)
	at com.kms.katalon.core.main.CustomKeywordDelegatingMetaClass.invokeStaticMethod(CustomKeywordDelegatingMetaClass.java:44)
	at TC010_CheckPageTitleOfSite_CopiedFromSelenium.run(TC010_CheckPageTitleOfSite_CopiedFromSelenium:19)
	at com.kms.katalon.core.main.ScriptEngine.run(ScriptEngine.java:194)
	at com.kms.katalon.core.main.ScriptEngine.runScriptAsRawText(ScriptEngine.java:119)
	at com.kms.katalon.core.main.TestCaseExecutor.runScript(TestCaseExecutor.java:328)
	at com.kms.katalon.core.main.TestCaseExecutor.doExecute(TestCaseExecutor.java:319)
	at com.kms.katalon.core.main.TestCaseExecutor.processExecutionPhase(TestCaseExecutor.java:298)
	at com.kms.katalon.core.main.TestCaseExecutor.accessMainPhase(TestCaseExecutor.java:290)
	at com.kms.katalon.core.main.TestCaseExecutor.execute(TestCaseExecutor.java:224)
	at com.kms.katalon.core.main.TestSuiteExecutor.accessTestCaseMainPhase(TestSuiteExecutor.java:129)
	at com.kms.katalon.core.main.TestSuiteExecutor.accessTestSuiteMainPhase(TestSuiteExecutor.java:112)
	at com.kms.katalon.core.main.TestSuiteExecutor.execute(TestSuiteExecutor.java:81)
	at com.kms.katalon.core.main.TestCaseMain.startTestSuite(TestCaseMain.java:149)
	at com.kms.katalon.core.main.TestCaseMain$startTestSuite$0.call(Unknown Source)
	at TempTestSuite1549610214322.run(TempTestSuite1549610214322.groovy:36)


2019-02-08 12:55:28 - [TEST_STEP][PASSED] - Start listener action : sampleAfterTestCase: null

2019-02-08 12:55:28 - [TEST_STEP][PASSED] - if (getTestCaseId().contains("Sample Tests")): null]]></system-out>
         <system-err><![CDATA[2019-02-08 12:55:28 - [TEST_CASE][ERROR] - Test Cases/TC010_CheckPageTitleOfSite_CopiedFromSelenium: Test Cases/TC010_CheckPageTitleOfSite_CopiedFromSelenium FAILED.
Reason:
java.lang.ClassNotFoundException: utilities.BasicFunctions
	at com.kms.katalon.core.main.CustomKeywordDelegatingMetaClass.getCustomKeywordClassAndSetMetaClass(CustomKeywordDelegatingMetaClass.java:98)
	at com.kms.katalon.core.main.CustomKeywordDelegatingMetaClass.invokeStaticMethod(CustomKeywordDelegatingMetaClass.java:44)
	at TC010_CheckPageTitleOfSite_CopiedFromSelenium.run(TC010_CheckPageTitleOfSite_CopiedFromSelenium:19)
	at com.kms.katalon.core.main.ScriptEngine.run(ScriptEngine.java:194)
	at com.kms.katalon.core.main.ScriptEngine.runScriptAsRawText(ScriptEngine.java:119)
	at com.kms.katalon.core.main.TestCaseExecutor.runScript(TestCaseExecutor.java:328)
	at com.kms.katalon.core.main.TestCaseExecutor.doExecute(TestCaseExecutor.java:319)
	at com.kms.katalon.core.main.TestCaseExecutor.processExecutionPhase(TestCaseExecutor.java:298)
	at com.kms.katalon.core.main.TestCaseExecutor.accessMainPhase(TestCaseExecutor.java:290)
	at com.kms.katalon.core.main.TestCaseExecutor.execute(TestCaseExecutor.java:224)
	at com.kms.katalon.core.main.TestSuiteExecutor.accessTestCaseMainPhase(TestSuiteExecutor.java:129)
	at com.kms.katalon.core.main.TestSuiteExecutor.accessTestSuiteMainPhase(TestSuiteExecutor.java:112)
	at com.kms.katalon.core.main.TestSuiteExecutor.execute(TestSuiteExecutor.java:81)
	at com.kms.katalon.core.main.TestCaseMain.startTestSuite(TestCaseMain.java:149)
	at com.kms.katalon.core.main.TestCaseMain$startTestSuite$0.call(Unknown Source)
	at TempTestSuite1549610214322.run(TempTestSuite1549610214322.groovy:36)]]></system-err>
      </testcase>
      <system-out><![CDATA[2019-02-08 12:52:33 - [TEST_SUITE][ERROR] - Validate UI: Test Cases/TC001-Check Factsheet URL on home page FAILED.
Reason:
java.lang.ClassNotFoundException: utilities.BasicFunctions
	at com.kms.katalon.core.main.CustomKeywordDelegatingMetaClass.getCustomKeywordClassAndSetMetaClass(CustomKeywordDelegatingMetaClass.java:98)
	at com.kms.katalon.core.main.CustomKeywordDelegatingMetaClass.invokeStaticMethod(CustomKeywordDelegatingMetaClass.java:44)
	at TC001-Check Factsheet URL on home page.run(TC001-Check Factsheet URL on home page:43)
	at com.kms.katalon.core.main.ScriptEngine.run(ScriptEngine.java:194)
	at com.kms.katalon.core.main.ScriptEngine.runScriptAsRawText(ScriptEngine.java:119)
	at com.kms.katalon.core.main.TestCaseExecutor.runScript(TestCaseExecutor.java:328)
	at com.kms.katalon.core.main.TestCaseExecutor.doExecute(TestCaseExecutor.java:319)
	at com.kms.katalon.core.main.TestCaseExecutor.processExecutionPhase(TestCaseExecutor.java:298)
	at com.kms.katalon.core.main.TestCaseExecutor.accessMainPhase(TestCaseExecutor.java:290)
	at com.kms.katalon.core.main.TestCaseExecutor.execute(TestCaseExecutor.java:224)
	at com.kms.katalon.core.main.TestSuiteExecutor.accessTestCaseMainPhase(TestSuiteExecutor.java:129)
	at com.kms.katalon.core.main.TestSuiteExecutor.accessTestSuiteMainPhase(TestSuiteExecutor.java:112)
	at com.kms.katalon.core.main.TestSuiteExecutor.execute(TestSuiteExecutor.java:81)
	at com.kms.katalon.core.main.TestCaseMain.startTestSuite(TestCaseMain.java:149)
	at com.kms.katalon.core.main.TestCaseMain$startTestSuite$0.call(Unknown Source)
	at TempTestSuite1549610214322.run(TempTestSuite1549610214322.groovy:36)]]></system-out>
      <system-err><![CDATA[2019-02-08 12:52:33 - [TEST_SUITE][ERROR] - Validate UI: Test Cases/TC001-Check Factsheet URL on home page FAILED.
Reason:
java.lang.ClassNotFoundException: utilities.BasicFunctions
	at com.kms.katalon.core.main.CustomKeywordDelegatingMetaClass.getCustomKeywordClassAndSetMetaClass(CustomKeywordDelegatingMetaClass.java:98)
	at com.kms.katalon.core.main.CustomKeywordDelegatingMetaClass.invokeStaticMethod(CustomKeywordDelegatingMetaClass.java:44)
	at TC001-Check Factsheet URL on home page.run(TC001-Check Factsheet URL on home page:43)
	at com.kms.katalon.core.main.ScriptEngine.run(ScriptEngine.java:194)
	at com.kms.katalon.core.main.ScriptEngine.runScriptAsRawText(ScriptEngine.java:119)
	at com.kms.katalon.core.main.TestCaseExecutor.runScript(TestCaseExecutor.java:328)
	at com.kms.katalon.core.main.TestCaseExecutor.doExecute(TestCaseExecutor.java:319)
	at com.kms.katalon.core.main.TestCaseExecutor.processExecutionPhase(TestCaseExecutor.java:298)
	at com.kms.katalon.core.main.TestCaseExecutor.accessMainPhase(TestCaseExecutor.java:290)
	at com.kms.katalon.core.main.TestCaseExecutor.execute(TestCaseExecutor.java:224)
	at com.kms.katalon.core.main.TestSuiteExecutor.accessTestCaseMainPhase(TestSuiteExecutor.java:129)
	at com.kms.katalon.core.main.TestSuiteExecutor.accessTestSuiteMainPhase(TestSuiteExecutor.java:112)
	at com.kms.katalon.core.main.TestSuiteExecutor.execute(TestSuiteExecutor.java:81)
	at com.kms.katalon.core.main.TestCaseMain.startTestSuite(TestCaseMain.java:149)
	at com.kms.katalon.core.main.TestCaseMain$startTestSuite$0.call(Unknown Source)
	at TempTestSuite1549610214322.run(TempTestSuite1549610214322.groovy:36)]]></system-err>
   </testsuite>
</testsuites>
