<?xml version="1.0" encoding="UTF-8"?>
<testsuites name="Mobile" time="92" tests="0" failures="1" errors="0">
   <testsuite name="Mobile" tests="0" failures="1" errors="0" time="92" timestamp="2019-01-31 16:15:52" hostname="hiteshc - AOHYDLT0059.apporchid.com" id="Test Suites/Mobile">
      <properties>
         <property name="deviceName" value=""/>
         <property name="devicePlatform" value=""/>
         <property name="logFolder" value="D:\\Katalon_Studio_Windows_64-5.10.1\\projects\\IR Project\\Reports\\Mobile\\20190131_161254"/>
         <property name="logFiles" value="D:\\Katalon_Studio_Windows_64-5.10.1\\projects\\IR Project\\Reports\\Mobile\\20190131_161254\\execution0.log"/>
         <property name="attachments" value="D:\\Katalon_Studio_Windows_64-5.10.1\\projects\\IR Project\\Reports\\Mobile\\20190131_161254\\1548931624017.png"/>
         <property name="hostName" value="hiteshc - AOHYDLT0059.apporchid.com"/>
         <property name="os" value="Windows 10 64bit"/>
         <property name="katalonVersion" value="5.10.1.1"/>
         <property name="browser" value="Safari 12"/>
         <property name="hostAddress" value="10.10.12.73"/>
         <property name="sessionId" value="efd5699325907bd9dcf43a32d815b55716c7b40d"/>
         <property name="seleniumVersion" value="3.7.1"/>
         <property name="proxyInformation" value="ProxyInformation{proxyOption=NO_PROXY, proxyServerType=HTTP, password=, proxyServerAddress=, proxyServerPort=0}"/>
         <property name="platform" value="Windows 10"/>
      </properties>
      <testcase name="Test Cases/TC001-Check Factsheet URL on home page" classname="Test Cases/TC001-Check Factsheet URL on home page" status="FAILED">
         <failure type="FAILED" message="Test Cases/TC001-Check Factsheet URL on home page FAILED.
Reason:
com.kms.katalon.core.exception.StepFailedException: Unable to switch to window with index: '1' (Root cause: org.openqa.selenium.WebDriverException: Session not started or terminated (WARNING: The server did not provide any stacktrace information)
Command duration or timeout: 0 milliseconds
Build info: version: '3.7.1', revision: '8a0099a', time: '2017-11-06T21:07:36.161Z'
System info: host: 'AOHYDLT0059', ip: '10.10.12.73', os.name: 'Windows 10', os.arch: 'amd64', os.version: '10.0', java.version: '1.8.0_181'
Driver info: com.kms.katalon.selenium.driver.CRemoteWebDriver
Capabilities {64bit: false, acceptSslCert: false, acceptSslCerts: false, appium_port: 8083, automationName: XCUITest, bootstrapPath: /usr/local/.browserstack/co..., browser: ipad, browserName: safari, browserstack.appiumLogs: true, browserstack.debug: false, browserstack.ie.noFlash: false, browserstack.tunnelIdentifier: , browserstack.video: true, browserstack.video.disableWaterMark: false, databaseEnabled: false, detected_language: Apache-HttpClient/4.5.3 (Ja..., device: iphone, deviceName: iPad Pro 12.9 2018, deviceOrientation: portrait, javascriptEnabled: true, locationContextEnabled: false, mobile: {browser: tablet, version: iPad Pro 12.9 2018-12.1}, networkConnectionEnabled: false, newCommandTimeout: 300, noReset: true, orientation: PORTRAIT, orig_os: ios, osVersion: 12, os_version: 12, platform: MAC, platformName: MAC, platformVersion: 12.0, proxy_type: node, realMobile: true, real_mobile: true, safariIgnoreFraudWarning: true, safariInitialUrl: http://mobile-internet-chec..., takesScreenshot: true, udid: 00008027-000271C03EE8002E, useXctestrunFile: true, version: , wda_port: 8403, webStorageEnabled: false, webkitResponseTimeout: 20000}
Session ID: efd5699325907bd9dcf43a32d815b55716c7b40d)
	at com.kms.katalon.core.keyword.internal.KeywordMain.stepFailed(KeywordMain.groovy:36)
	at com.kms.katalon.core.webui.keyword.internal.WebUIKeywordMain.stepFailed(WebUIKeywordMain.groovy:65)
	at com.kms.katalon.core.webui.keyword.internal.WebUIKeywordMain.runKeyword(WebUIKeywordMain.groovy:27)
	at com.kms.katalon.core.webui.keyword.builtin.SwitchToWindowIndexKeyword.switchToWindowIndex(SwitchToWindowIndexKeyword.groovy:85)
	at com.kms.katalon.core.webui.keyword.builtin.SwitchToWindowIndexKeyword.execute(SwitchToWindowIndexKeyword.groovy:67)
	at com.kms.katalon.core.keyword.internal.KeywordExecutor.executeKeywordForPlatform(KeywordExecutor.groovy:53)
	at com.kms.katalon.core.webui.keyword.WebUiBuiltInKeywords.switchToWindowIndex(WebUiBuiltInKeywords.groovy:1861)
	at com.kms.katalon.core.webui.keyword.WebUiBuiltInKeywords$switchToWindowIndex$2.call(Unknown Source)
	at TC001-Check Factsheet URL on home page.run(TC001-Check Factsheet URL on home page:24)
	at com.kms.katalon.core.main.ScriptEngine.run(ScriptEngine.java:194)
	at com.kms.katalon.core.main.ScriptEngine.runScriptAsRawText(ScriptEngine.java:119)
	at com.kms.katalon.core.main.TestCaseExecutor.runScript(TestCaseExecutor.java:328)
	at com.kms.katalon.core.main.TestCaseExecutor.doExecute(TestCaseExecutor.java:319)
	at com.kms.katalon.core.main.TestCaseExecutor.processExecutionPhase(TestCaseExecutor.java:298)
	at com.kms.katalon.core.main.TestCaseExecutor.accessMainPhase(TestCaseExecutor.java:290)
	at com.kms.katalon.core.main.TestCaseExecutor.execute(TestCaseExecutor.java:224)
	at com.kms.katalon.core.main.TestSuiteExecutor.accessTestCaseMainPhase(TestSuiteExecutor.java:129)
	at com.kms.katalon.core.main.TestSuiteExecutor.accessTestSuiteMainPhase(TestSuiteExecutor.java:112)
	at com.kms.katalon.core.main.TestSuiteExecutor.execute(TestSuiteExecutor.java:81)
	at com.kms.katalon.core.main.TestCaseMain.startTestSuite(TestCaseMain.java:149)
	at com.kms.katalon.core.main.TestCaseMain$startTestSuite$0.call(Unknown Source)
	at TempTestSuite1548931375108.run(TempTestSuite1548931375108.groovy:36)
"/>
         <system-out><![CDATA[2019-01-31 16:15:53 - [TEST_CASE][FAILED] - Test Cases/TC001-Check Factsheet URL on home page: Test Cases/TC001-Check Factsheet URL on home page FAILED.
Reason:
com.kms.katalon.core.exception.StepFailedException: Unable to switch to window with index: '1' (Root cause: org.openqa.selenium.WebDriverException: Session not started or terminated (WARNING: The server did not provide any stacktrace information)
Command duration or timeout: 0 milliseconds
Build info: version: '3.7.1', revision: '8a0099a', time: '2017-11-06T21:07:36.161Z'
System info: host: 'AOHYDLT0059', ip: '10.10.12.73', os.name: 'Windows 10', os.arch: 'amd64', os.version: '10.0', java.version: '1.8.0_181'
Driver info: com.kms.katalon.selenium.driver.CRemoteWebDriver
Capabilities {64bit: false, acceptSslCert: false, acceptSslCerts: false, appium_port: 8083, automationName: XCUITest, bootstrapPath: /usr/local/.browserstack/co..., browser: ipad, browserName: safari, browserstack.appiumLogs: true, browserstack.debug: false, browserstack.ie.noFlash: false, browserstack.tunnelIdentifier: , browserstack.video: true, browserstack.video.disableWaterMark: false, databaseEnabled: false, detected_language: Apache-HttpClient/4.5.3 (Ja..., device: iphone, deviceName: iPad Pro 12.9 2018, deviceOrientation: portrait, javascriptEnabled: true, locationContextEnabled: false, mobile: {browser: tablet, version: iPad Pro 12.9 2018-12.1}, networkConnectionEnabled: false, newCommandTimeout: 300, noReset: true, orientation: PORTRAIT, orig_os: ios, osVersion: 12, os_version: 12, platform: MAC, platformName: MAC, platformVersion: 12.0, proxy_type: node, realMobile: true, real_mobile: true, safariIgnoreFraudWarning: true, safariInitialUrl: http://mobile-internet-chec..., takesScreenshot: true, udid: 00008027-000271C03EE8002E, useXctestrunFile: true, version: , wda_port: 8403, webStorageEnabled: false, webkitResponseTimeout: 20000}
Session ID: efd5699325907bd9dcf43a32d815b55716c7b40d)
	at com.kms.katalon.core.keyword.internal.KeywordMain.stepFailed(KeywordMain.groovy:36)
	at com.kms.katalon.core.webui.keyword.internal.WebUIKeywordMain.stepFailed(WebUIKeywordMain.groovy:65)
	at com.kms.katalon.core.webui.keyword.internal.WebUIKeywordMain.runKeyword(WebUIKeywordMain.groovy:27)
	at com.kms.katalon.core.webui.keyword.builtin.SwitchToWindowIndexKeyword.switchToWindowIndex(SwitchToWindowIndexKeyword.groovy:85)
	at com.kms.katalon.core.webui.keyword.builtin.SwitchToWindowIndexKeyword.execute(SwitchToWindowIndexKeyword.groovy:67)
	at com.kms.katalon.core.keyword.internal.KeywordExecutor.executeKeywordForPlatform(KeywordExecutor.groovy:53)
	at com.kms.katalon.core.webui.keyword.WebUiBuiltInKeywords.switchToWindowIndex(WebUiBuiltInKeywords.groovy:1861)
	at com.kms.katalon.core.webui.keyword.WebUiBuiltInKeywords$switchToWindowIndex$2.call(Unknown Source)
	at TC001-Check Factsheet URL on home page.run(TC001-Check Factsheet URL on home page:24)
	at com.kms.katalon.core.main.ScriptEngine.run(ScriptEngine.java:194)
	at com.kms.katalon.core.main.ScriptEngine.runScriptAsRawText(ScriptEngine.java:119)
	at com.kms.katalon.core.main.TestCaseExecutor.runScript(TestCaseExecutor.java:328)
	at com.kms.katalon.core.main.TestCaseExecutor.doExecute(TestCaseExecutor.java:319)
	at com.kms.katalon.core.main.TestCaseExecutor.processExecutionPhase(TestCaseExecutor.java:298)
	at com.kms.katalon.core.main.TestCaseExecutor.accessMainPhase(TestCaseExecutor.java:290)
	at com.kms.katalon.core.main.TestCaseExecutor.execute(TestCaseExecutor.java:224)
	at com.kms.katalon.core.main.TestSuiteExecutor.accessTestCaseMainPhase(TestSuiteExecutor.java:129)
	at com.kms.katalon.core.main.TestSuiteExecutor.accessTestSuiteMainPhase(TestSuiteExecutor.java:112)
	at com.kms.katalon.core.main.TestSuiteExecutor.execute(TestSuiteExecutor.java:81)
	at com.kms.katalon.core.main.TestCaseMain.startTestSuite(TestCaseMain.java:149)
	at com.kms.katalon.core.main.TestCaseMain$startTestSuite$0.call(Unknown Source)
	at TempTestSuite1548931375108.run(TempTestSuite1548931375108.groovy:36)


2019-01-31 16:15:53 - [TEST_STEP][PASSED] - Start listener action : sampleBeforeTestCase: null

2019-01-31 16:15:53 - [TEST_STEP][PASSED] - if (getTestCaseId().contains("Sample Tests")): null

2019-01-31 16:15:53 - [TEST_STEP][PASSED] - callTestCase(findTestCase("TT001-Launch Application"), [:], STOP_ON_FAILURE): Call Test Case 'Test Cases/TT001-Launch Application' successfully

2019-01-31 16:15:53 - [TEST_CASE][PASSED] - Test Cases/TT001-Launch Application: Test Cases/TT001-Launch Application

2019-01-31 16:15:53 - [TEST_STEP][PASSED] - openBrowser(findTestData("URLs").getValue(1, 1)): Browser is opened with url: 'https://ir.amwater.com'

2019-01-31 16:15:54 - [MESSAGE][INFO] - Starting 'Remote' driver

2019-01-31 16:15:54 - [MESSAGE][INFO] - User set preference: ['device', 'iPad Pro 12.9 2018']

2019-01-31 16:15:54 - [MESSAGE][INFO] - User set preference: ['realMobile', 'true']

2019-01-31 16:15:54 - [MESSAGE][INFO] - User set preference: ['os_version', '12']

2019-01-31 16:15:54 - [MESSAGE][INFO] - Connecting to remote web server 'http://cakedcteam1:nxGnf9inWKyiBnPZhodt@hub-cloud.browserstack.com/wd/hub' with type 'Selenium'

2019-01-31 16:15:54 - [MESSAGE][INFO] - Action delay is set to 0 seconds

2019-01-31 16:16:27 - [MESSAGE][PASSED] - Browser is opened with url: 'https://ir.amwater.com'

2019-01-31 16:16:27 - [TEST_STEP][PASSED] - delay(10): Delayed 10 second(s)

2019-01-31 16:16:37 - [MESSAGE][PASSED] - Delayed 10 second(s)

2019-01-31 16:16:37 - [TEST_STEP][NOT_RUN] - maximizeWindow(): NOT_RUN: maximizeWindow()

2019-01-31 16:16:37 - [MESSAGE][NOT_RUN] - NOT_RUN: maximizeWindow()

2019-01-31 16:16:37 - [MESSAGE][PASSED] - Call Test Case 'Test Cases/TT001-Launch Application' successfully

2019-01-31 16:16:37 - [TEST_STEP][PASSED] - verifyElementPresent(findTestObject("Home Page/a_Fact Sheet"), 30): Object 'Object Repository/Home Page/a_Fact Sheet' is present

2019-01-31 16:16:37 - [MESSAGE][PASSED] - Object 'Object Repository/Home Page/a_Fact Sheet' is present

2019-01-31 16:16:37 - [TEST_STEP][PASSED] - click(findTestObject("Home Page/a_Fact Sheet")): Object: 'Object Repository/Home Page/a_Fact Sheet' is clicked on

2019-01-31 16:16:37 - [MESSAGE][PASSED] - Object: 'Object Repository/Home Page/a_Fact Sheet' is clicked on

2019-01-31 16:16:37 - [TEST_STEP][FAILED] - switchToWindowIndex(1): switchToWindowIndex(1) FAILED.
Reason:
com.kms.katalon.core.exception.StepFailedException: Unable to switch to window with index: '1' (Root cause: org.openqa.selenium.WebDriverException: Session not started or terminated (WARNING: The server did not provide any stacktrace information)
Command duration or timeout: 0 milliseconds
Build info: version: '3.7.1', revision: '8a0099a', time: '2017-11-06T21:07:36.161Z'
System info: host: 'AOHYDLT0059', ip: '10.10.12.73', os.name: 'Windows 10', os.arch: 'amd64', os.version: '10.0', java.version: '1.8.0_181'
Driver info: com.kms.katalon.selenium.driver.CRemoteWebDriver
Capabilities {64bit: false, acceptSslCert: false, acceptSslCerts: false, appium_port: 8083, automationName: XCUITest, bootstrapPath: /usr/local/.browserstack/co..., browser: ipad, browserName: safari, browserstack.appiumLogs: true, browserstack.debug: false, browserstack.ie.noFlash: false, browserstack.tunnelIdentifier: , browserstack.video: true, browserstack.video.disableWaterMark: false, databaseEnabled: false, detected_language: Apache-HttpClient/4.5.3 (Ja..., device: iphone, deviceName: iPad Pro 12.9 2018, deviceOrientation: portrait, javascriptEnabled: true, locationContextEnabled: false, mobile: {browser: tablet, version: iPad Pro 12.9 2018-12.1}, networkConnectionEnabled: false, newCommandTimeout: 300, noReset: true, orientation: PORTRAIT, orig_os: ios, osVersion: 12, os_version: 12, platform: MAC, platformName: MAC, platformVersion: 12.0, proxy_type: node, realMobile: true, real_mobile: true, safariIgnoreFraudWarning: true, safariInitialUrl: http://mobile-internet-chec..., takesScreenshot: true, udid: 00008027-000271C03EE8002E, useXctestrunFile: true, version: , wda_port: 8403, webStorageEnabled: false, webkitResponseTimeout: 20000}
Session ID: efd5699325907bd9dcf43a32d815b55716c7b40d)
	at com.kms.katalon.core.keyword.internal.KeywordMain.stepFailed(KeywordMain.groovy:36)
	at com.kms.katalon.core.webui.keyword.internal.WebUIKeywordMain.stepFailed(WebUIKeywordMain.groovy:65)
	at com.kms.katalon.core.webui.keyword.internal.WebUIKeywordMain.runKeyword(WebUIKeywordMain.groovy:27)
	at com.kms.katalon.core.webui.keyword.builtin.SwitchToWindowIndexKeyword.switchToWindowIndex(SwitchToWindowIndexKeyword.groovy:85)
	at com.kms.katalon.core.webui.keyword.builtin.SwitchToWindowIndexKeyword.execute(SwitchToWindowIndexKeyword.groovy:67)
	at com.kms.katalon.core.keyword.internal.KeywordExecutor.executeKeywordForPlatform(KeywordExecutor.groovy:53)
	at com.kms.katalon.core.webui.keyword.WebUiBuiltInKeywords.switchToWindowIndex(WebUiBuiltInKeywords.groovy:1861)
	at com.kms.katalon.core.webui.keyword.WebUiBuiltInKeywords$switchToWindowIndex$2.call(Unknown Source)
	at TC001-Check Factsheet URL on home page.run(TC001-Check Factsheet URL on home page:24)
	at com.kms.katalon.core.main.ScriptEngine.run(ScriptEngine.java:194)
	at com.kms.katalon.core.main.ScriptEngine.runScriptAsRawText(ScriptEngine.java:119)
	at com.kms.katalon.core.main.TestCaseExecutor.runScript(TestCaseExecutor.java:328)
	at com.kms.katalon.core.main.TestCaseExecutor.doExecute(TestCaseExecutor.java:319)
	at com.kms.katalon.core.main.TestCaseExecutor.processExecutionPhase(TestCaseExecutor.java:298)
	at com.kms.katalon.core.main.TestCaseExecutor.accessMainPhase(TestCaseExecutor.java:290)
	at com.kms.katalon.core.main.TestCaseExecutor.execute(TestCaseExecutor.java:224)
	at com.kms.katalon.core.main.TestSuiteExecutor.accessTestCaseMainPhase(TestSuiteExecutor.java:129)
	at com.kms.katalon.core.main.TestSuiteExecutor.accessTestSuiteMainPhase(TestSuiteExecutor.java:112)
	at com.kms.katalon.core.main.TestSuiteExecutor.execute(TestSuiteExecutor.java:81)
	at com.kms.katalon.core.main.TestCaseMain.startTestSuite(TestCaseMain.java:149)
	at com.kms.katalon.core.main.TestCaseMain$startTestSuite$0.call(Unknown Source)
	at TempTestSuite1548931375108.run(TempTestSuite1548931375108.groovy:36)


2019-01-31 16:17:12 - [MESSAGE][FAILED] - Unable to switch to window with index: '1' (Root cause: org.openqa.selenium.WebDriverException: Session not started or terminated (WARNING: The server did not provide any stacktrace information)
Command duration or timeout: 0 milliseconds
Build info: version: '3.7.1', revision: '8a0099a', time: '2017-11-06T21:07:36.161Z'
System info: host: 'AOHYDLT0059', ip: '10.10.12.73', os.name: 'Windows 10', os.arch: 'amd64', os.version: '10.0', java.version: '1.8.0_181'
Driver info: com.kms.katalon.selenium.driver.CRemoteWebDriver
Capabilities {64bit: false, acceptSslCert: false, acceptSslCerts: false, appium_port: 8083, automationName: XCUITest, bootstrapPath: /usr/local/.browserstack/co..., browser: ipad, browserName: safari, browserstack.appiumLogs: true, browserstack.debug: false, browserstack.ie.noFlash: false, browserstack.tunnelIdentifier: , browserstack.video: true, browserstack.video.disableWaterMark: false, databaseEnabled: false, detected_language: Apache-HttpClient/4.5.3 (Ja..., device: iphone, deviceName: iPad Pro 12.9 2018, deviceOrientation: portrait, javascriptEnabled: true, locationContextEnabled: false, mobile: {browser: tablet, version: iPad Pro 12.9 2018-12.1}, networkConnectionEnabled: false, newCommandTimeout: 300, noReset: true, orientation: PORTRAIT, orig_os: ios, osVersion: 12, os_version: 12, platform: MAC, platformName: MAC, platformVersion: 12.0, proxy_type: node, realMobile: true, real_mobile: true, safariIgnoreFraudWarning: true, safariInitialUrl: http://mobile-internet-chec..., takesScreenshot: true, udid: 00008027-000271C03EE8002E, useXctestrunFile: true, version: , wda_port: 8403, webStorageEnabled: false, webkitResponseTimeout: 20000}
Session ID: efd5699325907bd9dcf43a32d815b55716c7b40d)
[[ATTACHMENT|D:\\Katalon_Studio_Windows_64-5.10.1\\projects\\IR Project\\Reports\\Mobile\\20190131_161254\\1548931624017.png]]

2019-01-31 16:17:12 - [MESSAGE][FAILED] - switchToWindowIndex(1) FAILED.
Reason:
com.kms.katalon.core.exception.StepFailedException: Unable to switch to window with index: '1' (Root cause: org.openqa.selenium.WebDriverException: Session not started or terminated (WARNING: The server did not provide any stacktrace information)
Command duration or timeout: 0 milliseconds
Build info: version: '3.7.1', revision: '8a0099a', time: '2017-11-06T21:07:36.161Z'
System info: host: 'AOHYDLT0059', ip: '10.10.12.73', os.name: 'Windows 10', os.arch: 'amd64', os.version: '10.0', java.version: '1.8.0_181'
Driver info: com.kms.katalon.selenium.driver.CRemoteWebDriver
Capabilities {64bit: false, acceptSslCert: false, acceptSslCerts: false, appium_port: 8083, automationName: XCUITest, bootstrapPath: /usr/local/.browserstack/co..., browser: ipad, browserName: safari, browserstack.appiumLogs: true, browserstack.debug: false, browserstack.ie.noFlash: false, browserstack.tunnelIdentifier: , browserstack.video: true, browserstack.video.disableWaterMark: false, databaseEnabled: false, detected_language: Apache-HttpClient/4.5.3 (Ja..., device: iphone, deviceName: iPad Pro 12.9 2018, deviceOrientation: portrait, javascriptEnabled: true, locationContextEnabled: false, mobile: {browser: tablet, version: iPad Pro 12.9 2018-12.1}, networkConnectionEnabled: false, newCommandTimeout: 300, noReset: true, orientation: PORTRAIT, orig_os: ios, osVersion: 12, os_version: 12, platform: MAC, platformName: MAC, platformVersion: 12.0, proxy_type: node, realMobile: true, real_mobile: true, safariIgnoreFraudWarning: true, safariInitialUrl: http://mobile-internet-chec..., takesScreenshot: true, udid: 00008027-000271C03EE8002E, useXctestrunFile: true, version: , wda_port: 8403, webStorageEnabled: false, webkitResponseTimeout: 20000}
Session ID: efd5699325907bd9dcf43a32d815b55716c7b40d)
	at com.kms.katalon.core.keyword.internal.KeywordMain.stepFailed(KeywordMain.groovy:36)
	at com.kms.katalon.core.webui.keyword.internal.WebUIKeywordMain.stepFailed(WebUIKeywordMain.groovy:65)
	at com.kms.katalon.core.webui.keyword.internal.WebUIKeywordMain.runKeyword(WebUIKeywordMain.groovy:27)
	at com.kms.katalon.core.webui.keyword.builtin.SwitchToWindowIndexKeyword.switchToWindowIndex(SwitchToWindowIndexKeyword.groovy:85)
	at com.kms.katalon.core.webui.keyword.builtin.SwitchToWindowIndexKeyword.execute(SwitchToWindowIndexKeyword.groovy:67)
	at com.kms.katalon.core.keyword.internal.KeywordExecutor.executeKeywordForPlatform(KeywordExecutor.groovy:53)
	at com.kms.katalon.core.webui.keyword.WebUiBuiltInKeywords.switchToWindowIndex(WebUiBuiltInKeywords.groovy:1861)
	at com.kms.katalon.core.webui.keyword.WebUiBuiltInKeywords$switchToWindowIndex$2.call(Unknown Source)
	at TC001-Check Factsheet URL on home page.run(TC001-Check Factsheet URL on home page:24)
	at com.kms.katalon.core.main.ScriptEngine.run(ScriptEngine.java:194)
	at com.kms.katalon.core.main.ScriptEngine.runScriptAsRawText(ScriptEngine.java:119)
	at com.kms.katalon.core.main.TestCaseExecutor.runScript(TestCaseExecutor.java:328)
	at com.kms.katalon.core.main.TestCaseExecutor.doExecute(TestCaseExecutor.java:319)
	at com.kms.katalon.core.main.TestCaseExecutor.processExecutionPhase(TestCaseExecutor.java:298)
	at com.kms.katalon.core.main.TestCaseExecutor.accessMainPhase(TestCaseExecutor.java:290)
	at com.kms.katalon.core.main.TestCaseExecutor.execute(TestCaseExecutor.java:224)
	at com.kms.katalon.core.main.TestSuiteExecutor.accessTestCaseMainPhase(TestSuiteExecutor.java:129)
	at com.kms.katalon.core.main.TestSuiteExecutor.accessTestSuiteMainPhase(TestSuiteExecutor.java:112)
	at com.kms.katalon.core.main.TestSuiteExecutor.execute(TestSuiteExecutor.java:81)
	at com.kms.katalon.core.main.TestCaseMain.startTestSuite(TestCaseMain.java:149)
	at com.kms.katalon.core.main.TestCaseMain$startTestSuite$0.call(Unknown Source)
	at TempTestSuite1548931375108.run(TempTestSuite1548931375108.groovy:36)


2019-01-31 16:17:12 - [TEST_STEP][PASSED] - Start listener action : sampleAfterTestCase: null

2019-01-31 16:17:12 - [TEST_STEP][PASSED] - if (getTestCaseId().contains("Sample Tests")): null]]></system-out>
         <system-err><![CDATA[2019-01-31 16:15:53 - [TEST_CASE][FAILED] - Test Cases/TC001-Check Factsheet URL on home page: Test Cases/TC001-Check Factsheet URL on home page FAILED.
Reason:
com.kms.katalon.core.exception.StepFailedException: Unable to switch to window with index: '1' (Root cause: org.openqa.selenium.WebDriverException: Session not started or terminated (WARNING: The server did not provide any stacktrace information)
Command duration or timeout: 0 milliseconds
Build info: version: '3.7.1', revision: '8a0099a', time: '2017-11-06T21:07:36.161Z'
System info: host: 'AOHYDLT0059', ip: '10.10.12.73', os.name: 'Windows 10', os.arch: 'amd64', os.version: '10.0', java.version: '1.8.0_181'
Driver info: com.kms.katalon.selenium.driver.CRemoteWebDriver
Capabilities {64bit: false, acceptSslCert: false, acceptSslCerts: false, appium_port: 8083, automationName: XCUITest, bootstrapPath: /usr/local/.browserstack/co..., browser: ipad, browserName: safari, browserstack.appiumLogs: true, browserstack.debug: false, browserstack.ie.noFlash: false, browserstack.tunnelIdentifier: , browserstack.video: true, browserstack.video.disableWaterMark: false, databaseEnabled: false, detected_language: Apache-HttpClient/4.5.3 (Ja..., device: iphone, deviceName: iPad Pro 12.9 2018, deviceOrientation: portrait, javascriptEnabled: true, locationContextEnabled: false, mobile: {browser: tablet, version: iPad Pro 12.9 2018-12.1}, networkConnectionEnabled: false, newCommandTimeout: 300, noReset: true, orientation: PORTRAIT, orig_os: ios, osVersion: 12, os_version: 12, platform: MAC, platformName: MAC, platformVersion: 12.0, proxy_type: node, realMobile: true, real_mobile: true, safariIgnoreFraudWarning: true, safariInitialUrl: http://mobile-internet-chec..., takesScreenshot: true, udid: 00008027-000271C03EE8002E, useXctestrunFile: true, version: , wda_port: 8403, webStorageEnabled: false, webkitResponseTimeout: 20000}
Session ID: efd5699325907bd9dcf43a32d815b55716c7b40d)
	at com.kms.katalon.core.keyword.internal.KeywordMain.stepFailed(KeywordMain.groovy:36)
	at com.kms.katalon.core.webui.keyword.internal.WebUIKeywordMain.stepFailed(WebUIKeywordMain.groovy:65)
	at com.kms.katalon.core.webui.keyword.internal.WebUIKeywordMain.runKeyword(WebUIKeywordMain.groovy:27)
	at com.kms.katalon.core.webui.keyword.builtin.SwitchToWindowIndexKeyword.switchToWindowIndex(SwitchToWindowIndexKeyword.groovy:85)
	at com.kms.katalon.core.webui.keyword.builtin.SwitchToWindowIndexKeyword.execute(SwitchToWindowIndexKeyword.groovy:67)
	at com.kms.katalon.core.keyword.internal.KeywordExecutor.executeKeywordForPlatform(KeywordExecutor.groovy:53)
	at com.kms.katalon.core.webui.keyword.WebUiBuiltInKeywords.switchToWindowIndex(WebUiBuiltInKeywords.groovy:1861)
	at com.kms.katalon.core.webui.keyword.WebUiBuiltInKeywords$switchToWindowIndex$2.call(Unknown Source)
	at TC001-Check Factsheet URL on home page.run(TC001-Check Factsheet URL on home page:24)
	at com.kms.katalon.core.main.ScriptEngine.run(ScriptEngine.java:194)
	at com.kms.katalon.core.main.ScriptEngine.runScriptAsRawText(ScriptEngine.java:119)
	at com.kms.katalon.core.main.TestCaseExecutor.runScript(TestCaseExecutor.java:328)
	at com.kms.katalon.core.main.TestCaseExecutor.doExecute(TestCaseExecutor.java:319)
	at com.kms.katalon.core.main.TestCaseExecutor.processExecutionPhase(TestCaseExecutor.java:298)
	at com.kms.katalon.core.main.TestCaseExecutor.accessMainPhase(TestCaseExecutor.java:290)
	at com.kms.katalon.core.main.TestCaseExecutor.execute(TestCaseExecutor.java:224)
	at com.kms.katalon.core.main.TestSuiteExecutor.accessTestCaseMainPhase(TestSuiteExecutor.java:129)
	at com.kms.katalon.core.main.TestSuiteExecutor.accessTestSuiteMainPhase(TestSuiteExecutor.java:112)
	at com.kms.katalon.core.main.TestSuiteExecutor.execute(TestSuiteExecutor.java:81)
	at com.kms.katalon.core.main.TestCaseMain.startTestSuite(TestCaseMain.java:149)
	at com.kms.katalon.core.main.TestCaseMain$startTestSuite$0.call(Unknown Source)
	at TempTestSuite1548931375108.run(TempTestSuite1548931375108.groovy:36)]]></system-err>
      </testcase>
      <system-out><![CDATA[2019-01-31 16:15:52 - [TEST_SUITE][FAILED] - Mobile: Test Cases/TC001-Check Factsheet URL on home page FAILED.
Reason:
com.kms.katalon.core.exception.StepFailedException: Unable to switch to window with index: '1' (Root cause: org.openqa.selenium.WebDriverException: Session not started or terminated (WARNING: The server did not provide any stacktrace information)
Command duration or timeout: 0 milliseconds
Build info: version: '3.7.1', revision: '8a0099a', time: '2017-11-06T21:07:36.161Z'
System info: host: 'AOHYDLT0059', ip: '10.10.12.73', os.name: 'Windows 10', os.arch: 'amd64', os.version: '10.0', java.version: '1.8.0_181'
Driver info: com.kms.katalon.selenium.driver.CRemoteWebDriver
Capabilities {64bit: false, acceptSslCert: false, acceptSslCerts: false, appium_port: 8083, automationName: XCUITest, bootstrapPath: /usr/local/.browserstack/co..., browser: ipad, browserName: safari, browserstack.appiumLogs: true, browserstack.debug: false, browserstack.ie.noFlash: false, browserstack.tunnelIdentifier: , browserstack.video: true, browserstack.video.disableWaterMark: false, databaseEnabled: false, detected_language: Apache-HttpClient/4.5.3 (Ja..., device: iphone, deviceName: iPad Pro 12.9 2018, deviceOrientation: portrait, javascriptEnabled: true, locationContextEnabled: false, mobile: {browser: tablet, version: iPad Pro 12.9 2018-12.1}, networkConnectionEnabled: false, newCommandTimeout: 300, noReset: true, orientation: PORTRAIT, orig_os: ios, osVersion: 12, os_version: 12, platform: MAC, platformName: MAC, platformVersion: 12.0, proxy_type: node, realMobile: true, real_mobile: true, safariIgnoreFraudWarning: true, safariInitialUrl: http://mobile-internet-chec..., takesScreenshot: true, udid: 00008027-000271C03EE8002E, useXctestrunFile: true, version: , wda_port: 8403, webStorageEnabled: false, webkitResponseTimeout: 20000}
Session ID: efd5699325907bd9dcf43a32d815b55716c7b40d)
	at com.kms.katalon.core.keyword.internal.KeywordMain.stepFailed(KeywordMain.groovy:36)
	at com.kms.katalon.core.webui.keyword.internal.WebUIKeywordMain.stepFailed(WebUIKeywordMain.groovy:65)
	at com.kms.katalon.core.webui.keyword.internal.WebUIKeywordMain.runKeyword(WebUIKeywordMain.groovy:27)
	at com.kms.katalon.core.webui.keyword.builtin.SwitchToWindowIndexKeyword.switchToWindowIndex(SwitchToWindowIndexKeyword.groovy:85)
	at com.kms.katalon.core.webui.keyword.builtin.SwitchToWindowIndexKeyword.execute(SwitchToWindowIndexKeyword.groovy:67)
	at com.kms.katalon.core.keyword.internal.KeywordExecutor.executeKeywordForPlatform(KeywordExecutor.groovy:53)
	at com.kms.katalon.core.webui.keyword.WebUiBuiltInKeywords.switchToWindowIndex(WebUiBuiltInKeywords.groovy:1861)
	at com.kms.katalon.core.webui.keyword.WebUiBuiltInKeywords$switchToWindowIndex$2.call(Unknown Source)
	at TC001-Check Factsheet URL on home page.run(TC001-Check Factsheet URL on home page:24)
	at com.kms.katalon.core.main.ScriptEngine.run(ScriptEngine.java:194)
	at com.kms.katalon.core.main.ScriptEngine.runScriptAsRawText(ScriptEngine.java:119)
	at com.kms.katalon.core.main.TestCaseExecutor.runScript(TestCaseExecutor.java:328)
	at com.kms.katalon.core.main.TestCaseExecutor.doExecute(TestCaseExecutor.java:319)
	at com.kms.katalon.core.main.TestCaseExecutor.processExecutionPhase(TestCaseExecutor.java:298)
	at com.kms.katalon.core.main.TestCaseExecutor.accessMainPhase(TestCaseExecutor.java:290)
	at com.kms.katalon.core.main.TestCaseExecutor.execute(TestCaseExecutor.java:224)
	at com.kms.katalon.core.main.TestSuiteExecutor.accessTestCaseMainPhase(TestSuiteExecutor.java:129)
	at com.kms.katalon.core.main.TestSuiteExecutor.accessTestSuiteMainPhase(TestSuiteExecutor.java:112)
	at com.kms.katalon.core.main.TestSuiteExecutor.execute(TestSuiteExecutor.java:81)
	at com.kms.katalon.core.main.TestCaseMain.startTestSuite(TestCaseMain.java:149)
	at com.kms.katalon.core.main.TestCaseMain$startTestSuite$0.call(Unknown Source)
	at TempTestSuite1548931375108.run(TempTestSuite1548931375108.groovy:36)]]></system-out>
      <system-err><![CDATA[2019-01-31 16:15:52 - [TEST_SUITE][FAILED] - Mobile: Test Cases/TC001-Check Factsheet URL on home page FAILED.
Reason:
com.kms.katalon.core.exception.StepFailedException: Unable to switch to window with index: '1' (Root cause: org.openqa.selenium.WebDriverException: Session not started or terminated (WARNING: The server did not provide any stacktrace information)
Command duration or timeout: 0 milliseconds
Build info: version: '3.7.1', revision: '8a0099a', time: '2017-11-06T21:07:36.161Z'
System info: host: 'AOHYDLT0059', ip: '10.10.12.73', os.name: 'Windows 10', os.arch: 'amd64', os.version: '10.0', java.version: '1.8.0_181'
Driver info: com.kms.katalon.selenium.driver.CRemoteWebDriver
Capabilities {64bit: false, acceptSslCert: false, acceptSslCerts: false, appium_port: 8083, automationName: XCUITest, bootstrapPath: /usr/local/.browserstack/co..., browser: ipad, browserName: safari, browserstack.appiumLogs: true, browserstack.debug: false, browserstack.ie.noFlash: false, browserstack.tunnelIdentifier: , browserstack.video: true, browserstack.video.disableWaterMark: false, databaseEnabled: false, detected_language: Apache-HttpClient/4.5.3 (Ja..., device: iphone, deviceName: iPad Pro 12.9 2018, deviceOrientation: portrait, javascriptEnabled: true, locationContextEnabled: false, mobile: {browser: tablet, version: iPad Pro 12.9 2018-12.1}, networkConnectionEnabled: false, newCommandTimeout: 300, noReset: true, orientation: PORTRAIT, orig_os: ios, osVersion: 12, os_version: 12, platform: MAC, platformName: MAC, platformVersion: 12.0, proxy_type: node, realMobile: true, real_mobile: true, safariIgnoreFraudWarning: true, safariInitialUrl: http://mobile-internet-chec..., takesScreenshot: true, udid: 00008027-000271C03EE8002E, useXctestrunFile: true, version: , wda_port: 8403, webStorageEnabled: false, webkitResponseTimeout: 20000}
Session ID: efd5699325907bd9dcf43a32d815b55716c7b40d)
	at com.kms.katalon.core.keyword.internal.KeywordMain.stepFailed(KeywordMain.groovy:36)
	at com.kms.katalon.core.webui.keyword.internal.WebUIKeywordMain.stepFailed(WebUIKeywordMain.groovy:65)
	at com.kms.katalon.core.webui.keyword.internal.WebUIKeywordMain.runKeyword(WebUIKeywordMain.groovy:27)
	at com.kms.katalon.core.webui.keyword.builtin.SwitchToWindowIndexKeyword.switchToWindowIndex(SwitchToWindowIndexKeyword.groovy:85)
	at com.kms.katalon.core.webui.keyword.builtin.SwitchToWindowIndexKeyword.execute(SwitchToWindowIndexKeyword.groovy:67)
	at com.kms.katalon.core.keyword.internal.KeywordExecutor.executeKeywordForPlatform(KeywordExecutor.groovy:53)
	at com.kms.katalon.core.webui.keyword.WebUiBuiltInKeywords.switchToWindowIndex(WebUiBuiltInKeywords.groovy:1861)
	at com.kms.katalon.core.webui.keyword.WebUiBuiltInKeywords$switchToWindowIndex$2.call(Unknown Source)
	at TC001-Check Factsheet URL on home page.run(TC001-Check Factsheet URL on home page:24)
	at com.kms.katalon.core.main.ScriptEngine.run(ScriptEngine.java:194)
	at com.kms.katalon.core.main.ScriptEngine.runScriptAsRawText(ScriptEngine.java:119)
	at com.kms.katalon.core.main.TestCaseExecutor.runScript(TestCaseExecutor.java:328)
	at com.kms.katalon.core.main.TestCaseExecutor.doExecute(TestCaseExecutor.java:319)
	at com.kms.katalon.core.main.TestCaseExecutor.processExecutionPhase(TestCaseExecutor.java:298)
	at com.kms.katalon.core.main.TestCaseExecutor.accessMainPhase(TestCaseExecutor.java:290)
	at com.kms.katalon.core.main.TestCaseExecutor.execute(TestCaseExecutor.java:224)
	at com.kms.katalon.core.main.TestSuiteExecutor.accessTestCaseMainPhase(TestSuiteExecutor.java:129)
	at com.kms.katalon.core.main.TestSuiteExecutor.accessTestSuiteMainPhase(TestSuiteExecutor.java:112)
	at com.kms.katalon.core.main.TestSuiteExecutor.execute(TestSuiteExecutor.java:81)
	at com.kms.katalon.core.main.TestCaseMain.startTestSuite(TestCaseMain.java:149)
	at com.kms.katalon.core.main.TestCaseMain$startTestSuite$0.call(Unknown Source)
	at TempTestSuite1548931375108.run(TempTestSuite1548931375108.groovy:36)]]></system-err>
   </testsuite>
</testsuites>
