<?xml version="1.0" encoding="UTF-8"?>
<testsuites name="Validate UI" time="156" tests="1" failures="1" errors="0">
   <testsuite name="Validate UI" tests="1" failures="1" errors="0" time="156" timestamp="2019-01-23 15:04:26" hostname="hiteshc - AOHYDLT0059.apporchid.com" id="Test Suites/Validate UI">
      <properties>
         <property name="deviceName" value=""/>
         <property name="devicePlatform" value=""/>
         <property name="logFolder" value="D:\\Katalon_Studio_Windows_64-5.10.1\\projects\\IR Project\\Reports\\Validate UI\\20190123_150425"/>
         <property name="logFiles" value="D:\\Katalon_Studio_Windows_64-5.10.1\\projects\\IR Project\\Reports\\Validate UI\\20190123_150425\\execution0.log"/>
         <property name="attachments" value=""/>
         <property name="hostName" value="hiteshc - AOHYDLT0059.apporchid.com"/>
         <property name="os" value="Windows 10 64bit"/>
         <property name="katalonVersion" value="5.10.1.1"/>
         <property name="browser" value="Chrome 71.0.3578.98"/>
         <property name="hostAddress" value="10.10.12.73"/>
         <property name="sessionId" value="f120e968de2f1b6394006d036b4f88a9"/>
         <property name="seleniumVersion" value="3.7.1"/>
         <property name="proxyInformation" value="ProxyInformation{proxyOption=NO_PROXY, proxyServerType=HTTP, password=, proxyServerAddress=, proxyServerPort=0}"/>
         <property name="platform" value="Windows 10"/>
      </properties>
      <testcase name="Test Cases/Verify Header Menu Links are available with Results" classname="Test Cases/Verify Header Menu Links are available with Results" status="FAILED">
         <failure type="FAILED" message="Test Cases/Verify Header Menu Links are available with Results FAILED.
Reason:
com.kms.katalon.core.exception.StepFailedException: Unable to verify match between actual text 'null' and expected text 'Investment Calculator' (Root cause: com.kms.katalon.core.exception.StepFailedException: Actual text 'null' and expected text 'Investment Calculator' are not matched)
	at com.kms.katalon.core.keyword.internal.KeywordMain.stepFailed(KeywordMain.groovy:36)
	at com.kms.katalon.core.keyword.internal.KeywordMain.stepFailed(KeywordMain.groovy)
	at com.kms.katalon.core.keyword.internal.KeywordMain.runKeyword(KeywordMain.groovy:56)
	at com.kms.katalon.core.keyword.builtin.VerifyMatchKeyword.verifyMatch(VerifyMatchKeyword.groovy:60)
	at com.kms.katalon.core.keyword.builtin.VerifyMatchKeyword.execute(VerifyMatchKeyword.groovy:45)
	at com.kms.katalon.core.keyword.internal.KeywordExecutor.executeKeywordForPlatform(KeywordExecutor.groovy:53)
	at com.kms.katalon.core.keyword.BuiltinKeywords.verifyMatch(BuiltinKeywords.groovy:73)
	at Verify Header Menu Links are available with Results.run(Verify Header Menu Links are available with Results:24)
	at com.kms.katalon.core.main.ScriptEngine.run(ScriptEngine.java:194)
	at com.kms.katalon.core.main.ScriptEngine.runScriptAsRawText(ScriptEngine.java:119)
	at com.kms.katalon.core.main.TestCaseExecutor.runScript(TestCaseExecutor.java:328)
	at com.kms.katalon.core.main.TestCaseExecutor.doExecute(TestCaseExecutor.java:319)
	at com.kms.katalon.core.main.TestCaseExecutor.processExecutionPhase(TestCaseExecutor.java:298)
	at com.kms.katalon.core.main.TestCaseExecutor.accessMainPhase(TestCaseExecutor.java:290)
	at com.kms.katalon.core.main.TestCaseExecutor.execute(TestCaseExecutor.java:224)
	at com.kms.katalon.core.main.TestSuiteExecutor.accessTestCaseMainPhase(TestSuiteExecutor.java:129)
	at com.kms.katalon.core.main.TestSuiteExecutor.accessTestSuiteMainPhase(TestSuiteExecutor.java:112)
	at com.kms.katalon.core.main.TestSuiteExecutor.execute(TestSuiteExecutor.java:81)
	at com.kms.katalon.core.main.TestCaseMain.startTestSuite(TestCaseMain.java:149)
	at com.kms.katalon.core.main.TestCaseMain$startTestSuite$0.call(Unknown Source)
	at TempTestSuite1548236065052.run(TempTestSuite1548236065052.groovy:36)
"/>
         <system-out><![CDATA[2019-01-23 15:04:27 - [TEST_CASE][FAILED] - Test Cases/Verify Header Menu Links are available with Results: Test Cases/Verify Header Menu Links are available with Results FAILED.
Reason:
com.kms.katalon.core.exception.StepFailedException: Unable to verify match between actual text 'null' and expected text 'Investment Calculator' (Root cause: com.kms.katalon.core.exception.StepFailedException: Actual text 'null' and expected text 'Investment Calculator' are not matched)
	at com.kms.katalon.core.keyword.internal.KeywordMain.stepFailed(KeywordMain.groovy:36)
	at com.kms.katalon.core.keyword.internal.KeywordMain.stepFailed(KeywordMain.groovy)
	at com.kms.katalon.core.keyword.internal.KeywordMain.runKeyword(KeywordMain.groovy:56)
	at com.kms.katalon.core.keyword.builtin.VerifyMatchKeyword.verifyMatch(VerifyMatchKeyword.groovy:60)
	at com.kms.katalon.core.keyword.builtin.VerifyMatchKeyword.execute(VerifyMatchKeyword.groovy:45)
	at com.kms.katalon.core.keyword.internal.KeywordExecutor.executeKeywordForPlatform(KeywordExecutor.groovy:53)
	at com.kms.katalon.core.keyword.BuiltinKeywords.verifyMatch(BuiltinKeywords.groovy:73)
	at Verify Header Menu Links are available with Results.run(Verify Header Menu Links are available with Results:24)
	at com.kms.katalon.core.main.ScriptEngine.run(ScriptEngine.java:194)
	at com.kms.katalon.core.main.ScriptEngine.runScriptAsRawText(ScriptEngine.java:119)
	at com.kms.katalon.core.main.TestCaseExecutor.runScript(TestCaseExecutor.java:328)
	at com.kms.katalon.core.main.TestCaseExecutor.doExecute(TestCaseExecutor.java:319)
	at com.kms.katalon.core.main.TestCaseExecutor.processExecutionPhase(TestCaseExecutor.java:298)
	at com.kms.katalon.core.main.TestCaseExecutor.accessMainPhase(TestCaseExecutor.java:290)
	at com.kms.katalon.core.main.TestCaseExecutor.execute(TestCaseExecutor.java:224)
	at com.kms.katalon.core.main.TestSuiteExecutor.accessTestCaseMainPhase(TestSuiteExecutor.java:129)
	at com.kms.katalon.core.main.TestSuiteExecutor.accessTestSuiteMainPhase(TestSuiteExecutor.java:112)
	at com.kms.katalon.core.main.TestSuiteExecutor.execute(TestSuiteExecutor.java:81)
	at com.kms.katalon.core.main.TestCaseMain.startTestSuite(TestCaseMain.java:149)
	at com.kms.katalon.core.main.TestCaseMain$startTestSuite$0.call(Unknown Source)
	at TempTestSuite1548236065052.run(TempTestSuite1548236065052.groovy:36)


2019-01-23 15:04:27 - [TEST_STEP][PASSED] - callTestCase(findTestCase("Launch Application"), [:], STOP_ON_FAILURE): Call Test Case 'Test Cases/Launch Application' successfully

2019-01-23 15:04:27 - [TEST_CASE][PASSED] - Test Cases/Launch Application: Test Cases/Launch Application

2019-01-23 15:04:28 - [TEST_STEP][PASSED] - openBrowser(""): Browser is opened with url: ''

2019-01-23 15:04:28 - [MESSAGE][INFO] - Starting 'Chrome' driver

2019-01-23 15:04:28 - [MESSAGE][INFO] - Action delay is set to 0 seconds

2019-01-23 15:04:52 - [MESSAGE][PASSED] - Browser is opened with url: ''

2019-01-23 15:04:52 - [TEST_STEP][PASSED] - navigateToUrl("https://ir.amwater.com"): Navigate to 'https://ir.amwater.com' successfully

2019-01-23 15:05:07 - [MESSAGE][PASSED] - Navigate to 'https://ir.amwater.com' successfully

2019-01-23 15:05:07 - [TEST_STEP][PASSED] - delay(30): Delayed 30 second(s)

2019-01-23 15:05:37 - [MESSAGE][PASSED] - Delayed 30 second(s)

2019-01-23 15:05:37 - [TEST_STEP][PASSED] - waitForPageLoad(30): Wait for page load successfully

2019-01-23 15:05:37 - [MESSAGE][PASSED] - Wait for page load successfully

2019-01-23 15:05:37 - [MESSAGE][PASSED] - Call Test Case 'Test Cases/Launch Application' successfully

2019-01-23 15:05:37 - [TEST_STEP][PASSED] - mouseOver(findTestObject("Menu_SubMenu_Links/a_Investing With Us")): Object: 'Object Repository/Menu_SubMenu_Links/a_Investing With Us' is hovered

2019-01-23 15:05:37 - [MESSAGE][PASSED] - Object: 'Object Repository/Menu_SubMenu_Links/a_Investing With Us' is hovered

2019-01-23 15:05:37 - [TEST_STEP][PASSED] - click(findTestObject("Menu_SubMenu_Links/a_Investment Calculator")): Object: 'Object Repository/Menu_SubMenu_Links/a_Investment Calculator' is clicked on

2019-01-23 15:05:37 - [MESSAGE][PASSED] - Object: 'Object Repository/Menu_SubMenu_Links/a_Investment Calculator' is clicked on

2019-01-23 15:05:37 - [TEST_STEP][PASSED] - lblHeader = getAttribute(findTestObject("Menu_SubMenu_Links/h1_Investment Calculator"), "text"): Attribute 'text' of object 'Object Repository/Menu_SubMenu_Links/h1_Investment Calculator' is: 'null'

2019-01-23 15:05:37 - [MESSAGE][PASSED] - Attribute 'text' of object 'Object Repository/Menu_SubMenu_Links/h1_Investment Calculator' is: 'null'

2019-01-23 15:05:37 - [TEST_STEP][FAILED] - verifyMatch(lblHeader, "Investment Calculator", false): verifyMatch(lblHeader, "Investment Calculator", false) FAILED.
Reason:
com.kms.katalon.core.exception.StepFailedException: Unable to verify match between actual text 'null' and expected text 'Investment Calculator' (Root cause: com.kms.katalon.core.exception.StepFailedException: Actual text 'null' and expected text 'Investment Calculator' are not matched)
	at com.kms.katalon.core.keyword.internal.KeywordMain.stepFailed(KeywordMain.groovy:36)
	at com.kms.katalon.core.keyword.internal.KeywordMain.stepFailed(KeywordMain.groovy)
	at com.kms.katalon.core.keyword.internal.KeywordMain.runKeyword(KeywordMain.groovy:56)
	at com.kms.katalon.core.keyword.builtin.VerifyMatchKeyword.verifyMatch(VerifyMatchKeyword.groovy:60)
	at com.kms.katalon.core.keyword.builtin.VerifyMatchKeyword.execute(VerifyMatchKeyword.groovy:45)
	at com.kms.katalon.core.keyword.internal.KeywordExecutor.executeKeywordForPlatform(KeywordExecutor.groovy:53)
	at com.kms.katalon.core.keyword.BuiltinKeywords.verifyMatch(BuiltinKeywords.groovy:73)
	at Verify Header Menu Links are available with Results.run(Verify Header Menu Links are available with Results:24)
	at com.kms.katalon.core.main.ScriptEngine.run(ScriptEngine.java:194)
	at com.kms.katalon.core.main.ScriptEngine.runScriptAsRawText(ScriptEngine.java:119)
	at com.kms.katalon.core.main.TestCaseExecutor.runScript(TestCaseExecutor.java:328)
	at com.kms.katalon.core.main.TestCaseExecutor.doExecute(TestCaseExecutor.java:319)
	at com.kms.katalon.core.main.TestCaseExecutor.processExecutionPhase(TestCaseExecutor.java:298)
	at com.kms.katalon.core.main.TestCaseExecutor.accessMainPhase(TestCaseExecutor.java:290)
	at com.kms.katalon.core.main.TestCaseExecutor.execute(TestCaseExecutor.java:224)
	at com.kms.katalon.core.main.TestSuiteExecutor.accessTestCaseMainPhase(TestSuiteExecutor.java:129)
	at com.kms.katalon.core.main.TestSuiteExecutor.accessTestSuiteMainPhase(TestSuiteExecutor.java:112)
	at com.kms.katalon.core.main.TestSuiteExecutor.execute(TestSuiteExecutor.java:81)
	at com.kms.katalon.core.main.TestCaseMain.startTestSuite(TestCaseMain.java:149)
	at com.kms.katalon.core.main.TestCaseMain$startTestSuite$0.call(Unknown Source)
	at TempTestSuite1548236065052.run(TempTestSuite1548236065052.groovy:36)


2019-01-23 15:05:37 - [MESSAGE][FAILED] - Unable to verify match between actual text 'null' and expected text 'Investment Calculator' (Root cause: com.kms.katalon.core.exception.StepFailedException: Actual text 'null' and expected text 'Investment Calculator' are not matched)

2019-01-23 15:05:37 - [MESSAGE][FAILED] - verifyMatch(lblHeader, "Investment Calculator", false) FAILED.
Reason:
com.kms.katalon.core.exception.StepFailedException: Unable to verify match between actual text 'null' and expected text 'Investment Calculator' (Root cause: com.kms.katalon.core.exception.StepFailedException: Actual text 'null' and expected text 'Investment Calculator' are not matched)
	at com.kms.katalon.core.keyword.internal.KeywordMain.stepFailed(KeywordMain.groovy:36)
	at com.kms.katalon.core.keyword.internal.KeywordMain.stepFailed(KeywordMain.groovy)
	at com.kms.katalon.core.keyword.internal.KeywordMain.runKeyword(KeywordMain.groovy:56)
	at com.kms.katalon.core.keyword.builtin.VerifyMatchKeyword.verifyMatch(VerifyMatchKeyword.groovy:60)
	at com.kms.katalon.core.keyword.builtin.VerifyMatchKeyword.execute(VerifyMatchKeyword.groovy:45)
	at com.kms.katalon.core.keyword.internal.KeywordExecutor.executeKeywordForPlatform(KeywordExecutor.groovy:53)
	at com.kms.katalon.core.keyword.BuiltinKeywords.verifyMatch(BuiltinKeywords.groovy:73)
	at Verify Header Menu Links are available with Results.run(Verify Header Menu Links are available with Results:24)
	at com.kms.katalon.core.main.ScriptEngine.run(ScriptEngine.java:194)
	at com.kms.katalon.core.main.ScriptEngine.runScriptAsRawText(ScriptEngine.java:119)
	at com.kms.katalon.core.main.TestCaseExecutor.runScript(TestCaseExecutor.java:328)
	at com.kms.katalon.core.main.TestCaseExecutor.doExecute(TestCaseExecutor.java:319)
	at com.kms.katalon.core.main.TestCaseExecutor.processExecutionPhase(TestCaseExecutor.java:298)
	at com.kms.katalon.core.main.TestCaseExecutor.accessMainPhase(TestCaseExecutor.java:290)
	at com.kms.katalon.core.main.TestCaseExecutor.execute(TestCaseExecutor.java:224)
	at com.kms.katalon.core.main.TestSuiteExecutor.accessTestCaseMainPhase(TestSuiteExecutor.java:129)
	at com.kms.katalon.core.main.TestSuiteExecutor.accessTestSuiteMainPhase(TestSuiteExecutor.java:112)
	at com.kms.katalon.core.main.TestSuiteExecutor.execute(TestSuiteExecutor.java:81)
	at com.kms.katalon.core.main.TestCaseMain.startTestSuite(TestCaseMain.java:149)
	at com.kms.katalon.core.main.TestCaseMain$startTestSuite$0.call(Unknown Source)
	at TempTestSuite1548236065052.run(TempTestSuite1548236065052.groovy:36)]]></system-out>
         <system-err><![CDATA[2019-01-23 15:04:27 - [TEST_CASE][FAILED] - Test Cases/Verify Header Menu Links are available with Results: Test Cases/Verify Header Menu Links are available with Results FAILED.
Reason:
com.kms.katalon.core.exception.StepFailedException: Unable to verify match between actual text 'null' and expected text 'Investment Calculator' (Root cause: com.kms.katalon.core.exception.StepFailedException: Actual text 'null' and expected text 'Investment Calculator' are not matched)
	at com.kms.katalon.core.keyword.internal.KeywordMain.stepFailed(KeywordMain.groovy:36)
	at com.kms.katalon.core.keyword.internal.KeywordMain.stepFailed(KeywordMain.groovy)
	at com.kms.katalon.core.keyword.internal.KeywordMain.runKeyword(KeywordMain.groovy:56)
	at com.kms.katalon.core.keyword.builtin.VerifyMatchKeyword.verifyMatch(VerifyMatchKeyword.groovy:60)
	at com.kms.katalon.core.keyword.builtin.VerifyMatchKeyword.execute(VerifyMatchKeyword.groovy:45)
	at com.kms.katalon.core.keyword.internal.KeywordExecutor.executeKeywordForPlatform(KeywordExecutor.groovy:53)
	at com.kms.katalon.core.keyword.BuiltinKeywords.verifyMatch(BuiltinKeywords.groovy:73)
	at Verify Header Menu Links are available with Results.run(Verify Header Menu Links are available with Results:24)
	at com.kms.katalon.core.main.ScriptEngine.run(ScriptEngine.java:194)
	at com.kms.katalon.core.main.ScriptEngine.runScriptAsRawText(ScriptEngine.java:119)
	at com.kms.katalon.core.main.TestCaseExecutor.runScript(TestCaseExecutor.java:328)
	at com.kms.katalon.core.main.TestCaseExecutor.doExecute(TestCaseExecutor.java:319)
	at com.kms.katalon.core.main.TestCaseExecutor.processExecutionPhase(TestCaseExecutor.java:298)
	at com.kms.katalon.core.main.TestCaseExecutor.accessMainPhase(TestCaseExecutor.java:290)
	at com.kms.katalon.core.main.TestCaseExecutor.execute(TestCaseExecutor.java:224)
	at com.kms.katalon.core.main.TestSuiteExecutor.accessTestCaseMainPhase(TestSuiteExecutor.java:129)
	at com.kms.katalon.core.main.TestSuiteExecutor.accessTestSuiteMainPhase(TestSuiteExecutor.java:112)
	at com.kms.katalon.core.main.TestSuiteExecutor.execute(TestSuiteExecutor.java:81)
	at com.kms.katalon.core.main.TestCaseMain.startTestSuite(TestCaseMain.java:149)
	at com.kms.katalon.core.main.TestCaseMain$startTestSuite$0.call(Unknown Source)
	at TempTestSuite1548236065052.run(TempTestSuite1548236065052.groovy:36)]]></system-err>
      </testcase>
      <testcase name="Test Cases/Open Factsheet on home page" classname="Test Cases/Open Factsheet on home page" status="PASSED">
         <system-out><![CDATA[2019-01-23 15:05:37 - [TEST_CASE][PASSED] - Test Cases/Open Factsheet on home page: Test Cases/Open Factsheet on home page

2019-01-23 15:05:38 - [TEST_STEP][PASSED] - callTestCase(findTestCase("Launch Application"), [:], STOP_ON_FAILURE): Call Test Case 'Test Cases/Launch Application' successfully

2019-01-23 15:05:38 - [TEST_CASE][PASSED] - Test Cases/Launch Application: Test Cases/Launch Application

2019-01-23 15:05:38 - [TEST_STEP][PASSED] - openBrowser(""): Browser is opened with url: ''

2019-01-23 15:05:38 - [MESSAGE][WARNING] - A browser is already opened. Closing browser and opening a new one

2019-01-23 15:05:39 - [MESSAGE][INFO] - Starting 'Chrome' driver

2019-01-23 15:06:02 - [MESSAGE][PASSED] - Browser is opened with url: ''

2019-01-23 15:06:02 - [TEST_STEP][PASSED] - navigateToUrl("https://ir.amwater.com"): Navigate to 'https://ir.amwater.com' successfully

2019-01-23 15:06:30 - [MESSAGE][PASSED] - Navigate to 'https://ir.amwater.com' successfully

2019-01-23 15:06:30 - [TEST_STEP][PASSED] - delay(30): Delayed 30 second(s)

2019-01-23 15:07:00 - [MESSAGE][PASSED] - Delayed 30 second(s)

2019-01-23 15:07:00 - [TEST_STEP][PASSED] - waitForPageLoad(30): Wait for page load successfully

2019-01-23 15:07:00 - [MESSAGE][PASSED] - Wait for page load successfully

2019-01-23 15:07:00 - [MESSAGE][PASSED] - Call Test Case 'Test Cases/Launch Application' successfully

2019-01-23 15:07:00 - [TEST_STEP][PASSED] - verifyElementPresent(findTestObject("Home Page/a_Fact Sheet"), 30): Object 'Object Repository/Home Page/a_Fact Sheet' is present

2019-01-23 15:07:00 - [MESSAGE][PASSED] - Object 'Object Repository/Home Page/a_Fact Sheet' is present

2019-01-23 15:07:00 - [TEST_STEP][PASSED] - click(findTestObject("Home Page/a_Fact Sheet")): Object: 'Object Repository/Home Page/a_Fact Sheet' is clicked on

2019-01-23 15:07:00 - [MESSAGE][PASSED] - Object: 'Object Repository/Home Page/a_Fact Sheet' is clicked on

2019-01-23 15:07:00 - [TEST_STEP][PASSED] - switchToWindowIndex(1): Switched to window with index: '1'

2019-01-23 15:07:01 - [MESSAGE][PASSED] - Switched to window with index: '1'

2019-01-23 15:07:01 - [TEST_STEP][PASSED] - waitForPageLoad(10): Wait for page load successfully

2019-01-23 15:07:02 - [MESSAGE][PASSED] - Wait for page load successfully

2019-01-23 15:07:02 - [TEST_STEP][PASSED] - titleActual = getWindowTitle(): Current window's title is: ''

2019-01-23 15:07:02 - [MESSAGE][PASSED] - Current window's title is: ''

2019-01-23 15:07:02 - [TEST_STEP][PASSED] - titleExpected = "'PowerPoint Presentation - 2018_FactSheet_Final.pdf'": null

2019-01-23 15:07:02 - [TEST_STEP][PASSED] - if (titleActual.equals(titleExpected)): null

2019-01-23 15:07:02 - [TEST_STEP][PASSED] - else: Execute JavaScript 'alert('Page title not matched or has an exception')' successfully

2019-01-23 15:07:02 - [TEST_STEP][PASSED] - executeJavaScript("alert('Page title not matched or has an exception')", null): Execute JavaScript 'alert('Page title not matched or has an exception')' successfully

2019-01-23 15:07:02 - [MESSAGE][PASSED] - Execute JavaScript 'alert('Page title not matched or has an exception')' successfully

2019-01-23 15:07:02 - [TEST_STEP][PASSED] - closeBrowser(): Browser is closed

2019-01-23 15:07:03 - [MESSAGE][PASSED] - Browser is closed]]></system-out>
         <system-err><![CDATA[]]></system-err>
      </testcase>
      <system-out><![CDATA[2019-01-23 15:04:26 - [TEST_SUITE][FAILED] - Validate UI: Test Cases/Verify Header Menu Links are available with Results FAILED.
Reason:
com.kms.katalon.core.exception.StepFailedException: Unable to verify match between actual text 'null' and expected text 'Investment Calculator' (Root cause: com.kms.katalon.core.exception.StepFailedException: Actual text 'null' and expected text 'Investment Calculator' are not matched)
	at com.kms.katalon.core.keyword.internal.KeywordMain.stepFailed(KeywordMain.groovy:36)
	at com.kms.katalon.core.keyword.internal.KeywordMain.stepFailed(KeywordMain.groovy)
	at com.kms.katalon.core.keyword.internal.KeywordMain.runKeyword(KeywordMain.groovy:56)
	at com.kms.katalon.core.keyword.builtin.VerifyMatchKeyword.verifyMatch(VerifyMatchKeyword.groovy:60)
	at com.kms.katalon.core.keyword.builtin.VerifyMatchKeyword.execute(VerifyMatchKeyword.groovy:45)
	at com.kms.katalon.core.keyword.internal.KeywordExecutor.executeKeywordForPlatform(KeywordExecutor.groovy:53)
	at com.kms.katalon.core.keyword.BuiltinKeywords.verifyMatch(BuiltinKeywords.groovy:73)
	at Verify Header Menu Links are available with Results.run(Verify Header Menu Links are available with Results:24)
	at com.kms.katalon.core.main.ScriptEngine.run(ScriptEngine.java:194)
	at com.kms.katalon.core.main.ScriptEngine.runScriptAsRawText(ScriptEngine.java:119)
	at com.kms.katalon.core.main.TestCaseExecutor.runScript(TestCaseExecutor.java:328)
	at com.kms.katalon.core.main.TestCaseExecutor.doExecute(TestCaseExecutor.java:319)
	at com.kms.katalon.core.main.TestCaseExecutor.processExecutionPhase(TestCaseExecutor.java:298)
	at com.kms.katalon.core.main.TestCaseExecutor.accessMainPhase(TestCaseExecutor.java:290)
	at com.kms.katalon.core.main.TestCaseExecutor.execute(TestCaseExecutor.java:224)
	at com.kms.katalon.core.main.TestSuiteExecutor.accessTestCaseMainPhase(TestSuiteExecutor.java:129)
	at com.kms.katalon.core.main.TestSuiteExecutor.accessTestSuiteMainPhase(TestSuiteExecutor.java:112)
	at com.kms.katalon.core.main.TestSuiteExecutor.execute(TestSuiteExecutor.java:81)
	at com.kms.katalon.core.main.TestCaseMain.startTestSuite(TestCaseMain.java:149)
	at com.kms.katalon.core.main.TestCaseMain$startTestSuite$0.call(Unknown Source)
	at TempTestSuite1548236065052.run(TempTestSuite1548236065052.groovy:36)]]></system-out>
      <system-err><![CDATA[2019-01-23 15:04:26 - [TEST_SUITE][FAILED] - Validate UI: Test Cases/Verify Header Menu Links are available with Results FAILED.
Reason:
com.kms.katalon.core.exception.StepFailedException: Unable to verify match between actual text 'null' and expected text 'Investment Calculator' (Root cause: com.kms.katalon.core.exception.StepFailedException: Actual text 'null' and expected text 'Investment Calculator' are not matched)
	at com.kms.katalon.core.keyword.internal.KeywordMain.stepFailed(KeywordMain.groovy:36)
	at com.kms.katalon.core.keyword.internal.KeywordMain.stepFailed(KeywordMain.groovy)
	at com.kms.katalon.core.keyword.internal.KeywordMain.runKeyword(KeywordMain.groovy:56)
	at com.kms.katalon.core.keyword.builtin.VerifyMatchKeyword.verifyMatch(VerifyMatchKeyword.groovy:60)
	at com.kms.katalon.core.keyword.builtin.VerifyMatchKeyword.execute(VerifyMatchKeyword.groovy:45)
	at com.kms.katalon.core.keyword.internal.KeywordExecutor.executeKeywordForPlatform(KeywordExecutor.groovy:53)
	at com.kms.katalon.core.keyword.BuiltinKeywords.verifyMatch(BuiltinKeywords.groovy:73)
	at Verify Header Menu Links are available with Results.run(Verify Header Menu Links are available with Results:24)
	at com.kms.katalon.core.main.ScriptEngine.run(ScriptEngine.java:194)
	at com.kms.katalon.core.main.ScriptEngine.runScriptAsRawText(ScriptEngine.java:119)
	at com.kms.katalon.core.main.TestCaseExecutor.runScript(TestCaseExecutor.java:328)
	at com.kms.katalon.core.main.TestCaseExecutor.doExecute(TestCaseExecutor.java:319)
	at com.kms.katalon.core.main.TestCaseExecutor.processExecutionPhase(TestCaseExecutor.java:298)
	at com.kms.katalon.core.main.TestCaseExecutor.accessMainPhase(TestCaseExecutor.java:290)
	at com.kms.katalon.core.main.TestCaseExecutor.execute(TestCaseExecutor.java:224)
	at com.kms.katalon.core.main.TestSuiteExecutor.accessTestCaseMainPhase(TestSuiteExecutor.java:129)
	at com.kms.katalon.core.main.TestSuiteExecutor.accessTestSuiteMainPhase(TestSuiteExecutor.java:112)
	at com.kms.katalon.core.main.TestSuiteExecutor.execute(TestSuiteExecutor.java:81)
	at com.kms.katalon.core.main.TestCaseMain.startTestSuite(TestCaseMain.java:149)
	at com.kms.katalon.core.main.TestCaseMain$startTestSuite$0.call(Unknown Source)
	at TempTestSuite1548236065052.run(TempTestSuite1548236065052.groovy:36)]]></system-err>
   </testsuite>
</testsuites>
