<?xml version="1.0" encoding="UTF-8"?>
<testsuites name="Mobile" time="78" tests="0" failures="1" errors="0">
   <testsuite name="Mobile" tests="0" failures="1" errors="0" time="78" timestamp="2019-01-31 16:14:12" hostname="hiteshc - AOHYDLT0059.apporchid.com" id="Test Suites/Mobile">
      <properties>
         <property name="deviceName" value=""/>
         <property name="devicePlatform" value=""/>
         <property name="logFolder" value="D:\\Katalon_Studio_Windows_64-5.10.1\\projects\\IR Project\\Reports\\Mobile\\20190131_161253"/>
         <property name="logFiles" value="D:\\Katalon_Studio_Windows_64-5.10.1\\projects\\IR Project\\Reports\\Mobile\\20190131_161253\\execution0.log"/>
         <property name="attachments" value="D:\\Katalon_Studio_Windows_64-5.10.1\\projects\\IR Project\\Reports\\Mobile\\20190131_161253\\1548931512735.png"/>
         <property name="hostName" value="hiteshc - AOHYDLT0059.apporchid.com"/>
         <property name="os" value="Windows 10 64bit"/>
         <property name="katalonVersion" value="5.10.1.1"/>
         <property name="browser" value="Chrome 68.0.3440.85"/>
         <property name="hostAddress" value="10.10.12.73"/>
         <property name="sessionId" value="a3aa1f9e47b7ec28362348bda1710644fa1fa338"/>
         <property name="seleniumVersion" value="3.7.1"/>
         <property name="proxyInformation" value="ProxyInformation{proxyOption=NO_PROXY, proxyServerType=HTTP, password=, proxyServerAddress=, proxyServerPort=0}"/>
         <property name="platform" value="Windows 10"/>
      </properties>
      <testcase name="Test Cases/TC001-Check Factsheet URL on home page" classname="Test Cases/TC001-Check Factsheet URL on home page" status="FAILED">
         <failure type="FAILED" message="Test Cases/TC001-Check Factsheet URL on home page FAILED.
Reason:
com.kms.katalon.core.exception.StepFailedException: Unable to click on object 'Object Repository/Home Page/a_Fact Sheet' (Root cause: org.openqa.selenium.ElementNotVisibleException: element not interactable
  (Session info: chrome=68.0.3440.85)
  (Driver info: chromedriver=2.42.591071 (0b695ff80972cc1a65a5cd643186d2ae582cd4ac),platform=Linux 3.19.8-100.fc20.x86_64 x86_64) (WARNING: The server did not provide any stacktrace information)
Command duration or timeout: 0 milliseconds
Build info: version: '3.7.1', revision: '8a0099a', time: '2017-11-06T21:07:36.161Z'
System info: host: 'AOHYDLT0059', ip: '10.10.12.73', os.name: 'Windows 10', os.arch: 'amd64', os.version: '10.0', java.version: '1.8.0_181'
Driver info: com.kms.katalon.selenium.driver.CRemoteWebDriver
Capabilities {browserName: chrome, chromeOptions: {args: [test-type, --proxy-server=http://194.1..., --disable-translate]}, databaseEnabled: false, deviceManufacturer: samsung, deviceModel: SM-N960F, deviceName: 2549e354910d7ece, deviceScreenSize: 1440x2960, deviceUDID: 2549e354910d7ece, enablePerformanceLogging: false, javascriptEnabled: true, locationContextEnabled: false, loggingPrefs: org.openqa.selenium.logging..., networkConnectionEnabled: true, newCommandTimeout: 300, platform: LINUX, platformName: LINUX, platformVersion: 8.1.0, realMobile: true, systemPort: 8206, takesScreenshot: true, udid: 2549e354910d7ece, warnings: {}, webStorageEnabled: false}
Session ID: a3aa1f9e47b7ec28362348bda1710644fa1fa338)
	at com.kms.katalon.core.keyword.internal.KeywordMain.stepFailed(KeywordMain.groovy:36)
	at com.kms.katalon.core.webui.keyword.internal.WebUIKeywordMain.stepFailed(WebUIKeywordMain.groovy:65)
	at com.kms.katalon.core.webui.keyword.internal.WebUIKeywordMain.runKeyword(WebUIKeywordMain.groovy:27)
	at com.kms.katalon.core.webui.keyword.builtin.ClickKeyword.click(ClickKeyword.groovy:86)
	at com.kms.katalon.core.webui.keyword.builtin.ClickKeyword.execute(ClickKeyword.groovy:67)
	at com.kms.katalon.core.keyword.internal.KeywordExecutor.executeKeywordForPlatform(KeywordExecutor.groovy:53)
	at com.kms.katalon.core.webui.keyword.WebUiBuiltInKeywords.click(WebUiBuiltInKeywords.groovy:616)
	at com.kms.katalon.core.webui.keyword.WebUiBuiltInKeywords$click$1.call(Unknown Source)
	at TC001-Check Factsheet URL on home page.run(TC001-Check Factsheet URL on home page:22)
	at com.kms.katalon.core.main.ScriptEngine.run(ScriptEngine.java:194)
	at com.kms.katalon.core.main.ScriptEngine.runScriptAsRawText(ScriptEngine.java:119)
	at com.kms.katalon.core.main.TestCaseExecutor.runScript(TestCaseExecutor.java:328)
	at com.kms.katalon.core.main.TestCaseExecutor.doExecute(TestCaseExecutor.java:319)
	at com.kms.katalon.core.main.TestCaseExecutor.processExecutionPhase(TestCaseExecutor.java:298)
	at com.kms.katalon.core.main.TestCaseExecutor.accessMainPhase(TestCaseExecutor.java:290)
	at com.kms.katalon.core.main.TestCaseExecutor.execute(TestCaseExecutor.java:224)
	at com.kms.katalon.core.main.TestSuiteExecutor.accessTestCaseMainPhase(TestSuiteExecutor.java:129)
	at com.kms.katalon.core.main.TestSuiteExecutor.accessTestSuiteMainPhase(TestSuiteExecutor.java:112)
	at com.kms.katalon.core.main.TestSuiteExecutor.execute(TestSuiteExecutor.java:81)
	at com.kms.katalon.core.main.TestCaseMain.startTestSuite(TestCaseMain.java:149)
	at com.kms.katalon.core.main.TestCaseMain$startTestSuite$0.call(Unknown Source)
	at TempTestSuite1548931373892.run(TempTestSuite1548931373892.groovy:36)
"/>
         <system-out><![CDATA[2019-01-31 16:14:12 - [TEST_CASE][FAILED] - Test Cases/TC001-Check Factsheet URL on home page: Test Cases/TC001-Check Factsheet URL on home page FAILED.
Reason:
com.kms.katalon.core.exception.StepFailedException: Unable to click on object 'Object Repository/Home Page/a_Fact Sheet' (Root cause: org.openqa.selenium.ElementNotVisibleException: element not interactable
  (Session info: chrome=68.0.3440.85)
  (Driver info: chromedriver=2.42.591071 (0b695ff80972cc1a65a5cd643186d2ae582cd4ac),platform=Linux 3.19.8-100.fc20.x86_64 x86_64) (WARNING: The server did not provide any stacktrace information)
Command duration or timeout: 0 milliseconds
Build info: version: '3.7.1', revision: '8a0099a', time: '2017-11-06T21:07:36.161Z'
System info: host: 'AOHYDLT0059', ip: '10.10.12.73', os.name: 'Windows 10', os.arch: 'amd64', os.version: '10.0', java.version: '1.8.0_181'
Driver info: com.kms.katalon.selenium.driver.CRemoteWebDriver
Capabilities {browserName: chrome, chromeOptions: {args: [test-type, --proxy-server=http://194.1..., --disable-translate]}, databaseEnabled: false, deviceManufacturer: samsung, deviceModel: SM-N960F, deviceName: 2549e354910d7ece, deviceScreenSize: 1440x2960, deviceUDID: 2549e354910d7ece, enablePerformanceLogging: false, javascriptEnabled: true, locationContextEnabled: false, loggingPrefs: org.openqa.selenium.logging..., networkConnectionEnabled: true, newCommandTimeout: 300, platform: LINUX, platformName: LINUX, platformVersion: 8.1.0, realMobile: true, systemPort: 8206, takesScreenshot: true, udid: 2549e354910d7ece, warnings: {}, webStorageEnabled: false}
Session ID: a3aa1f9e47b7ec28362348bda1710644fa1fa338)
	at com.kms.katalon.core.keyword.internal.KeywordMain.stepFailed(KeywordMain.groovy:36)
	at com.kms.katalon.core.webui.keyword.internal.WebUIKeywordMain.stepFailed(WebUIKeywordMain.groovy:65)
	at com.kms.katalon.core.webui.keyword.internal.WebUIKeywordMain.runKeyword(WebUIKeywordMain.groovy:27)
	at com.kms.katalon.core.webui.keyword.builtin.ClickKeyword.click(ClickKeyword.groovy:86)
	at com.kms.katalon.core.webui.keyword.builtin.ClickKeyword.execute(ClickKeyword.groovy:67)
	at com.kms.katalon.core.keyword.internal.KeywordExecutor.executeKeywordForPlatform(KeywordExecutor.groovy:53)
	at com.kms.katalon.core.webui.keyword.WebUiBuiltInKeywords.click(WebUiBuiltInKeywords.groovy:616)
	at com.kms.katalon.core.webui.keyword.WebUiBuiltInKeywords$click$1.call(Unknown Source)
	at TC001-Check Factsheet URL on home page.run(TC001-Check Factsheet URL on home page:22)
	at com.kms.katalon.core.main.ScriptEngine.run(ScriptEngine.java:194)
	at com.kms.katalon.core.main.ScriptEngine.runScriptAsRawText(ScriptEngine.java:119)
	at com.kms.katalon.core.main.TestCaseExecutor.runScript(TestCaseExecutor.java:328)
	at com.kms.katalon.core.main.TestCaseExecutor.doExecute(TestCaseExecutor.java:319)
	at com.kms.katalon.core.main.TestCaseExecutor.processExecutionPhase(TestCaseExecutor.java:298)
	at com.kms.katalon.core.main.TestCaseExecutor.accessMainPhase(TestCaseExecutor.java:290)
	at com.kms.katalon.core.main.TestCaseExecutor.execute(TestCaseExecutor.java:224)
	at com.kms.katalon.core.main.TestSuiteExecutor.accessTestCaseMainPhase(TestSuiteExecutor.java:129)
	at com.kms.katalon.core.main.TestSuiteExecutor.accessTestSuiteMainPhase(TestSuiteExecutor.java:112)
	at com.kms.katalon.core.main.TestSuiteExecutor.execute(TestSuiteExecutor.java:81)
	at com.kms.katalon.core.main.TestCaseMain.startTestSuite(TestCaseMain.java:149)
	at com.kms.katalon.core.main.TestCaseMain$startTestSuite$0.call(Unknown Source)
	at TempTestSuite1548931373892.run(TempTestSuite1548931373892.groovy:36)


2019-01-31 16:14:12 - [TEST_STEP][PASSED] - Start listener action : sampleBeforeTestCase: null

2019-01-31 16:14:12 - [TEST_STEP][PASSED] - if (getTestCaseId().contains("Sample Tests")): null

2019-01-31 16:14:13 - [TEST_STEP][PASSED] - callTestCase(findTestCase("TT001-Launch Application"), [:], STOP_ON_FAILURE): Call Test Case 'Test Cases/TT001-Launch Application' successfully

2019-01-31 16:14:13 - [TEST_CASE][PASSED] - Test Cases/TT001-Launch Application: Test Cases/TT001-Launch Application

2019-01-31 16:14:13 - [TEST_STEP][PASSED] - openBrowser(findTestData("URLs").getValue(1, 1)): Browser is opened with url: 'https://ir.amwater.com'

2019-01-31 16:14:13 - [MESSAGE][INFO] - Starting 'Remote' driver

2019-01-31 16:14:13 - [MESSAGE][INFO] - User set preference: ['device', 'Samsung Galaxy Note 9']

2019-01-31 16:14:13 - [MESSAGE][INFO] - User set preference: ['realMobile', 'true']

2019-01-31 16:14:13 - [MESSAGE][INFO] - User set preference: ['os_version', '8.1']

2019-01-31 16:14:13 - [MESSAGE][INFO] - Connecting to remote web server 'http://cakedcteam1:nxGnf9inWKyiBnPZhodt@hub-cloud.browserstack.com/wd/hub' with type 'Selenium'

2019-01-31 16:14:13 - [MESSAGE][INFO] - Action delay is set to 0 seconds

2019-01-31 16:15:01 - [MESSAGE][PASSED] - Browser is opened with url: 'https://ir.amwater.com'

2019-01-31 16:15:01 - [TEST_STEP][PASSED] - delay(10): Delayed 10 second(s)

2019-01-31 16:15:11 - [MESSAGE][PASSED] - Delayed 10 second(s)

2019-01-31 16:15:11 - [TEST_STEP][NOT_RUN] - maximizeWindow(): NOT_RUN: maximizeWindow()

2019-01-31 16:15:11 - [MESSAGE][NOT_RUN] - NOT_RUN: maximizeWindow()

2019-01-31 16:15:11 - [MESSAGE][PASSED] - Call Test Case 'Test Cases/TT001-Launch Application' successfully

2019-01-31 16:15:11 - [TEST_STEP][PASSED] - verifyElementPresent(findTestObject("Home Page/a_Fact Sheet"), 30): Object 'Object Repository/Home Page/a_Fact Sheet' is present

2019-01-31 16:15:12 - [MESSAGE][PASSED] - Object 'Object Repository/Home Page/a_Fact Sheet' is present

2019-01-31 16:15:12 - [TEST_STEP][FAILED] - click(findTestObject("Home Page/a_Fact Sheet")): click(findTestObject("Home Page/a_Fact Sheet")) FAILED.
Reason:
com.kms.katalon.core.exception.StepFailedException: Unable to click on object 'Object Repository/Home Page/a_Fact Sheet' (Root cause: org.openqa.selenium.ElementNotVisibleException: element not interactable
  (Session info: chrome=68.0.3440.85)
  (Driver info: chromedriver=2.42.591071 (0b695ff80972cc1a65a5cd643186d2ae582cd4ac),platform=Linux 3.19.8-100.fc20.x86_64 x86_64) (WARNING: The server did not provide any stacktrace information)
Command duration or timeout: 0 milliseconds
Build info: version: '3.7.1', revision: '8a0099a', time: '2017-11-06T21:07:36.161Z'
System info: host: 'AOHYDLT0059', ip: '10.10.12.73', os.name: 'Windows 10', os.arch: 'amd64', os.version: '10.0', java.version: '1.8.0_181'
Driver info: com.kms.katalon.selenium.driver.CRemoteWebDriver
Capabilities {browserName: chrome, chromeOptions: {args: [test-type, --proxy-server=http://194.1..., --disable-translate]}, databaseEnabled: false, deviceManufacturer: samsung, deviceModel: SM-N960F, deviceName: 2549e354910d7ece, deviceScreenSize: 1440x2960, deviceUDID: 2549e354910d7ece, enablePerformanceLogging: false, javascriptEnabled: true, locationContextEnabled: false, loggingPrefs: org.openqa.selenium.logging..., networkConnectionEnabled: true, newCommandTimeout: 300, platform: LINUX, platformName: LINUX, platformVersion: 8.1.0, realMobile: true, systemPort: 8206, takesScreenshot: true, udid: 2549e354910d7ece, warnings: {}, webStorageEnabled: false}
Session ID: a3aa1f9e47b7ec28362348bda1710644fa1fa338)
	at com.kms.katalon.core.keyword.internal.KeywordMain.stepFailed(KeywordMain.groovy:36)
	at com.kms.katalon.core.webui.keyword.internal.WebUIKeywordMain.stepFailed(WebUIKeywordMain.groovy:65)
	at com.kms.katalon.core.webui.keyword.internal.WebUIKeywordMain.runKeyword(WebUIKeywordMain.groovy:27)
	at com.kms.katalon.core.webui.keyword.builtin.ClickKeyword.click(ClickKeyword.groovy:86)
	at com.kms.katalon.core.webui.keyword.builtin.ClickKeyword.execute(ClickKeyword.groovy:67)
	at com.kms.katalon.core.keyword.internal.KeywordExecutor.executeKeywordForPlatform(KeywordExecutor.groovy:53)
	at com.kms.katalon.core.webui.keyword.WebUiBuiltInKeywords.click(WebUiBuiltInKeywords.groovy:616)
	at com.kms.katalon.core.webui.keyword.WebUiBuiltInKeywords$click$1.call(Unknown Source)
	at TC001-Check Factsheet URL on home page.run(TC001-Check Factsheet URL on home page:22)
	at com.kms.katalon.core.main.ScriptEngine.run(ScriptEngine.java:194)
	at com.kms.katalon.core.main.ScriptEngine.runScriptAsRawText(ScriptEngine.java:119)
	at com.kms.katalon.core.main.TestCaseExecutor.runScript(TestCaseExecutor.java:328)
	at com.kms.katalon.core.main.TestCaseExecutor.doExecute(TestCaseExecutor.java:319)
	at com.kms.katalon.core.main.TestCaseExecutor.processExecutionPhase(TestCaseExecutor.java:298)
	at com.kms.katalon.core.main.TestCaseExecutor.accessMainPhase(TestCaseExecutor.java:290)
	at com.kms.katalon.core.main.TestCaseExecutor.execute(TestCaseExecutor.java:224)
	at com.kms.katalon.core.main.TestSuiteExecutor.accessTestCaseMainPhase(TestSuiteExecutor.java:129)
	at com.kms.katalon.core.main.TestSuiteExecutor.accessTestSuiteMainPhase(TestSuiteExecutor.java:112)
	at com.kms.katalon.core.main.TestSuiteExecutor.execute(TestSuiteExecutor.java:81)
	at com.kms.katalon.core.main.TestCaseMain.startTestSuite(TestCaseMain.java:149)
	at com.kms.katalon.core.main.TestCaseMain$startTestSuite$0.call(Unknown Source)
	at TempTestSuite1548931373892.run(TempTestSuite1548931373892.groovy:36)


2019-01-31 16:15:17 - [MESSAGE][FAILED] - Unable to click on object 'Object Repository/Home Page/a_Fact Sheet' (Root cause: org.openqa.selenium.ElementNotVisibleException: element not interactable
  (Session info: chrome=68.0.3440.85)
  (Driver info: chromedriver=2.42.591071 (0b695ff80972cc1a65a5cd643186d2ae582cd4ac),platform=Linux 3.19.8-100.fc20.x86_64 x86_64) (WARNING: The server did not provide any stacktrace information)
Command duration or timeout: 0 milliseconds
Build info: version: '3.7.1', revision: '8a0099a', time: '2017-11-06T21:07:36.161Z'
System info: host: 'AOHYDLT0059', ip: '10.10.12.73', os.name: 'Windows 10', os.arch: 'amd64', os.version: '10.0', java.version: '1.8.0_181'
Driver info: com.kms.katalon.selenium.driver.CRemoteWebDriver
Capabilities {browserName: chrome, chromeOptions: {args: [test-type, --proxy-server=http://194.1..., --disable-translate]}, databaseEnabled: false, deviceManufacturer: samsung, deviceModel: SM-N960F, deviceName: 2549e354910d7ece, deviceScreenSize: 1440x2960, deviceUDID: 2549e354910d7ece, enablePerformanceLogging: false, javascriptEnabled: true, locationContextEnabled: false, loggingPrefs: org.openqa.selenium.logging..., networkConnectionEnabled: true, newCommandTimeout: 300, platform: LINUX, platformName: LINUX, platformVersion: 8.1.0, realMobile: true, systemPort: 8206, takesScreenshot: true, udid: 2549e354910d7ece, warnings: {}, webStorageEnabled: false}
Session ID: a3aa1f9e47b7ec28362348bda1710644fa1fa338)
[[ATTACHMENT|D:\\Katalon_Studio_Windows_64-5.10.1\\projects\\IR Project\\Reports\\Mobile\\20190131_161253\\1548931512735.png]]

2019-01-31 16:15:17 - [MESSAGE][FAILED] - click(findTestObject("Home Page/a_Fact Sheet")) FAILED.
Reason:
com.kms.katalon.core.exception.StepFailedException: Unable to click on object 'Object Repository/Home Page/a_Fact Sheet' (Root cause: org.openqa.selenium.ElementNotVisibleException: element not interactable
  (Session info: chrome=68.0.3440.85)
  (Driver info: chromedriver=2.42.591071 (0b695ff80972cc1a65a5cd643186d2ae582cd4ac),platform=Linux 3.19.8-100.fc20.x86_64 x86_64) (WARNING: The server did not provide any stacktrace information)
Command duration or timeout: 0 milliseconds
Build info: version: '3.7.1', revision: '8a0099a', time: '2017-11-06T21:07:36.161Z'
System info: host: 'AOHYDLT0059', ip: '10.10.12.73', os.name: 'Windows 10', os.arch: 'amd64', os.version: '10.0', java.version: '1.8.0_181'
Driver info: com.kms.katalon.selenium.driver.CRemoteWebDriver
Capabilities {browserName: chrome, chromeOptions: {args: [test-type, --proxy-server=http://194.1..., --disable-translate]}, databaseEnabled: false, deviceManufacturer: samsung, deviceModel: SM-N960F, deviceName: 2549e354910d7ece, deviceScreenSize: 1440x2960, deviceUDID: 2549e354910d7ece, enablePerformanceLogging: false, javascriptEnabled: true, locationContextEnabled: false, loggingPrefs: org.openqa.selenium.logging..., networkConnectionEnabled: true, newCommandTimeout: 300, platform: LINUX, platformName: LINUX, platformVersion: 8.1.0, realMobile: true, systemPort: 8206, takesScreenshot: true, udid: 2549e354910d7ece, warnings: {}, webStorageEnabled: false}
Session ID: a3aa1f9e47b7ec28362348bda1710644fa1fa338)
	at com.kms.katalon.core.keyword.internal.KeywordMain.stepFailed(KeywordMain.groovy:36)
	at com.kms.katalon.core.webui.keyword.internal.WebUIKeywordMain.stepFailed(WebUIKeywordMain.groovy:65)
	at com.kms.katalon.core.webui.keyword.internal.WebUIKeywordMain.runKeyword(WebUIKeywordMain.groovy:27)
	at com.kms.katalon.core.webui.keyword.builtin.ClickKeyword.click(ClickKeyword.groovy:86)
	at com.kms.katalon.core.webui.keyword.builtin.ClickKeyword.execute(ClickKeyword.groovy:67)
	at com.kms.katalon.core.keyword.internal.KeywordExecutor.executeKeywordForPlatform(KeywordExecutor.groovy:53)
	at com.kms.katalon.core.webui.keyword.WebUiBuiltInKeywords.click(WebUiBuiltInKeywords.groovy:616)
	at com.kms.katalon.core.webui.keyword.WebUiBuiltInKeywords$click$1.call(Unknown Source)
	at TC001-Check Factsheet URL on home page.run(TC001-Check Factsheet URL on home page:22)
	at com.kms.katalon.core.main.ScriptEngine.run(ScriptEngine.java:194)
	at com.kms.katalon.core.main.ScriptEngine.runScriptAsRawText(ScriptEngine.java:119)
	at com.kms.katalon.core.main.TestCaseExecutor.runScript(TestCaseExecutor.java:328)
	at com.kms.katalon.core.main.TestCaseExecutor.doExecute(TestCaseExecutor.java:319)
	at com.kms.katalon.core.main.TestCaseExecutor.processExecutionPhase(TestCaseExecutor.java:298)
	at com.kms.katalon.core.main.TestCaseExecutor.accessMainPhase(TestCaseExecutor.java:290)
	at com.kms.katalon.core.main.TestCaseExecutor.execute(TestCaseExecutor.java:224)
	at com.kms.katalon.core.main.TestSuiteExecutor.accessTestCaseMainPhase(TestSuiteExecutor.java:129)
	at com.kms.katalon.core.main.TestSuiteExecutor.accessTestSuiteMainPhase(TestSuiteExecutor.java:112)
	at com.kms.katalon.core.main.TestSuiteExecutor.execute(TestSuiteExecutor.java:81)
	at com.kms.katalon.core.main.TestCaseMain.startTestSuite(TestCaseMain.java:149)
	at com.kms.katalon.core.main.TestCaseMain$startTestSuite$0.call(Unknown Source)
	at TempTestSuite1548931373892.run(TempTestSuite1548931373892.groovy:36)


2019-01-31 16:15:17 - [TEST_STEP][PASSED] - Start listener action : sampleAfterTestCase: null

2019-01-31 16:15:17 - [TEST_STEP][PASSED] - if (getTestCaseId().contains("Sample Tests")): null]]></system-out>
         <system-err><![CDATA[2019-01-31 16:14:12 - [TEST_CASE][FAILED] - Test Cases/TC001-Check Factsheet URL on home page: Test Cases/TC001-Check Factsheet URL on home page FAILED.
Reason:
com.kms.katalon.core.exception.StepFailedException: Unable to click on object 'Object Repository/Home Page/a_Fact Sheet' (Root cause: org.openqa.selenium.ElementNotVisibleException: element not interactable
  (Session info: chrome=68.0.3440.85)
  (Driver info: chromedriver=2.42.591071 (0b695ff80972cc1a65a5cd643186d2ae582cd4ac),platform=Linux 3.19.8-100.fc20.x86_64 x86_64) (WARNING: The server did not provide any stacktrace information)
Command duration or timeout: 0 milliseconds
Build info: version: '3.7.1', revision: '8a0099a', time: '2017-11-06T21:07:36.161Z'
System info: host: 'AOHYDLT0059', ip: '10.10.12.73', os.name: 'Windows 10', os.arch: 'amd64', os.version: '10.0', java.version: '1.8.0_181'
Driver info: com.kms.katalon.selenium.driver.CRemoteWebDriver
Capabilities {browserName: chrome, chromeOptions: {args: [test-type, --proxy-server=http://194.1..., --disable-translate]}, databaseEnabled: false, deviceManufacturer: samsung, deviceModel: SM-N960F, deviceName: 2549e354910d7ece, deviceScreenSize: 1440x2960, deviceUDID: 2549e354910d7ece, enablePerformanceLogging: false, javascriptEnabled: true, locationContextEnabled: false, loggingPrefs: org.openqa.selenium.logging..., networkConnectionEnabled: true, newCommandTimeout: 300, platform: LINUX, platformName: LINUX, platformVersion: 8.1.0, realMobile: true, systemPort: 8206, takesScreenshot: true, udid: 2549e354910d7ece, warnings: {}, webStorageEnabled: false}
Session ID: a3aa1f9e47b7ec28362348bda1710644fa1fa338)
	at com.kms.katalon.core.keyword.internal.KeywordMain.stepFailed(KeywordMain.groovy:36)
	at com.kms.katalon.core.webui.keyword.internal.WebUIKeywordMain.stepFailed(WebUIKeywordMain.groovy:65)
	at com.kms.katalon.core.webui.keyword.internal.WebUIKeywordMain.runKeyword(WebUIKeywordMain.groovy:27)
	at com.kms.katalon.core.webui.keyword.builtin.ClickKeyword.click(ClickKeyword.groovy:86)
	at com.kms.katalon.core.webui.keyword.builtin.ClickKeyword.execute(ClickKeyword.groovy:67)
	at com.kms.katalon.core.keyword.internal.KeywordExecutor.executeKeywordForPlatform(KeywordExecutor.groovy:53)
	at com.kms.katalon.core.webui.keyword.WebUiBuiltInKeywords.click(WebUiBuiltInKeywords.groovy:616)
	at com.kms.katalon.core.webui.keyword.WebUiBuiltInKeywords$click$1.call(Unknown Source)
	at TC001-Check Factsheet URL on home page.run(TC001-Check Factsheet URL on home page:22)
	at com.kms.katalon.core.main.ScriptEngine.run(ScriptEngine.java:194)
	at com.kms.katalon.core.main.ScriptEngine.runScriptAsRawText(ScriptEngine.java:119)
	at com.kms.katalon.core.main.TestCaseExecutor.runScript(TestCaseExecutor.java:328)
	at com.kms.katalon.core.main.TestCaseExecutor.doExecute(TestCaseExecutor.java:319)
	at com.kms.katalon.core.main.TestCaseExecutor.processExecutionPhase(TestCaseExecutor.java:298)
	at com.kms.katalon.core.main.TestCaseExecutor.accessMainPhase(TestCaseExecutor.java:290)
	at com.kms.katalon.core.main.TestCaseExecutor.execute(TestCaseExecutor.java:224)
	at com.kms.katalon.core.main.TestSuiteExecutor.accessTestCaseMainPhase(TestSuiteExecutor.java:129)
	at com.kms.katalon.core.main.TestSuiteExecutor.accessTestSuiteMainPhase(TestSuiteExecutor.java:112)
	at com.kms.katalon.core.main.TestSuiteExecutor.execute(TestSuiteExecutor.java:81)
	at com.kms.katalon.core.main.TestCaseMain.startTestSuite(TestCaseMain.java:149)
	at com.kms.katalon.core.main.TestCaseMain$startTestSuite$0.call(Unknown Source)
	at TempTestSuite1548931373892.run(TempTestSuite1548931373892.groovy:36)]]></system-err>
      </testcase>
      <system-out><![CDATA[2019-01-31 16:14:12 - [TEST_SUITE][FAILED] - Mobile: Test Cases/TC001-Check Factsheet URL on home page FAILED.
Reason:
com.kms.katalon.core.exception.StepFailedException: Unable to click on object 'Object Repository/Home Page/a_Fact Sheet' (Root cause: org.openqa.selenium.ElementNotVisibleException: element not interactable
  (Session info: chrome=68.0.3440.85)
  (Driver info: chromedriver=2.42.591071 (0b695ff80972cc1a65a5cd643186d2ae582cd4ac),platform=Linux 3.19.8-100.fc20.x86_64 x86_64) (WARNING: The server did not provide any stacktrace information)
Command duration or timeout: 0 milliseconds
Build info: version: '3.7.1', revision: '8a0099a', time: '2017-11-06T21:07:36.161Z'
System info: host: 'AOHYDLT0059', ip: '10.10.12.73', os.name: 'Windows 10', os.arch: 'amd64', os.version: '10.0', java.version: '1.8.0_181'
Driver info: com.kms.katalon.selenium.driver.CRemoteWebDriver
Capabilities {browserName: chrome, chromeOptions: {args: [test-type, --proxy-server=http://194.1..., --disable-translate]}, databaseEnabled: false, deviceManufacturer: samsung, deviceModel: SM-N960F, deviceName: 2549e354910d7ece, deviceScreenSize: 1440x2960, deviceUDID: 2549e354910d7ece, enablePerformanceLogging: false, javascriptEnabled: true, locationContextEnabled: false, loggingPrefs: org.openqa.selenium.logging..., networkConnectionEnabled: true, newCommandTimeout: 300, platform: LINUX, platformName: LINUX, platformVersion: 8.1.0, realMobile: true, systemPort: 8206, takesScreenshot: true, udid: 2549e354910d7ece, warnings: {}, webStorageEnabled: false}
Session ID: a3aa1f9e47b7ec28362348bda1710644fa1fa338)
	at com.kms.katalon.core.keyword.internal.KeywordMain.stepFailed(KeywordMain.groovy:36)
	at com.kms.katalon.core.webui.keyword.internal.WebUIKeywordMain.stepFailed(WebUIKeywordMain.groovy:65)
	at com.kms.katalon.core.webui.keyword.internal.WebUIKeywordMain.runKeyword(WebUIKeywordMain.groovy:27)
	at com.kms.katalon.core.webui.keyword.builtin.ClickKeyword.click(ClickKeyword.groovy:86)
	at com.kms.katalon.core.webui.keyword.builtin.ClickKeyword.execute(ClickKeyword.groovy:67)
	at com.kms.katalon.core.keyword.internal.KeywordExecutor.executeKeywordForPlatform(KeywordExecutor.groovy:53)
	at com.kms.katalon.core.webui.keyword.WebUiBuiltInKeywords.click(WebUiBuiltInKeywords.groovy:616)
	at com.kms.katalon.core.webui.keyword.WebUiBuiltInKeywords$click$1.call(Unknown Source)
	at TC001-Check Factsheet URL on home page.run(TC001-Check Factsheet URL on home page:22)
	at com.kms.katalon.core.main.ScriptEngine.run(ScriptEngine.java:194)
	at com.kms.katalon.core.main.ScriptEngine.runScriptAsRawText(ScriptEngine.java:119)
	at com.kms.katalon.core.main.TestCaseExecutor.runScript(TestCaseExecutor.java:328)
	at com.kms.katalon.core.main.TestCaseExecutor.doExecute(TestCaseExecutor.java:319)
	at com.kms.katalon.core.main.TestCaseExecutor.processExecutionPhase(TestCaseExecutor.java:298)
	at com.kms.katalon.core.main.TestCaseExecutor.accessMainPhase(TestCaseExecutor.java:290)
	at com.kms.katalon.core.main.TestCaseExecutor.execute(TestCaseExecutor.java:224)
	at com.kms.katalon.core.main.TestSuiteExecutor.accessTestCaseMainPhase(TestSuiteExecutor.java:129)
	at com.kms.katalon.core.main.TestSuiteExecutor.accessTestSuiteMainPhase(TestSuiteExecutor.java:112)
	at com.kms.katalon.core.main.TestSuiteExecutor.execute(TestSuiteExecutor.java:81)
	at com.kms.katalon.core.main.TestCaseMain.startTestSuite(TestCaseMain.java:149)
	at com.kms.katalon.core.main.TestCaseMain$startTestSuite$0.call(Unknown Source)
	at TempTestSuite1548931373892.run(TempTestSuite1548931373892.groovy:36)]]></system-out>
      <system-err><![CDATA[2019-01-31 16:14:12 - [TEST_SUITE][FAILED] - Mobile: Test Cases/TC001-Check Factsheet URL on home page FAILED.
Reason:
com.kms.katalon.core.exception.StepFailedException: Unable to click on object 'Object Repository/Home Page/a_Fact Sheet' (Root cause: org.openqa.selenium.ElementNotVisibleException: element not interactable
  (Session info: chrome=68.0.3440.85)
  (Driver info: chromedriver=2.42.591071 (0b695ff80972cc1a65a5cd643186d2ae582cd4ac),platform=Linux 3.19.8-100.fc20.x86_64 x86_64) (WARNING: The server did not provide any stacktrace information)
Command duration or timeout: 0 milliseconds
Build info: version: '3.7.1', revision: '8a0099a', time: '2017-11-06T21:07:36.161Z'
System info: host: 'AOHYDLT0059', ip: '10.10.12.73', os.name: 'Windows 10', os.arch: 'amd64', os.version: '10.0', java.version: '1.8.0_181'
Driver info: com.kms.katalon.selenium.driver.CRemoteWebDriver
Capabilities {browserName: chrome, chromeOptions: {args: [test-type, --proxy-server=http://194.1..., --disable-translate]}, databaseEnabled: false, deviceManufacturer: samsung, deviceModel: SM-N960F, deviceName: 2549e354910d7ece, deviceScreenSize: 1440x2960, deviceUDID: 2549e354910d7ece, enablePerformanceLogging: false, javascriptEnabled: true, locationContextEnabled: false, loggingPrefs: org.openqa.selenium.logging..., networkConnectionEnabled: true, newCommandTimeout: 300, platform: LINUX, platformName: LINUX, platformVersion: 8.1.0, realMobile: true, systemPort: 8206, takesScreenshot: true, udid: 2549e354910d7ece, warnings: {}, webStorageEnabled: false}
Session ID: a3aa1f9e47b7ec28362348bda1710644fa1fa338)
	at com.kms.katalon.core.keyword.internal.KeywordMain.stepFailed(KeywordMain.groovy:36)
	at com.kms.katalon.core.webui.keyword.internal.WebUIKeywordMain.stepFailed(WebUIKeywordMain.groovy:65)
	at com.kms.katalon.core.webui.keyword.internal.WebUIKeywordMain.runKeyword(WebUIKeywordMain.groovy:27)
	at com.kms.katalon.core.webui.keyword.builtin.ClickKeyword.click(ClickKeyword.groovy:86)
	at com.kms.katalon.core.webui.keyword.builtin.ClickKeyword.execute(ClickKeyword.groovy:67)
	at com.kms.katalon.core.keyword.internal.KeywordExecutor.executeKeywordForPlatform(KeywordExecutor.groovy:53)
	at com.kms.katalon.core.webui.keyword.WebUiBuiltInKeywords.click(WebUiBuiltInKeywords.groovy:616)
	at com.kms.katalon.core.webui.keyword.WebUiBuiltInKeywords$click$1.call(Unknown Source)
	at TC001-Check Factsheet URL on home page.run(TC001-Check Factsheet URL on home page:22)
	at com.kms.katalon.core.main.ScriptEngine.run(ScriptEngine.java:194)
	at com.kms.katalon.core.main.ScriptEngine.runScriptAsRawText(ScriptEngine.java:119)
	at com.kms.katalon.core.main.TestCaseExecutor.runScript(TestCaseExecutor.java:328)
	at com.kms.katalon.core.main.TestCaseExecutor.doExecute(TestCaseExecutor.java:319)
	at com.kms.katalon.core.main.TestCaseExecutor.processExecutionPhase(TestCaseExecutor.java:298)
	at com.kms.katalon.core.main.TestCaseExecutor.accessMainPhase(TestCaseExecutor.java:290)
	at com.kms.katalon.core.main.TestCaseExecutor.execute(TestCaseExecutor.java:224)
	at com.kms.katalon.core.main.TestSuiteExecutor.accessTestCaseMainPhase(TestSuiteExecutor.java:129)
	at com.kms.katalon.core.main.TestSuiteExecutor.accessTestSuiteMainPhase(TestSuiteExecutor.java:112)
	at com.kms.katalon.core.main.TestSuiteExecutor.execute(TestSuiteExecutor.java:81)
	at com.kms.katalon.core.main.TestCaseMain.startTestSuite(TestCaseMain.java:149)
	at com.kms.katalon.core.main.TestCaseMain$startTestSuite$0.call(Unknown Source)
	at TempTestSuite1548931373892.run(TempTestSuite1548931373892.groovy:36)]]></system-err>
   </testsuite>
</testsuites>
